Project Information                             c:\max2work\fifolifo\cache.rpt

MAX+plus II Compiler Report File
Version 9.01 07/30/98
Compiled: 03/17/19 10:29:41

Copyright (C) 1988-1998 Altera Corporation
Any megafunction design, and related net list (encrypted or decrypted),
support information, device programming or simulation file, and any other
associated documentation or information provided by Altera or a partner
under Altera's Megafunction Partnership Program may be used only to
program PLD devices (but not masked PLD devices) from Altera.  Any other
use of such megafunction design, net list, support information, device
programming or simulation file, or any other related documentation or
information is prohibited for any other purpose, including, but not
limited to modification, reverse engineering, de-compiling, or use with
any other silicon devices, unless such use is explicitly licensed under
a separate agreement with Altera or a megafunction partner.  Title to
the intellectual property, including patents, copyrights, trademarks,
trade secrets, or maskworks, embodied in any such megafunction design,
net list, support information, device programming or simulation file, or
any other related documentation or information provided by Altera or a
megafunction partner, remains with Altera, the megafunction partner, or
their respective licensors.  No other licenses, including any licenses
needed under any third party's intellectual property, are provided herein.



***** Project compilation was successful




** DEVICE SUMMARY **

Chip/                     Input Output Bidir  Memory  Memory  			 LCs
POF       Device          Pins  Pins   Pins   Bits % Utilized  LCs  % Utilized

cache     EPF10K10LC84-3   12     12     0    0         0  %    171      29 %

User Pins:                 12     12     0  



Project Information                             c:\max2work\fifolifo\cache.rpt

** FILE HIERARCHY **



|lpm_mux:17|
|lpm_mux:17|bypassff:sel_latency_ff0|
|lpm_mux:17|altshift:external_latency_ffs|
|lpm_mux:17|muxlut:135|
|lpm_mux:17|muxlut:135|muxlut:43|
|lpm_mux:17|muxlut:135|muxlut:60|
|lpm_mux:17|muxlut:135|muxlut:77|
|lpm_mux:17|muxlut:156|
|lpm_mux:17|muxlut:156|muxlut:43|
|lpm_mux:17|muxlut:156|muxlut:60|
|lpm_mux:17|muxlut:156|muxlut:77|
|lpm_mux:17|muxlut:177|
|lpm_mux:17|muxlut:177|muxlut:43|
|lpm_mux:17|muxlut:177|muxlut:60|
|lpm_mux:17|muxlut:177|muxlut:77|
|lpm_mux:17|muxlut:198|
|lpm_mux:17|muxlut:198|muxlut:43|
|lpm_mux:17|muxlut:198|muxlut:60|
|lpm_mux:17|muxlut:198|muxlut:77|
|lpm_mux:17|muxlut:219|
|lpm_mux:17|muxlut:219|muxlut:43|
|lpm_mux:17|muxlut:219|muxlut:60|
|lpm_mux:17|muxlut:219|muxlut:77|
|lpm_mux:17|muxlut:240|
|lpm_mux:17|muxlut:240|muxlut:43|
|lpm_mux:17|muxlut:240|muxlut:60|
|lpm_mux:17|muxlut:240|muxlut:77|
|lpm_mux:17|muxlut:261|
|lpm_mux:17|muxlut:261|muxlut:43|
|lpm_mux:17|muxlut:261|muxlut:60|
|lpm_mux:17|muxlut:261|muxlut:77|
|lpm_mux:17|muxlut:282|
|lpm_mux:17|muxlut:282|muxlut:43|
|lpm_mux:17|muxlut:282|muxlut:60|
|lpm_mux:17|muxlut:282|muxlut:77|
|cacheelement:120|
|cacheelement:120|dtrigger8x:3|
|cacheelement:120|dtrigger3x:9|
|cacheelement:120|lpm_compare:10|
|cacheelement:120|lpm_compare:10|comptree:comparator|
|cacheelement:120|lpm_compare:10|comptree:comparator|cmpchain:cmp_end|
|cacheelement:120|lpm_compare:10|comptree:comparator|cmpchain:cmp_end|comptree:comp|
|cacheelement:120|lpm_compare:10|comptree:comparator|cmpchain:cmp_end|comptree:comp|cmpchain:cmp0|
|cacheelement:120|lpm_compare:10|comptree:comparator|cmpchain:cmp_end|comptree:comp|cmpchain:cmp_end|
|cacheelement:120|lpm_compare:10|comptree:comparator|cmpchain:cmp_end|comptree:comp|comptree:sub_comptree|
|cacheelement:120|lpm_compare:10|comptree:comparator|cmpchain:cmp_end|comptree:comp|comptree:sub_comptree|cmpchain:cmp_end|
|cacheelement:120|lpm_compare:10|altshift:aeb_ext_lat_ffs|
|cacheelement:120|lpm_compare:10|altshift:agb_ext_lat_ffs|
|cacheelement:25|
|cacheelement:25|dtrigger8x:3|
|cacheelement:25|dtrigger3x:9|
|cacheelement:25|lpm_compare:10|
|cacheelement:25|lpm_compare:10|comptree:comparator|
|cacheelement:25|lpm_compare:10|comptree:comparator|cmpchain:cmp_end|
|cacheelement:25|lpm_compare:10|comptree:comparator|cmpchain:cmp_end|comptree:comp|
|cacheelement:25|lpm_compare:10|comptree:comparator|cmpchain:cmp_end|comptree:comp|cmpchain:cmp0|
|cacheelement:25|lpm_compare:10|comptree:comparator|cmpchain:cmp_end|comptree:comp|cmpchain:cmp_end|
|cacheelement:25|lpm_compare:10|comptree:comparator|cmpchain:cmp_end|comptree:comp|comptree:sub_comptree|
|cacheelement:25|lpm_compare:10|comptree:comparator|cmpchain:cmp_end|comptree:comp|comptree:sub_comptree|cmpchain:cmp_end|
|cacheelement:25|lpm_compare:10|altshift:aeb_ext_lat_ffs|
|cacheelement:25|lpm_compare:10|altshift:agb_ext_lat_ffs|
|cacheelement:26|
|cacheelement:26|dtrigger8x:3|
|cacheelement:26|dtrigger3x:9|
|cacheelement:26|lpm_compare:10|
|cacheelement:26|lpm_compare:10|comptree:comparator|
|cacheelement:26|lpm_compare:10|comptree:comparator|cmpchain:cmp_end|
|cacheelement:26|lpm_compare:10|comptree:comparator|cmpchain:cmp_end|comptree:comp|
|cacheelement:26|lpm_compare:10|comptree:comparator|cmpchain:cmp_end|comptree:comp|cmpchain:cmp0|
|cacheelement:26|lpm_compare:10|comptree:comparator|cmpchain:cmp_end|comptree:comp|cmpchain:cmp_end|
|cacheelement:26|lpm_compare:10|comptree:comparator|cmpchain:cmp_end|comptree:comp|comptree:sub_comptree|
|cacheelement:26|lpm_compare:10|comptree:comparator|cmpchain:cmp_end|comptree:comp|comptree:sub_comptree|cmpchain:cmp_end|
|cacheelement:26|lpm_compare:10|altshift:aeb_ext_lat_ffs|
|cacheelement:26|lpm_compare:10|altshift:agb_ext_lat_ffs|
|cacheelement:32|
|cacheelement:32|dtrigger8x:3|
|cacheelement:32|dtrigger3x:9|
|cacheelement:32|lpm_compare:10|
|cacheelement:32|lpm_compare:10|comptree:comparator|
|cacheelement:32|lpm_compare:10|comptree:comparator|cmpchain:cmp_end|
|cacheelement:32|lpm_compare:10|comptree:comparator|cmpchain:cmp_end|comptree:comp|
|cacheelement:32|lpm_compare:10|comptree:comparator|cmpchain:cmp_end|comptree:comp|cmpchain:cmp0|
|cacheelement:32|lpm_compare:10|comptree:comparator|cmpchain:cmp_end|comptree:comp|cmpchain:cmp_end|
|cacheelement:32|lpm_compare:10|comptree:comparator|cmpchain:cmp_end|comptree:comp|comptree:sub_comptree|
|cacheelement:32|lpm_compare:10|comptree:comparator|cmpchain:cmp_end|comptree:comp|comptree:sub_comptree|cmpchain:cmp_end|
|cacheelement:32|lpm_compare:10|altshift:aeb_ext_lat_ffs|
|cacheelement:32|lpm_compare:10|altshift:agb_ext_lat_ffs|
|cacheelement:31|
|cacheelement:31|dtrigger8x:3|
|cacheelement:31|dtrigger3x:9|
|cacheelement:31|lpm_compare:10|
|cacheelement:31|lpm_compare:10|comptree:comparator|
|cacheelement:31|lpm_compare:10|comptree:comparator|cmpchain:cmp_end|
|cacheelement:31|lpm_compare:10|comptree:comparator|cmpchain:cmp_end|comptree:comp|
|cacheelement:31|lpm_compare:10|comptree:comparator|cmpchain:cmp_end|comptree:comp|cmpchain:cmp0|
|cacheelement:31|lpm_compare:10|comptree:comparator|cmpchain:cmp_end|comptree:comp|cmpchain:cmp_end|
|cacheelement:31|lpm_compare:10|comptree:comparator|cmpchain:cmp_end|comptree:comp|comptree:sub_comptree|
|cacheelement:31|lpm_compare:10|comptree:comparator|cmpchain:cmp_end|comptree:comp|comptree:sub_comptree|cmpchain:cmp_end|
|cacheelement:31|lpm_compare:10|altshift:aeb_ext_lat_ffs|
|cacheelement:31|lpm_compare:10|altshift:agb_ext_lat_ffs|
|cacheelement:123|
|cacheelement:123|dtrigger8x:3|
|cacheelement:123|dtrigger3x:9|
|cacheelement:123|lpm_compare:10|
|cacheelement:123|lpm_compare:10|comptree:comparator|
|cacheelement:123|lpm_compare:10|comptree:comparator|cmpchain:cmp_end|
|cacheelement:123|lpm_compare:10|comptree:comparator|cmpchain:cmp_end|comptree:comp|
|cacheelement:123|lpm_compare:10|comptree:comparator|cmpchain:cmp_end|comptree:comp|cmpchain:cmp0|
|cacheelement:123|lpm_compare:10|comptree:comparator|cmpchain:cmp_end|comptree:comp|cmpchain:cmp_end|
|cacheelement:123|lpm_compare:10|comptree:comparator|cmpchain:cmp_end|comptree:comp|comptree:sub_comptree|
|cacheelement:123|lpm_compare:10|comptree:comparator|cmpchain:cmp_end|comptree:comp|comptree:sub_comptree|cmpchain:cmp_end|
|cacheelement:123|lpm_compare:10|altshift:aeb_ext_lat_ffs|
|cacheelement:123|lpm_compare:10|altshift:agb_ext_lat_ffs|
|cacheelement:122|
|cacheelement:122|dtrigger8x:3|
|cacheelement:122|dtrigger3x:9|
|cacheelement:122|lpm_compare:10|
|cacheelement:122|lpm_compare:10|comptree:comparator|
|cacheelement:122|lpm_compare:10|comptree:comparator|cmpchain:cmp_end|
|cacheelement:122|lpm_compare:10|comptree:comparator|cmpchain:cmp_end|comptree:comp|
|cacheelement:122|lpm_compare:10|comptree:comparator|cmpchain:cmp_end|comptree:comp|cmpchain:cmp0|
|cacheelement:122|lpm_compare:10|comptree:comparator|cmpchain:cmp_end|comptree:comp|cmpchain:cmp_end|
|cacheelement:122|lpm_compare:10|comptree:comparator|cmpchain:cmp_end|comptree:comp|comptree:sub_comptree|
|cacheelement:122|lpm_compare:10|comptree:comparator|cmpchain:cmp_end|comptree:comp|comptree:sub_comptree|cmpchain:cmp_end|
|cacheelement:122|lpm_compare:10|altshift:aeb_ext_lat_ffs|
|cacheelement:122|lpm_compare:10|altshift:agb_ext_lat_ffs|
|cacheelement:121|
|cacheelement:121|dtrigger8x:3|
|cacheelement:121|dtrigger3x:9|
|cacheelement:121|lpm_compare:10|
|cacheelement:121|lpm_compare:10|comptree:comparator|
|cacheelement:121|lpm_compare:10|comptree:comparator|cmpchain:cmp_end|
|cacheelement:121|lpm_compare:10|comptree:comparator|cmpchain:cmp_end|comptree:comp|
|cacheelement:121|lpm_compare:10|comptree:comparator|cmpchain:cmp_end|comptree:comp|cmpchain:cmp0|
|cacheelement:121|lpm_compare:10|comptree:comparator|cmpchain:cmp_end|comptree:comp|cmpchain:cmp_end|
|cacheelement:121|lpm_compare:10|comptree:comparator|cmpchain:cmp_end|comptree:comp|comptree:sub_comptree|
|cacheelement:121|lpm_compare:10|comptree:comparator|cmpchain:cmp_end|comptree:comp|comptree:sub_comptree|cmpchain:cmp_end|
|cacheelement:121|lpm_compare:10|altshift:aeb_ext_lat_ffs|
|cacheelement:121|lpm_compare:10|altshift:agb_ext_lat_ffs|
|lpm_decode:30|
|lpm_decode:30|altshift:external_latency_ffs|
|lpm_decode:30|declut:decoder|
|coderv2:158|
|busmux:159|
|busmux:159|lpm_mux:37|
|busmux:159|lpm_mux:37|altshift:external_latency_ffs|
|busmux:159|lpm_mux:37|muxlut:50|
|busmux:159|lpm_mux:37|muxlut:63|
|busmux:159|lpm_mux:37|muxlut:76|


Device-Specific Information:                    c:\max2work\fifolifo\cache.rpt
cache

***** Logic for device 'cache' compiled without errors.




Device: EPF10K10LC84-3

FLEX 10K Configuration Scheme: Passive Serial

Device Options:
    User-Supplied Start-Up Clock               = OFF
    Auto-Restart Configuration on Frame Error  = OFF
    Release Clears Before Tri-States           = OFF
    Enable Chip_Wide Reset                     = OFF
    Enable Chip-Wide Output Enable             = OFF
    Enable INIT_DONE Output                    = OFF
    JTAG User Code                             = 7f

                                                                         ^     
                                                                         C     
                R  R  R  R  R  R  R     R           R     R  R  R  R     O     
                E  E  E  E  E  E  E     E           E     E  E  E  E     N     
                S  S  S  S  S  S  S  V  S           S  G  S  S  S  S     F     
                E  E  E  E  E  E  E  C  E  a  a  a  E  N  E  E  E  E     _  ^  
                R  R  R  R  R  R  R  C  R  d  d  d  R  D  R  R  R  R  #  D  n  
                V  V  V  V  V  V  V  I  V  d  d  d  V  I  V  V  V  V  T  O  C  
                E  E  E  E  E  E  E  N  E  r  r  r  E  N  E  E  E  E  C  N  E  
                D  D  D  D  D  D  D  T  D  1  0  2  D  T  D  D  D  D  K  E  O  
              -----------------------------------------------------------------_ 
            /  11 10  9  8  7  6  5  4  3  2  1 84 83 82 81 80 79 78 77 76 75   | 
    ^DATA0 | 12                                                              74 | #TDO 
     ^DCLK | 13                                                              73 | data7 
      ^nCE | 14                                                              72 | data4 
      #TDI | 15                                                              71 | data2 
    Odata7 | 16                                                              70 | data0 
  RESERVED | 17                                                              69 | Odata2 
    Odata4 | 18                                                              68 | GNDINT 
    Odata0 | 19                                                              67 | Otag0 
    VCCINT | 20                                                              66 | Otag2 
  RESERVED | 21                                                              65 | hit 
     Otag1 | 22                        EPF10K10LC84-3                        64 | RESERVED 
  RESERVED | 23                                                              63 | VCCINT 
    Odata5 | 24                                                              62 | data6 
  RESERVED | 25                                                              61 | data1 
    GNDINT | 26                                                              60 | Odata3 
  RESERVED | 27                                                              59 | RESERVED 
  RESERVED | 28                                                              58 | RESERVED 
    Odata1 | 29                                                              57 | #TMS 
    Odata6 | 30                                                              56 | #nTRST 
    ^MSEL0 | 31                                                              55 | ^nSTATUS 
    ^MSEL1 | 32                                                              54 | RESERVED 
           |_  33 34 35 36 37 38 39 40 41 42 43 44 45 46 47 48 49 50 51 52 53  _| 
             ------------------------------------------------------------------ 
                V  ^  R  R  R  R  R  V  G  d  d  w  V  G  R  R  R  R  R  R  R  
                C  n  E  E  E  E  E  C  N  a  a  r  C  N  E  E  E  E  E  E  E  
                C  C  S  S  S  S  S  C  D  t  t     C  D  S  S  S  S  S  S  S  
                I  O  E  E  E  E  E  I  I  a  a     I  I  E  E  E  E  E  E  E  
                N  N  R  R  R  R  R  N  N  5  3     N  N  R  R  R  R  R  R  R  
                T  F  V  V  V  V  V  T  T           T  T  V  V  V  V  V  V  V  
                   I  E  E  E  E  E                       E  E  E  E  E  E  E  
                   G  D  D  D  D  D                       D  D  D  D  D  D  D  
                                                                               
                                                                               


N.C. = Not Connected.
VCCINT = Dedicated power pin, which MUST be connected to VCC (5.0 volts).
VCCIO = Dedicated power pin, which MUST be connected to VCC (5.0 volts).
GNDINT = Dedicated ground pin or unused dedicated input, which MUST be connected to GND.
GNDIO = Dedicated ground pin, which MUST be connected to GND.
RESERVED = Unused I/O pin, which MUST be left unconnected.

^ = Dedicated configuration pin.
+ = Reserved configuration pin, which is tri-stated during user mode.
* = Reserved configuration pin, which drives out in user mode.
PDn = Power Down pin. 
@ = Special-purpose pin. 
# = JTAG Boundary-Scan Testing/In-System Programming or Configuration Pin. The JTAG inputs (TMS, TCK, TDI) should be tied to VCC when not in use.
& = JTAG pin used for I/O. When used as user I/O, JTAG pins must be kept stable before and during configuration.  JTAG pin stability prevents accidental loading of JTAG instructions.


Device-Specific Information:                    c:\max2work\fifolifo\cache.rpt
cache

** RESOURCE USAGE **

Logic                Column       Row                                   
Array                Interconnect Interconnect         Clears/     External  
Block   Logic Cells  Driven       Driven       Clocks  Presets   Interconnect
A1       8/ 8(100%)   0/ 8(  0%)   2/ 8( 25%)    2/2    0/2      10/22( 45%)   
A2       8/ 8(100%)   0/ 8(  0%)   2/ 8( 25%)    2/2    0/2      10/22( 45%)   
A6       6/ 8( 75%)   0/ 8(  0%)   2/ 8( 25%)    2/2    0/2       6/22( 27%)   
A7       6/ 8( 75%)   0/ 8(  0%)   2/ 8( 25%)    2/2    0/2       6/22( 27%)   
A18      8/ 8(100%)   0/ 8(  0%)   2/ 8( 25%)    2/2    0/2      10/22( 45%)   
A19      8/ 8(100%)   0/ 8(  0%)   2/ 8( 25%)    2/2    0/2      10/22( 45%)   
A20      6/ 8( 75%)   0/ 8(  0%)   2/ 8( 25%)    2/2    0/2       6/22( 27%)   
A21      6/ 8( 75%)   0/ 8(  0%)   2/ 8( 25%)    2/2    0/2       6/22( 27%)   
B5       8/ 8(100%)   0/ 8(  0%)   1/ 8( 12%)    2/2    0/2      12/22( 54%)   
B6       1/ 8( 12%)   0/ 8(  0%)   1/ 8( 12%)    1/2    0/2       2/22(  9%)   
B7       3/ 8( 37%)   0/ 8(  0%)   1/ 8( 12%)    1/2    0/2       3/22( 13%)   
B8       2/ 8( 25%)   0/ 8(  0%)   2/ 8( 25%)    2/2    0/2       3/22( 13%)   
B9       6/ 8( 75%)   0/ 8(  0%)   2/ 8( 25%)    2/2    0/2       4/22( 18%)   
B10      1/ 8( 12%)   0/ 8(  0%)   1/ 8( 12%)    1/2    0/2       2/22(  9%)   
B11      1/ 8( 12%)   0/ 8(  0%)   1/ 8( 12%)    1/2    0/2       2/22(  9%)   
B12      1/ 8( 12%)   0/ 8(  0%)   1/ 8( 12%)    1/2    0/2       2/22(  9%)   
B14      8/ 8(100%)   1/ 8( 12%)   2/ 8( 25%)    1/2    0/2      10/22( 45%)   
B16      6/ 8( 75%)   1/ 8( 12%)   3/ 8( 37%)    2/2    0/2       8/22( 36%)   
B17      8/ 8(100%)   1/ 8( 12%)   2/ 8( 25%)    1/2    0/2       9/22( 40%)   
B19      6/ 8( 75%)   0/ 8(  0%)   3/ 8( 37%)    2/2    0/2       6/22( 27%)   
B22      7/ 8( 87%)   0/ 8(  0%)   2/ 8( 25%)    2/2    0/2       6/22( 27%)   
B23      1/ 8( 12%)   0/ 8(  0%)   1/ 8( 12%)    0/2    0/2       3/22( 13%)   
C3       8/ 8(100%)   0/ 8(  0%)   2/ 8( 25%)    2/2    0/2      10/22( 45%)   
C4       8/ 8(100%)   0/ 8(  0%)   2/ 8( 25%)    2/2    0/2      10/22( 45%)   
C10      6/ 8( 75%)   0/ 8(  0%)   2/ 8( 25%)    2/2    0/2       6/22( 27%)   
C11      6/ 8( 75%)   0/ 8(  0%)   2/ 8( 25%)    2/2    0/2       6/22( 27%)   
C13      3/ 8( 37%)   3/ 8( 37%)   3/ 8( 37%)    0/2    0/2       4/22( 18%)   
C14      1/ 8( 12%)   0/ 8(  0%)   1/ 8( 12%)    1/2    0/2       2/22(  9%)   
C15      6/ 8( 75%)   2/ 8( 25%)   0/ 8(  0%)    2/2    0/2       4/22( 18%)   
C16      2/ 8( 25%)   0/ 8(  0%)   2/ 8( 25%)    2/2    0/2       3/22( 13%)   
C17      2/ 8( 25%)   0/ 8(  0%)   2/ 8( 25%)    2/2    0/2       3/22( 13%)   
C18      8/ 8(100%)   0/ 8(  0%)   1/ 8( 12%)    2/2    0/2      12/22( 54%)   
C19      1/ 8( 12%)   0/ 8(  0%)   1/ 8( 12%)    1/2    0/2       2/22(  9%)   
C20      1/ 8( 12%)   1/ 8( 12%)   1/ 8( 12%)    0/2    0/2       4/22( 18%)   
C21      1/ 8( 12%)   1/ 8( 12%)   1/ 8( 12%)    0/2    0/2       4/22( 18%)   
C22      1/ 8( 12%)   1/ 8( 12%)   1/ 8( 12%)    0/2    0/2       4/22( 18%)   
C23      1/ 8( 12%)   1/ 8( 12%)   1/ 8( 12%)    0/2    0/2       4/22( 18%)   
C24      1/ 8( 12%)   1/ 8( 12%)   1/ 8( 12%)    0/2    0/2       4/22( 18%)   


Embedded             Column       Row                                   
Array     Embedded   Interconnect Interconnect         Read/      External  
Block     Cells      Driven       Driven       Clocks  Write    Interconnect


Total dedicated input pins used:                 6/6      (100%)
Total I/O pins used:                            18/53     ( 33%)
Total logic cells used:                        171/576    ( 29%)
Total embedded cells used:                       0/24     (  0%)
Total EABs used:                                 0/3      (  0%)
Average fan-in:                                 2.30/4    ( 57%)
Total fan-in:                                 395/2304    ( 17%)

Total input pins required:                      12
Total input I/O cell registers required:         0
Total output pins required:                     12
Total output I/O cell registers required:        0
Total buried I/O cell registers required:        0
Total bidirectional pins required:               0
Total reserved pins required                     0
Total logic cells required:                    171
Total flipflops required:                       88
Total packed registers required:                 0
Total logic cells in carry chains:               0
Total number of carry chains:                    0
Total logic cells in cascade chains:             0
Total number of cascade chains:                  0
Total single-pin Clock Enables required:         0
Total single-pin Output Enables required:        0

Synthesized logic cells:                        14/ 576   (  2%)

Logic Cell and Embedded Cell Counts

Column:  01  02  03  04  05  06  07  08  09  10  11  12  EA  13  14  15  16  17  18  19  20  21  22  23  24  Total(LC/EC)
 A:      8   8   0   0   0   6   6   0   0   0   0   0   0   0   0   0   0   0   8   8   6   6   0   0   0     56/0  
 B:      0   0   0   0   8   1   3   2   6   1   1   1   0   0   8   0   6   8   0   6   0   0   7   1   0     59/0  
 C:      0   0   8   8   0   0   0   0   0   6   6   0   0   3   1   6   2   2   8   1   1   1   1   1   1     56/0  

Total:   8   8   8   8   8   7   9   2   6   7   7   1   0   3   9   6   8  10  16  15   7   7   8   2   1    171/0  



Device-Specific Information:                    c:\max2work\fifolifo\cache.rpt
cache

** INPUTS **

                                                    Fan-In    Fan-Out
 Pin     LC     EC   Row  Col  Primitive    Code      INP  FBK  OUT  FBK  Name
   1      -     -    -    --      INPUT                0    0    0   17  addr0
   2      -     -    -    --      INPUT                0    0    0   17  addr1
  84      -     -    -    --      INPUT                0    0    0   17  addr2
  70      -     -    A    --      INPUT                0    0    0    8  data0
  61      -     -    C    --      INPUT                0    0    0    8  data1
  71      -     -    A    --      INPUT                0    0    0    8  data2
  43      -     -    -    --      INPUT                0    0    0    8  data3
  72      -     -    A    --      INPUT                0    0    0    8  data4
  42      -     -    -    --      INPUT                0    0    0    8  data5
  62      -     -    C    --      INPUT                0    0    0    8  data6
  73      -     -    A    --      INPUT                0    0    0    8  data7
  44      -     -    -    --      INPUT                0    0    0    8  wr


Code:

s = Synthesized pin or logic cell
+ = Synchronous flipflop
/ = Slow slew-rate output
! = NOT gate push-back
r = Fitter-inserted logic cell
@ = Uses single-pin Clock Enable
& = Uses single-pin Output Enable


Device-Specific Information:                    c:\max2work\fifolifo\cache.rpt
cache

** OUTPUTS **

       Fed By Fed By                                Fan-In    Fan-Out
 Pin     LC     EC   Row  Col  Primitive    Code      INP  FBK  OUT  FBK  Name
  65      -     -    B    --     OUTPUT                0    1    0    0  hit
  19      -     -    A    --     OUTPUT                0    1    0    0  Odata0
  29      -     -    C    --     OUTPUT                0    1    0    0  Odata1
  69      -     -    A    --     OUTPUT                0    1    0    0  Odata2
  60      -     -    C    --     OUTPUT                0    1    0    0  Odata3
  18      -     -    A    --     OUTPUT                0    1    0    0  Odata4
  24      -     -    B    --     OUTPUT                0    1    0    0  Odata5
  30      -     -    C    --     OUTPUT                0    1    0    0  Odata6
  16      -     -    A    --     OUTPUT                0    1    0    0  Odata7
  67      -     -    B    --     OUTPUT                0    1    0    0  Otag0
  22      -     -    B    --     OUTPUT                0    1    0    0  Otag1
  66      -     -    B    --     OUTPUT                0    1    0    0  Otag2


Code:

s = Synthesized pin or logic cell
+ = Synchronous flipflop
/ = Slow slew-rate output
! = NOT gate push-back
r = Fitter-inserted logic cell
@ = Uses single-pin Clock Enable
& = Uses single-pin Output Enable


Device-Specific Information:                    c:\max2work\fifolifo\cache.rpt
cache

** BURIED LOGIC **

                                                    Fan-In    Fan-Out
 IOC     LC     EC   Row  Col  Primitive    Code      INP  FBK  OUT  FBK  Name
   -      1     -    B    17        OR2                1    3    1   40  |BUSMUX:159|lpm_mux:37|muxlut:50|result_node
   -      2     -    B    14        OR2        !       1    2    1   40  |BUSMUX:159|lpm_mux:37|muxlut:63|result_node
   -      1     -    B    14        OR2    s           0    4    0    1  |BUSMUX:159|lpm_mux:37|muxlut:63|result_node~1
   -      3     -    B    16        OR2                1    3    1   24  |BUSMUX:159|lpm_mux:37|muxlut:76|result_node
   -      7     -    B    14       DFFE                1    1    0    1  |cacheelement:25|dtrigger3x:9|Q0 (|cacheelement:25|dtrigger3x:9|:12)
   -      3     -    B    14       DFFE                1    1    0    1  |cacheelement:25|dtrigger3x:9|Q1 (|cacheelement:25|dtrigger3x:9|:15)
   -      6     -    B    14       DFFE                1    1    0    1  |cacheelement:25|dtrigger3x:9|Q2 (|cacheelement:25|dtrigger3x:9|:16)
   -      8     -    A    01       DFFE                1    1    0    1  |cacheelement:25|dtrigger8x:3|Q0 (|cacheelement:25|dtrigger8x:3|:12)
   -      8     -    C    03       DFFE                1    1    0    1  |cacheelement:25|dtrigger8x:3|Q1 (|cacheelement:25|dtrigger8x:3|:15)
   -      8     -    A    18       DFFE                1    1    0    1  |cacheelement:25|dtrigger8x:3|Q2 (|cacheelement:25|dtrigger8x:3|:16)
   -      7     -    C    18       DFFE                1    1    0    1  |cacheelement:25|dtrigger8x:3|Q3 (|cacheelement:25|dtrigger8x:3|:17)
   -      7     -    A    18       DFFE                1    1    0    1  |cacheelement:25|dtrigger8x:3|Q4 (|cacheelement:25|dtrigger8x:3|:18)
   -      7     -    B    05       DFFE                1    1    0    1  |cacheelement:25|dtrigger8x:3|Q5 (|cacheelement:25|dtrigger8x:3|:19)
   -      6     -    C    03       DFFE                1    1    0    1  |cacheelement:25|dtrigger8x:3|Q6 (|cacheelement:25|dtrigger8x:3|:20)
   -      7     -    A    01       DFFE                1    1    0    1  |cacheelement:25|dtrigger8x:3|Q7 (|cacheelement:25|dtrigger8x:3|:21)
   -      5     -    B    14        OR2    s           2    2    0    1  |cacheelement:25|LPM_COMPARE:10|comptree:comparator|cmpchain:cmp_end|comptree:comp|comptree:sub_comptree|cmpchain:cmp_end|~39~1
   -      4     -    B    14        OR2                1    2    0    1  |cacheelement:25|LPM_COMPARE:10|comptree:comparator|cmpchain:cmp_end|comptree:comp|comptree:sub_comptree|cmpchain:cmp_end|:39
   -      6     -    B    19       DFFE                1    1    0    1  |cacheelement:26|dtrigger3x:9|Q0 (|cacheelement:26|dtrigger3x:9|:12)
   -      5     -    B    09       DFFE                1    1    0    1  |cacheelement:26|dtrigger3x:9|Q1 (|cacheelement:26|dtrigger3x:9|:15)
   -      6     -    B    09       DFFE                1    1    0    1  |cacheelement:26|dtrigger3x:9|Q2 (|cacheelement:26|dtrigger3x:9|:16)
   -      6     -    A    01       DFFE                1    1    0    1  |cacheelement:26|dtrigger8x:3|Q0 (|cacheelement:26|dtrigger8x:3|:12)
   -      5     -    C    03       DFFE                1    1    0    1  |cacheelement:26|dtrigger8x:3|Q1 (|cacheelement:26|dtrigger8x:3|:15)
   -      6     -    A    18       DFFE                1    1    0    1  |cacheelement:26|dtrigger8x:3|Q2 (|cacheelement:26|dtrigger8x:3|:16)
   -      2     -    C    16       DFFE                1    1    0    1  |cacheelement:26|dtrigger8x:3|Q3 (|cacheelement:26|dtrigger8x:3|:17)
   -      4     -    A    18       DFFE                1    1    0    1  |cacheelement:26|dtrigger8x:3|Q4 (|cacheelement:26|dtrigger8x:3|:18)
   -      2     -    B    12       DFFE                1    1    0    1  |cacheelement:26|dtrigger8x:3|Q5 (|cacheelement:26|dtrigger8x:3|:19)
   -      4     -    C    03       DFFE                1    1    0    1  |cacheelement:26|dtrigger8x:3|Q6 (|cacheelement:26|dtrigger8x:3|:20)
   -      4     -    A    01       DFFE                1    1    0    1  |cacheelement:26|dtrigger8x:3|Q7 (|cacheelement:26|dtrigger8x:3|:21)
   -      2     -    B    09        OR2    s           2    2    0    1  |cacheelement:26|LPM_COMPARE:10|comptree:comparator|cmpchain:cmp_end|comptree:comp|comptree:sub_comptree|cmpchain:cmp_end|~39~1
   -      2     -    B    19        OR2                1    2    0    2  |cacheelement:26|LPM_COMPARE:10|comptree:comparator|cmpchain:cmp_end|comptree:comp|comptree:sub_comptree|cmpchain:cmp_end|:39
   -      7     -    B    22       DFFE                1    1    0    1  |cacheelement:31|dtrigger3x:9|Q0 (|cacheelement:31|dtrigger3x:9|:12)
   -      3     -    B    07       DFFE                1    1    0    1  |cacheelement:31|dtrigger3x:9|Q1 (|cacheelement:31|dtrigger3x:9|:15)
   -      1     -    B    07       DFFE                1    1    0    1  |cacheelement:31|dtrigger3x:9|Q2 (|cacheelement:31|dtrigger3x:9|:16)
   -      2     -    A    07       DFFE                1    1    0    1  |cacheelement:31|dtrigger8x:3|Q0 (|cacheelement:31|dtrigger8x:3|:12)
   -      4     -    C    11       DFFE                1    1    0    1  |cacheelement:31|dtrigger8x:3|Q1 (|cacheelement:31|dtrigger8x:3|:15)
   -      4     -    A    21       DFFE                1    1    0    1  |cacheelement:31|dtrigger8x:3|Q2 (|cacheelement:31|dtrigger8x:3|:16)
   -      1     -    C    16       DFFE                1    1    0    1  |cacheelement:31|dtrigger8x:3|Q3 (|cacheelement:31|dtrigger8x:3|:17)
   -      3     -    A    21       DFFE                1    1    0    1  |cacheelement:31|dtrigger8x:3|Q4 (|cacheelement:31|dtrigger8x:3|:18)
   -      8     -    B    10       DFFE                1    1    0    1  |cacheelement:31|dtrigger8x:3|Q5 (|cacheelement:31|dtrigger8x:3|:19)
   -      3     -    C    11       DFFE                1    1    0    1  |cacheelement:31|dtrigger8x:3|Q6 (|cacheelement:31|dtrigger8x:3|:20)
   -      4     -    A    07       DFFE                1    1    0    1  |cacheelement:31|dtrigger8x:3|Q7 (|cacheelement:31|dtrigger8x:3|:21)
   -      2     -    B    07        OR2    s   !       2    2    0    1  |cacheelement:31|LPM_COMPARE:10|comptree:comparator|cmpchain:cmp_end|comptree:comp|comptree:sub_comptree|cmpchain:cmp_end|~39~1
   -      5     -    B    22        OR2                1    2    0    2  |cacheelement:31|LPM_COMPARE:10|comptree:comparator|cmpchain:cmp_end|comptree:comp|comptree:sub_comptree|cmpchain:cmp_end|:39
   -      4     -    B    19       DFFE                1    1    0    1  |cacheelement:32|dtrigger3x:9|Q0 (|cacheelement:32|dtrigger3x:9|:12)
   -      3     -    B    09       DFFE                1    1    0    1  |cacheelement:32|dtrigger3x:9|Q1 (|cacheelement:32|dtrigger3x:9|:15)
   -      4     -    B    09       DFFE                1    1    0    1  |cacheelement:32|dtrigger3x:9|Q2 (|cacheelement:32|dtrigger3x:9|:16)
   -      6     -    A    07       DFFE                1    1    0    1  |cacheelement:32|dtrigger8x:3|Q0 (|cacheelement:32|dtrigger8x:3|:12)
   -      6     -    C    11       DFFE                1    1    0    1  |cacheelement:32|dtrigger8x:3|Q1 (|cacheelement:32|dtrigger8x:3|:15)
   -      6     -    A    21       DFFE                1    1    0    1  |cacheelement:32|dtrigger8x:3|Q2 (|cacheelement:32|dtrigger8x:3|:16)
   -      2     -    C    17       DFFE                1    1    0    1  |cacheelement:32|dtrigger8x:3|Q3 (|cacheelement:32|dtrigger8x:3|:17)
   -      5     -    A    21       DFFE                1    1    0    1  |cacheelement:32|dtrigger8x:3|Q4 (|cacheelement:32|dtrigger8x:3|:18)
   -      1     -    B    06       DFFE                1    1    0    1  |cacheelement:32|dtrigger8x:3|Q5 (|cacheelement:32|dtrigger8x:3|:19)
   -      5     -    C    11       DFFE                1    1    0    1  |cacheelement:32|dtrigger8x:3|Q6 (|cacheelement:32|dtrigger8x:3|:20)
   -      5     -    A    07       DFFE                1    1    0    1  |cacheelement:32|dtrigger8x:3|Q7 (|cacheelement:32|dtrigger8x:3|:21)
   -      1     -    B    09        OR2    s   !       2    2    0    1  |cacheelement:32|LPM_COMPARE:10|comptree:comparator|cmpchain:cmp_end|comptree:comp|comptree:sub_comptree|cmpchain:cmp_end|~39~1
   -      5     -    B    19        OR2                1    2    0    2  |cacheelement:32|LPM_COMPARE:10|comptree:comparator|cmpchain:cmp_end|comptree:comp|comptree:sub_comptree|cmpchain:cmp_end|:39
   -      5     -    B    16       DFFE                1    1    0    1  |cacheelement:120|dtrigger3x:9|Q0 (|cacheelement:120|dtrigger3x:9|:12)
   -      6     -    C    15       DFFE                1    1    0    1  |cacheelement:120|dtrigger3x:9|Q1 (|cacheelement:120|dtrigger3x:9|:15)
   -      5     -    C    15       DFFE                1    1    0    1  |cacheelement:120|dtrigger3x:9|Q2 (|cacheelement:120|dtrigger3x:9|:16)
   -      6     -    A    06       DFFE                1    1    0    1  |cacheelement:120|dtrigger8x:3|Q0 (|cacheelement:120|dtrigger8x:3|:12)
   -      6     -    C    10       DFFE                1    1    0    1  |cacheelement:120|dtrigger8x:3|Q1 (|cacheelement:120|dtrigger8x:3|:15)
   -      6     -    A    20       DFFE                1    1    0    1  |cacheelement:120|dtrigger8x:3|Q2 (|cacheelement:120|dtrigger8x:3|:16)
   -      1     -    C    19       DFFE                1    1    0    1  |cacheelement:120|dtrigger8x:3|Q3 (|cacheelement:120|dtrigger8x:3|:17)
   -      5     -    A    20       DFFE                1    1    0    1  |cacheelement:120|dtrigger8x:3|Q4 (|cacheelement:120|dtrigger8x:3|:18)
   -      1     -    B    11       DFFE                1    1    0    1  |cacheelement:120|dtrigger8x:3|Q5 (|cacheelement:120|dtrigger8x:3|:19)
   -      3     -    C    10       DFFE                1    1    0    1  |cacheelement:120|dtrigger8x:3|Q6 (|cacheelement:120|dtrigger8x:3|:20)
   -      1     -    A    06       DFFE                1    1    0    1  |cacheelement:120|dtrigger8x:3|Q7 (|cacheelement:120|dtrigger8x:3|:21)
   -      1     -    C    15        OR2    s   !       2    2    0    1  |cacheelement:120|LPM_COMPARE:10|comptree:comparator|cmpchain:cmp_end|comptree:comp|comptree:sub_comptree|cmpchain:cmp_end|~39~1
   -      2     -    B    16        OR2                1    2    0    4  |cacheelement:120|LPM_COMPARE:10|comptree:comparator|cmpchain:cmp_end|comptree:comp|comptree:sub_comptree|cmpchain:cmp_end|:39
   -      4     -    B    16       DFFE                1    1    0    1  |cacheelement:121|dtrigger3x:9|Q0 (|cacheelement:121|dtrigger3x:9|:12)
   -      2     -    C    15       DFFE                1    1    0    1  |cacheelement:121|dtrigger3x:9|Q1 (|cacheelement:121|dtrigger3x:9|:15)
   -      4     -    C    15       DFFE                1    1    0    1  |cacheelement:121|dtrigger3x:9|Q2 (|cacheelement:121|dtrigger3x:9|:16)
   -      4     -    A    06       DFFE                1    1    0    1  |cacheelement:121|dtrigger8x:3|Q0 (|cacheelement:121|dtrigger8x:3|:12)
   -      4     -    C    10       DFFE                1    1    0    1  |cacheelement:121|dtrigger8x:3|Q1 (|cacheelement:121|dtrigger8x:3|:15)
   -      4     -    A    20       DFFE                1    1    0    1  |cacheelement:121|dtrigger8x:3|Q2 (|cacheelement:121|dtrigger8x:3|:16)
   -      1     -    C    14       DFFE                1    1    0    1  |cacheelement:121|dtrigger8x:3|Q3 (|cacheelement:121|dtrigger8x:3|:17)
   -      3     -    A    20       DFFE                1    1    0    1  |cacheelement:121|dtrigger8x:3|Q4 (|cacheelement:121|dtrigger8x:3|:18)
   -      1     -    B    08       DFFE                1    1    0    1  |cacheelement:121|dtrigger8x:3|Q5 (|cacheelement:121|dtrigger8x:3|:19)
   -      5     -    C    10       DFFE                1    1    0    1  |cacheelement:121|dtrigger8x:3|Q6 (|cacheelement:121|dtrigger8x:3|:20)
   -      5     -    A    06       DFFE                1    1    0    1  |cacheelement:121|dtrigger8x:3|Q7 (|cacheelement:121|dtrigger8x:3|:21)
   -      3     -    C    15        OR2    s   !       2    2    0    1  |cacheelement:121|LPM_COMPARE:10|comptree:comparator|cmpchain:cmp_end|comptree:comp|comptree:sub_comptree|cmpchain:cmp_end|~39~1
   -      1     -    B    16        OR2                1    2    0    4  |cacheelement:121|LPM_COMPARE:10|comptree:comparator|cmpchain:cmp_end|comptree:comp|comptree:sub_comptree|cmpchain:cmp_end|:39
   -      4     -    B    22       DFFE                1    1    0    1  |cacheelement:122|dtrigger3x:9|Q0 (|cacheelement:122|dtrigger3x:9|:12)
   -      6     -    B    22       DFFE                1    1    0    1  |cacheelement:122|dtrigger3x:9|Q1 (|cacheelement:122|dtrigger3x:9|:15)
   -      3     -    B    22       DFFE                1    1    0    1  |cacheelement:122|dtrigger3x:9|Q2 (|cacheelement:122|dtrigger3x:9|:16)
   -      3     -    A    02       DFFE                1    1    0    1  |cacheelement:122|dtrigger8x:3|Q0 (|cacheelement:122|dtrigger8x:3|:12)
   -      3     -    C    04       DFFE                1    1    0    1  |cacheelement:122|dtrigger8x:3|Q1 (|cacheelement:122|dtrigger8x:3|:15)
   -      2     -    A    19       DFFE                1    1    0    1  |cacheelement:122|dtrigger8x:3|Q2 (|cacheelement:122|dtrigger8x:3|:16)
   -      1     -    C    17       DFFE                1    1    0    1  |cacheelement:122|dtrigger8x:3|Q3 (|cacheelement:122|dtrigger8x:3|:17)
   -      3     -    A    19       DFFE                1    1    0    1  |cacheelement:122|dtrigger8x:3|Q4 (|cacheelement:122|dtrigger8x:3|:18)
   -      2     -    B    08       DFFE                1    1    0    1  |cacheelement:122|dtrigger8x:3|Q5 (|cacheelement:122|dtrigger8x:3|:19)
   -      1     -    C    04       DFFE                1    1    0    1  |cacheelement:122|dtrigger8x:3|Q6 (|cacheelement:122|dtrigger8x:3|:20)
   -      1     -    A    02       DFFE                1    1    0    1  |cacheelement:122|dtrigger8x:3|Q7 (|cacheelement:122|dtrigger8x:3|:21)
   -      2     -    B    22        OR2    s           2    2    0    1  |cacheelement:122|LPM_COMPARE:10|comptree:comparator|cmpchain:cmp_end|comptree:comp|comptree:sub_comptree|cmpchain:cmp_end|~39~1
   -      1     -    B    22        OR2                1    2    0    2  |cacheelement:122|LPM_COMPARE:10|comptree:comparator|cmpchain:cmp_end|comptree:comp|comptree:sub_comptree|cmpchain:cmp_end|:39
   -      3     -    B    17       DFFE                1    1    0    1  |cacheelement:123|dtrigger3x:9|Q0 (|cacheelement:123|dtrigger3x:9|:12)
   -      4     -    B    17       DFFE                1    1    0    1  |cacheelement:123|dtrigger3x:9|Q1 (|cacheelement:123|dtrigger3x:9|:15)
   -      5     -    B    17       DFFE                1    1    0    1  |cacheelement:123|dtrigger3x:9|Q2 (|cacheelement:123|dtrigger3x:9|:16)
   -      7     -    A    02       DFFE                1    1    0    1  |cacheelement:123|dtrigger8x:3|Q0 (|cacheelement:123|dtrigger8x:3|:12)
   -      7     -    C    04       DFFE                1    1    0    1  |cacheelement:123|dtrigger8x:3|Q1 (|cacheelement:123|dtrigger8x:3|:15)
   -      6     -    A    19       DFFE                1    1    0    1  |cacheelement:123|dtrigger8x:3|Q2 (|cacheelement:123|dtrigger8x:3|:16)
   -      8     -    C    18       DFFE                1    1    0    1  |cacheelement:123|dtrigger8x:3|Q3 (|cacheelement:123|dtrigger8x:3|:17)
   -      7     -    A    19       DFFE                1    1    0    1  |cacheelement:123|dtrigger8x:3|Q4 (|cacheelement:123|dtrigger8x:3|:18)
   -      8     -    B    05       DFFE                1    1    0    1  |cacheelement:123|dtrigger8x:3|Q5 (|cacheelement:123|dtrigger8x:3|:19)
   -      8     -    C    04       DFFE                1    1    0    1  |cacheelement:123|dtrigger8x:3|Q6 (|cacheelement:123|dtrigger8x:3|:20)
   -      8     -    A    02       DFFE                1    1    0    1  |cacheelement:123|dtrigger8x:3|Q7 (|cacheelement:123|dtrigger8x:3|:21)
   -      6     -    B    17        OR2    s           2    2    0    1  |cacheelement:123|LPM_COMPARE:10|comptree:comparator|cmpchain:cmp_end|comptree:comp|comptree:sub_comptree|cmpchain:cmp_end|~39~1
   -      7     -    B    17        OR2                1    2    0    2  |cacheelement:123|LPM_COMPARE:10|comptree:comparator|cmpchain:cmp_end|comptree:comp|comptree:sub_comptree|cmpchain:cmp_end|:39
   -      1     -    B    19        OR2    s           0    2    0    2  |coderv2:158|~21~1
   -      3     -    B    19        OR2    s   !       0    3    0    1  |coderv2:158|~29~1
   -      8     -    B    17        OR2    s   !       0    4    0    1  |coderv2:158|~29~2
   -      6     -    B    16        OR2    s   !       0    2    0    1  |coderv2:158|~35~1
   -      2     -    B    17        OR2    s   !       0    2    0    3  |coderv2:158|~35~2
   -      1     -    B    23        OR2                0    3    0    1  |coderv2:158|:35
   -      8     -    C    20       AND2                1    3    0   11  |LPM_DECODE:30|declut:decoder|anode0_3
   -      2     -    C    13       AND2                1    3    0   11  |LPM_DECODE:30|declut:decoder|anode1_3
   -      3     -    C    13       AND2                1    3    0   11  |LPM_DECODE:30|declut:decoder|anode2_3
   -      7     -    C    13       AND2                1    3    0   11  |LPM_DECODE:30|declut:decoder|anode3_3
   -      7     -    C    24       AND2                1    3    0   11  |LPM_DECODE:30|declut:decoder|anode4_3
   -      5     -    C    23       AND2                1    3    0   11  |LPM_DECODE:30|declut:decoder|anode5_3
   -      3     -    C    22       AND2                1    3    0   11  |LPM_DECODE:30|declut:decoder|anode6_3
   -      3     -    C    21       AND2                1    3    0   11  |LPM_DECODE:30|declut:decoder|anode7_3
   -      1     -    A    07        OR2                0    4    0    1  |LPM_MUX:17|muxlut:135|muxlut:43|:44
   -      5     -    A    01        OR2                0    4    0    1  |LPM_MUX:17|muxlut:135|muxlut:43|:49
   -      3     -    A    06        OR2                0    4    0    1  |LPM_MUX:17|muxlut:135|muxlut:60|:44
   -      5     -    A    02        OR2                0    4    0    1  |LPM_MUX:17|muxlut:135|muxlut:60|:49
   -      6     -    A    02        OR2                0    4    1    0  |LPM_MUX:17|muxlut:135|muxlut:77|result_node
   -      4     -    A    02       AND2                0    3    0    1  |LPM_MUX:17|muxlut:135|muxlut:77|:37
   -      2     -    C    11        OR2                0    4    0    1  |LPM_MUX:17|muxlut:156|muxlut:43|:44
   -      1     -    C    03        OR2                0    4    0    1  |LPM_MUX:17|muxlut:156|muxlut:43|:49
   -      1     -    C    10        OR2                0    4    0    1  |LPM_MUX:17|muxlut:156|muxlut:60|:44
   -      6     -    C    04        OR2                0    4    0    1  |LPM_MUX:17|muxlut:156|muxlut:60|:49
   -      5     -    C    04        OR2                0    4    1    0  |LPM_MUX:17|muxlut:156|muxlut:77|result_node
   -      4     -    C    04       AND2                0    3    0    1  |LPM_MUX:17|muxlut:156|muxlut:77|:37
   -      1     -    A    21        OR2                0    4    0    1  |LPM_MUX:17|muxlut:177|muxlut:43|:44
   -      1     -    A    18        OR2                0    4    0    1  |LPM_MUX:17|muxlut:177|muxlut:43|:49
   -      2     -    A    20        OR2                0    4    0    1  |LPM_MUX:17|muxlut:177|muxlut:60|:44
   -      4     -    A    19        OR2                0    4    0    1  |LPM_MUX:17|muxlut:177|muxlut:60|:49
   -      8     -    A    19        OR2                0    4    1    0  |LPM_MUX:17|muxlut:177|muxlut:77|result_node
   -      5     -    A    19       AND2                0    3    0    1  |LPM_MUX:17|muxlut:177|muxlut:77|:37
   -      6     -    C    18        OR2                0    4    0    1  |LPM_MUX:17|muxlut:198|muxlut:43|:44
   -      5     -    C    18        OR2                0    4    0    1  |LPM_MUX:17|muxlut:198|muxlut:43|:49
   -      4     -    C    18        OR2                0    4    0    1  |LPM_MUX:17|muxlut:198|muxlut:60|:44
   -      2     -    C    18        OR2                0    4    0    1  |LPM_MUX:17|muxlut:198|muxlut:60|:49
   -      3     -    C    18        OR2                0    4    1    0  |LPM_MUX:17|muxlut:198|muxlut:77|result_node
   -      1     -    C    18       AND2                0    3    0    1  |LPM_MUX:17|muxlut:198|muxlut:77|:37
   -      2     -    A    21        OR2                0    4    0    1  |LPM_MUX:17|muxlut:219|muxlut:43|:44
   -      3     -    A    18        OR2                0    4    0    1  |LPM_MUX:17|muxlut:219|muxlut:43|:49
   -      1     -    A    20        OR2                0    4    0    1  |LPM_MUX:17|muxlut:219|muxlut:60|:44
   -      1     -    A    19        OR2                0    4    0    1  |LPM_MUX:17|muxlut:219|muxlut:60|:49
   -      5     -    A    18        OR2                0    4    1    0  |LPM_MUX:17|muxlut:219|muxlut:77|result_node
   -      2     -    A    18       AND2                0    3    0    1  |LPM_MUX:17|muxlut:219|muxlut:77|:37
   -      5     -    B    05        OR2                0    4    0    1  |LPM_MUX:17|muxlut:240|muxlut:43|:44
   -      4     -    B    05        OR2                0    4    0    1  |LPM_MUX:17|muxlut:240|muxlut:43|:49
   -      3     -    B    05        OR2                0    4    0    1  |LPM_MUX:17|muxlut:240|muxlut:60|:44
   -      2     -    B    05        OR2                0    4    0    1  |LPM_MUX:17|muxlut:240|muxlut:60|:49
   -      6     -    B    05        OR2                0    4    1    0  |LPM_MUX:17|muxlut:240|muxlut:77|result_node
   -      1     -    B    05       AND2                0    3    0    1  |LPM_MUX:17|muxlut:240|muxlut:77|:37
   -      1     -    C    11        OR2                0    4    0    1  |LPM_MUX:17|muxlut:261|muxlut:43|:44
   -      3     -    C    03        OR2                0    4    0    1  |LPM_MUX:17|muxlut:261|muxlut:43|:49
   -      2     -    C    10        OR2                0    4    0    1  |LPM_MUX:17|muxlut:261|muxlut:60|:44
   -      2     -    C    04        OR2                0    4    0    1  |LPM_MUX:17|muxlut:261|muxlut:60|:49
   -      7     -    C    03        OR2                0    4    1    0  |LPM_MUX:17|muxlut:261|muxlut:77|result_node
   -      2     -    C    03       AND2                0    3    0    1  |LPM_MUX:17|muxlut:261|muxlut:77|:37
   -      3     -    A    07        OR2                0    4    0    1  |LPM_MUX:17|muxlut:282|muxlut:43|:44
   -      3     -    A    01        OR2                0    4    0    1  |LPM_MUX:17|muxlut:282|muxlut:43|:49
   -      2     -    A    06        OR2                0    4    0    1  |LPM_MUX:17|muxlut:282|muxlut:60|:44
   -      2     -    A    02        OR2                0    4    0    1  |LPM_MUX:17|muxlut:282|muxlut:60|:49
   -      1     -    A    01        OR2                0    4    1    0  |LPM_MUX:17|muxlut:282|muxlut:77|result_node
   -      2     -    A    01       AND2                0    3    0    1  |LPM_MUX:17|muxlut:282|muxlut:77|:37
   -      8     -    B    14        OR2                0    4    1    3  :124


Code:

s = Synthesized pin or logic cell
+ = Synchronous flipflop
/ = Slow slew-rate output
! = NOT gate push-back
r = Fitter-inserted logic cell
p = Packed register


Device-Specific Information:                    c:\max2work\fifolifo\cache.rpt
cache

** FASTTRACK INTERCONNECT UTILIZATION **

Row FastTrack Interconnect:

          Global         Left Half-      Right Half-
         FastTrack       FastTrack       FastTrack 
Row     Interconnect    Interconnect    Interconnect    Input Pins     Output Pins     Bidir Pins
A:      16/ 96( 16%)     8/ 48( 16%)     7/ 48( 14%)    4/16( 25%)      4/16( 25%)     0/16(  0%)
B:      14/ 96( 14%)     7/ 48( 14%)    12/ 48( 25%)    0/16(  0%)      5/16( 31%)     0/16(  0%)
C:      13/ 96( 13%)     8/ 48( 16%)     7/ 48( 14%)    2/16( 12%)      3/16( 18%)     0/16(  0%)


Column FastTrack Interconnect:

         FastTrack                                 
Column  Interconnect    Input Pins     Output Pins     Bidir Pins
01:      0/24(  0%)     0/4(  0%)      0/4(  0%)       0/4(  0%)
02:      0/24(  0%)     0/4(  0%)      0/4(  0%)       0/4(  0%)
03:      0/24(  0%)     0/4(  0%)      0/4(  0%)       0/4(  0%)
04:      0/24(  0%)     0/4(  0%)      0/4(  0%)       0/4(  0%)
05:      0/24(  0%)     0/4(  0%)      0/4(  0%)       0/4(  0%)
06:      0/24(  0%)     0/4(  0%)      0/4(  0%)       0/4(  0%)
07:      0/24(  0%)     0/4(  0%)      0/4(  0%)       0/4(  0%)
08:      0/24(  0%)     0/4(  0%)      0/4(  0%)       0/4(  0%)
09:      0/24(  0%)     0/4(  0%)      0/4(  0%)       0/4(  0%)
10:      0/24(  0%)     0/4(  0%)      0/4(  0%)       0/4(  0%)
11:      0/24(  0%)     0/4(  0%)      0/4(  0%)       0/4(  0%)
12:      0/24(  0%)     0/4(  0%)      0/4(  0%)       0/4(  0%)
13:      2/24(  8%)     0/4(  0%)      0/4(  0%)       0/4(  0%)
14:      2/24(  8%)     0/4(  0%)      0/4(  0%)       0/4(  0%)
15:      1/24(  4%)     0/4(  0%)      0/4(  0%)       0/4(  0%)
16:      2/24(  8%)     0/4(  0%)      0/4(  0%)       0/4(  0%)
17:      1/24(  4%)     0/4(  0%)      0/4(  0%)       0/4(  0%)
18:      0/24(  0%)     0/4(  0%)      0/4(  0%)       0/4(  0%)
19:      0/24(  0%)     0/4(  0%)      0/4(  0%)       0/4(  0%)
20:      1/24(  4%)     0/4(  0%)      0/4(  0%)       0/4(  0%)
21:      2/24(  8%)     0/4(  0%)      0/4(  0%)       0/4(  0%)
22:      0/24(  0%)     0/4(  0%)      0/4(  0%)       0/4(  0%)
23:      1/24(  4%)     0/4(  0%)      0/4(  0%)       0/4(  0%)
24:      1/24(  4%)     0/4(  0%)      0/4(  0%)       0/4(  0%)
EA:      0/24(  0%)     0/4(  0%)      0/4(  0%)       0/4(  0%)


Device-Specific Information:                    c:\max2work\fifolifo\cache.rpt
cache

** CLOCK SIGNALS **

Type     Fan-out       Name
LCELL       11         |LPM_DECODE:30|declut:decoder|anode0_3
LCELL       11         |LPM_DECODE:30|declut:decoder|anode1_3
LCELL       11         |LPM_DECODE:30|declut:decoder|anode2_3
LCELL       11         |LPM_DECODE:30|declut:decoder|anode3_3
LCELL       11         |LPM_DECODE:30|declut:decoder|anode4_3
LCELL       11         |LPM_DECODE:30|declut:decoder|anode5_3
LCELL       11         |LPM_DECODE:30|declut:decoder|anode6_3
LCELL       11         |LPM_DECODE:30|declut:decoder|anode7_3


Device-Specific Information:                    c:\max2work\fifolifo\cache.rpt
cache

** EQUATIONS **

addr0    : INPUT;
addr1    : INPUT;
addr2    : INPUT;
data0    : INPUT;
data1    : INPUT;
data2    : INPUT;
data3    : INPUT;
data4    : INPUT;
data5    : INPUT;
data6    : INPUT;
data7    : INPUT;
wr       : INPUT;

-- Node name is 'hit' 
-- Equation name is 'hit', type is output 
hit      =  _LC8_B14;

-- Node name is 'Odata0' 
-- Equation name is 'Odata0', type is output 
Odata0   =  _LC6_A2;

-- Node name is 'Odata1' 
-- Equation name is 'Odata1', type is output 
Odata1   =  _LC5_C4;

-- Node name is 'Odata2' 
-- Equation name is 'Odata2', type is output 
Odata2   =  _LC8_A19;

-- Node name is 'Odata3' 
-- Equation name is 'Odata3', type is output 
Odata3   =  _LC3_C18;

-- Node name is 'Odata4' 
-- Equation name is 'Odata4', type is output 
Odata4   =  _LC5_A18;

-- Node name is 'Odata5' 
-- Equation name is 'Odata5', type is output 
Odata5   =  _LC6_B5;

-- Node name is 'Odata6' 
-- Equation name is 'Odata6', type is output 
Odata6   =  _LC7_C3;

-- Node name is 'Odata7' 
-- Equation name is 'Odata7', type is output 
Odata7   =  _LC1_A1;

-- Node name is 'Otag0' 
-- Equation name is 'Otag0', type is output 
Otag0    =  _LC1_B17;

-- Node name is 'Otag1' 
-- Equation name is 'Otag1', type is output 
Otag1    =  _LC2_B14;

-- Node name is 'Otag2' 
-- Equation name is 'Otag2', type is output 
Otag2    =  _LC3_B16;

-- Node name is '|BUSMUX:159|lpm_mux:37|muxlut:50|result_node' from file "muxlut.tdf" line 128, column 40
-- Equation name is '_LC1_B17', type is buried 
_LC1_B17 = LCELL( _EQ001);
  _EQ001 =  _LC8_B14 & !_LC8_B17
         #  _LC2_B16 &  _LC8_B14
         #  addr0 & !_LC8_B14;

-- Node name is '|BUSMUX:159|lpm_mux:37|muxlut:63|result_node' from file "muxlut.tdf" line 128, column 40
-- Equation name is '_LC2_B14', type is buried 
!_LC2_B14 = _LC2_B14~NOT;
_LC2_B14~NOT = LCELL( _EQ002);
  _EQ002 =  _LC1_B14 &  _LC8_B14
         # !addr1 & !_LC8_B14;

-- Node name is '|BUSMUX:159|lpm_mux:37|muxlut:63|result_node~1' from file "muxlut.tdf" line 128, column 40
-- Equation name is '_LC1_B14', type is buried 
-- synthesized logic cell 
_LC1_B14 = LCELL( _EQ003);
  _EQ003 = !_LC1_B16 & !_LC1_B19 & !_LC2_B16
         # !_LC1_B16 & !_LC2_B16 & !_LC2_B17;

-- Node name is '|BUSMUX:159|lpm_mux:37|muxlut:76|result_node' from file "muxlut.tdf" line 128, column 40
-- Equation name is '_LC3_B16', type is buried 
_LC3_B16 = LCELL( _EQ004);
  _EQ004 = !_LC6_B16
         # !_LC2_B17
         #  addr2 & !_LC8_B14;

-- Node name is '|cacheelement:25|dtrigger3x:9|:12' = '|cacheelement:25|dtrigger3x:9|Q0' 
-- Equation name is '_LC7_B14', type is buried 
_LC7_B14 = DFFE( addr0,  _LC8_C20,  VCC,  VCC,  VCC);

-- Node name is '|cacheelement:25|dtrigger3x:9|:15' = '|cacheelement:25|dtrigger3x:9|Q1' 
-- Equation name is '_LC3_B14', type is buried 
_LC3_B14 = DFFE( addr1,  _LC8_C20,  VCC,  VCC,  VCC);

-- Node name is '|cacheelement:25|dtrigger3x:9|:16' = '|cacheelement:25|dtrigger3x:9|Q2' 
-- Equation name is '_LC6_B14', type is buried 
_LC6_B14 = DFFE( addr2,  _LC8_C20,  VCC,  VCC,  VCC);

-- Node name is '|cacheelement:25|dtrigger8x:3|:12' = '|cacheelement:25|dtrigger8x:3|Q0' 
-- Equation name is '_LC8_A1', type is buried 
_LC8_A1  = DFFE( data0,  _LC8_C20,  VCC,  VCC,  VCC);

-- Node name is '|cacheelement:25|dtrigger8x:3|:15' = '|cacheelement:25|dtrigger8x:3|Q1' 
-- Equation name is '_LC8_C3', type is buried 
_LC8_C3  = DFFE( data1,  _LC8_C20,  VCC,  VCC,  VCC);

-- Node name is '|cacheelement:25|dtrigger8x:3|:16' = '|cacheelement:25|dtrigger8x:3|Q2' 
-- Equation name is '_LC8_A18', type is buried 
_LC8_A18 = DFFE( data2,  _LC8_C20,  VCC,  VCC,  VCC);

-- Node name is '|cacheelement:25|dtrigger8x:3|:17' = '|cacheelement:25|dtrigger8x:3|Q3' 
-- Equation name is '_LC7_C18', type is buried 
_LC7_C18 = DFFE( data3,  _LC8_C20,  VCC,  VCC,  VCC);

-- Node name is '|cacheelement:25|dtrigger8x:3|:18' = '|cacheelement:25|dtrigger8x:3|Q4' 
-- Equation name is '_LC7_A18', type is buried 
_LC7_A18 = DFFE( data4,  _LC8_C20,  VCC,  VCC,  VCC);

-- Node name is '|cacheelement:25|dtrigger8x:3|:19' = '|cacheelement:25|dtrigger8x:3|Q5' 
-- Equation name is '_LC7_B5', type is buried 
_LC7_B5  = DFFE( data5,  _LC8_C20,  VCC,  VCC,  VCC);

-- Node name is '|cacheelement:25|dtrigger8x:3|:20' = '|cacheelement:25|dtrigger8x:3|Q6' 
-- Equation name is '_LC6_C3', type is buried 
_LC6_C3  = DFFE( data6,  _LC8_C20,  VCC,  VCC,  VCC);

-- Node name is '|cacheelement:25|dtrigger8x:3|:21' = '|cacheelement:25|dtrigger8x:3|Q7' 
-- Equation name is '_LC7_A1', type is buried 
_LC7_A1  = DFFE( data7,  _LC8_C20,  VCC,  VCC,  VCC);

-- Node name is '|cacheelement:25|LPM_COMPARE:10|comptree:comparator|cmpchain:cmp_end|comptree:comp|comptree:sub_comptree|cmpchain:cmp_end|~39~1' from file "cmpchain.tdf" line 470, column 33
-- Equation name is '_LC5_B14', type is buried 
-- synthesized logic cell 
_LC5_B14 = LCELL( _EQ005);
  _EQ005 =  addr1 &  addr2 &  _LC3_B14 &  _LC6_B14
         # !addr1 &  addr2 & !_LC3_B14 &  _LC6_B14
         #  addr1 & !addr2 &  _LC3_B14 & !_LC6_B14
         # !addr1 & !addr2 & !_LC3_B14 & !_LC6_B14;

-- Node name is '|cacheelement:25|LPM_COMPARE:10|comptree:comparator|cmpchain:cmp_end|comptree:comp|comptree:sub_comptree|cmpchain:cmp_end|:39' from file "cmpchain.tdf" line 470, column 33
-- Equation name is '_LC4_B14', type is buried 
_LC4_B14 = LCELL( _EQ006);
  _EQ006 =  addr0 &  _LC5_B14 &  _LC7_B14
         # !addr0 &  _LC5_B14 & !_LC7_B14;

-- Node name is '|cacheelement:26|dtrigger3x:9|:12' = '|cacheelement:26|dtrigger3x:9|Q0' 
-- Equation name is '_LC6_B19', type is buried 
_LC6_B19 = DFFE( addr0,  _LC2_C13,  VCC,  VCC,  VCC);

-- Node name is '|cacheelement:26|dtrigger3x:9|:15' = '|cacheelement:26|dtrigger3x:9|Q1' 
-- Equation name is '_LC5_B9', type is buried 
_LC5_B9  = DFFE( addr1,  _LC2_C13,  VCC,  VCC,  VCC);

-- Node name is '|cacheelement:26|dtrigger3x:9|:16' = '|cacheelement:26|dtrigger3x:9|Q2' 
-- Equation name is '_LC6_B9', type is buried 
_LC6_B9  = DFFE( addr2,  _LC2_C13,  VCC,  VCC,  VCC);

-- Node name is '|cacheelement:26|dtrigger8x:3|:12' = '|cacheelement:26|dtrigger8x:3|Q0' 
-- Equation name is '_LC6_A1', type is buried 
_LC6_A1  = DFFE( data0,  _LC2_C13,  VCC,  VCC,  VCC);

-- Node name is '|cacheelement:26|dtrigger8x:3|:15' = '|cacheelement:26|dtrigger8x:3|Q1' 
-- Equation name is '_LC5_C3', type is buried 
_LC5_C3  = DFFE( data1,  _LC2_C13,  VCC,  VCC,  VCC);

-- Node name is '|cacheelement:26|dtrigger8x:3|:16' = '|cacheelement:26|dtrigger8x:3|Q2' 
-- Equation name is '_LC6_A18', type is buried 
_LC6_A18 = DFFE( data2,  _LC2_C13,  VCC,  VCC,  VCC);

-- Node name is '|cacheelement:26|dtrigger8x:3|:17' = '|cacheelement:26|dtrigger8x:3|Q3' 
-- Equation name is '_LC2_C16', type is buried 
_LC2_C16 = DFFE( data3,  _LC2_C13,  VCC,  VCC,  VCC);

-- Node name is '|cacheelement:26|dtrigger8x:3|:18' = '|cacheelement:26|dtrigger8x:3|Q4' 
-- Equation name is '_LC4_A18', type is buried 
_LC4_A18 = DFFE( data4,  _LC2_C13,  VCC,  VCC,  VCC);

-- Node name is '|cacheelement:26|dtrigger8x:3|:19' = '|cacheelement:26|dtrigger8x:3|Q5' 
-- Equation name is '_LC2_B12', type is buried 
_LC2_B12 = DFFE( data5,  _LC2_C13,  VCC,  VCC,  VCC);

-- Node name is '|cacheelement:26|dtrigger8x:3|:20' = '|cacheelement:26|dtrigger8x:3|Q6' 
-- Equation name is '_LC4_C3', type is buried 
_LC4_C3  = DFFE( data6,  _LC2_C13,  VCC,  VCC,  VCC);

-- Node name is '|cacheelement:26|dtrigger8x:3|:21' = '|cacheelement:26|dtrigger8x:3|Q7' 
-- Equation name is '_LC4_A1', type is buried 
_LC4_A1  = DFFE( data7,  _LC2_C13,  VCC,  VCC,  VCC);

-- Node name is '|cacheelement:26|LPM_COMPARE:10|comptree:comparator|cmpchain:cmp_end|comptree:comp|comptree:sub_comptree|cmpchain:cmp_end|~39~1' from file "cmpchain.tdf" line 470, column 33
-- Equation name is '_LC2_B9', type is buried 
-- synthesized logic cell 
_LC2_B9  = LCELL( _EQ007);
  _EQ007 =  addr1 &  addr2 &  _LC5_B9 &  _LC6_B9
         # !addr1 &  addr2 & !_LC5_B9 &  _LC6_B9
         #  addr1 & !addr2 &  _LC5_B9 & !_LC6_B9
         # !addr1 & !addr2 & !_LC5_B9 & !_LC6_B9;

-- Node name is '|cacheelement:26|LPM_COMPARE:10|comptree:comparator|cmpchain:cmp_end|comptree:comp|comptree:sub_comptree|cmpchain:cmp_end|:39' from file "cmpchain.tdf" line 470, column 33
-- Equation name is '_LC2_B19', type is buried 
_LC2_B19 = LCELL( _EQ008);
  _EQ008 =  addr0 &  _LC2_B9 &  _LC6_B19
         # !addr0 &  _LC2_B9 & !_LC6_B19;

-- Node name is '|cacheelement:31|dtrigger3x:9|:12' = '|cacheelement:31|dtrigger3x:9|Q0' 
-- Equation name is '_LC7_B22', type is buried 
_LC7_B22 = DFFE( addr0,  _LC7_C13,  VCC,  VCC,  VCC);

-- Node name is '|cacheelement:31|dtrigger3x:9|:15' = '|cacheelement:31|dtrigger3x:9|Q1' 
-- Equation name is '_LC3_B7', type is buried 
_LC3_B7  = DFFE( addr1,  _LC7_C13,  VCC,  VCC,  VCC);

-- Node name is '|cacheelement:31|dtrigger3x:9|:16' = '|cacheelement:31|dtrigger3x:9|Q2' 
-- Equation name is '_LC1_B7', type is buried 
_LC1_B7  = DFFE( addr2,  _LC7_C13,  VCC,  VCC,  VCC);

-- Node name is '|cacheelement:31|dtrigger8x:3|:12' = '|cacheelement:31|dtrigger8x:3|Q0' 
-- Equation name is '_LC2_A7', type is buried 
_LC2_A7  = DFFE( data0,  _LC7_C13,  VCC,  VCC,  VCC);

-- Node name is '|cacheelement:31|dtrigger8x:3|:15' = '|cacheelement:31|dtrigger8x:3|Q1' 
-- Equation name is '_LC4_C11', type is buried 
_LC4_C11 = DFFE( data1,  _LC7_C13,  VCC,  VCC,  VCC);

-- Node name is '|cacheelement:31|dtrigger8x:3|:16' = '|cacheelement:31|dtrigger8x:3|Q2' 
-- Equation name is '_LC4_A21', type is buried 
_LC4_A21 = DFFE( data2,  _LC7_C13,  VCC,  VCC,  VCC);

-- Node name is '|cacheelement:31|dtrigger8x:3|:17' = '|cacheelement:31|dtrigger8x:3|Q3' 
-- Equation name is '_LC1_C16', type is buried 
_LC1_C16 = DFFE( data3,  _LC7_C13,  VCC,  VCC,  VCC);

-- Node name is '|cacheelement:31|dtrigger8x:3|:18' = '|cacheelement:31|dtrigger8x:3|Q4' 
-- Equation name is '_LC3_A21', type is buried 
_LC3_A21 = DFFE( data4,  _LC7_C13,  VCC,  VCC,  VCC);

-- Node name is '|cacheelement:31|dtrigger8x:3|:19' = '|cacheelement:31|dtrigger8x:3|Q5' 
-- Equation name is '_LC8_B10', type is buried 
_LC8_B10 = DFFE( data5,  _LC7_C13,  VCC,  VCC,  VCC);

-- Node name is '|cacheelement:31|dtrigger8x:3|:20' = '|cacheelement:31|dtrigger8x:3|Q6' 
-- Equation name is '_LC3_C11', type is buried 
_LC3_C11 = DFFE( data6,  _LC7_C13,  VCC,  VCC,  VCC);

-- Node name is '|cacheelement:31|dtrigger8x:3|:21' = '|cacheelement:31|dtrigger8x:3|Q7' 
-- Equation name is '_LC4_A7', type is buried 
_LC4_A7  = DFFE( data7,  _LC7_C13,  VCC,  VCC,  VCC);

-- Node name is '|cacheelement:31|LPM_COMPARE:10|comptree:comparator|cmpchain:cmp_end|comptree:comp|comptree:sub_comptree|cmpchain:cmp_end|~39~1' from file "cmpchain.tdf" line 470, column 33
-- Equation name is '_LC2_B7', type is buried 
-- synthesized logic cell 
!_LC2_B7 = _LC2_B7~NOT;
_LC2_B7~NOT = LCELL( _EQ009);
  _EQ009 =  addr1 &  addr2 &  _LC1_B7 &  _LC3_B7
         # !addr1 &  addr2 &  _LC1_B7 & !_LC3_B7
         #  addr1 & !addr2 & !_LC1_B7 &  _LC3_B7
         # !addr1 & !addr2 & !_LC1_B7 & !_LC3_B7;

-- Node name is '|cacheelement:31|LPM_COMPARE:10|comptree:comparator|cmpchain:cmp_end|comptree:comp|comptree:sub_comptree|cmpchain:cmp_end|:39' from file "cmpchain.tdf" line 470, column 33
-- Equation name is '_LC5_B22', type is buried 
_LC5_B22 = LCELL( _EQ010);
  _EQ010 =  addr0 & !_LC2_B7 &  _LC7_B22
         # !addr0 & !_LC2_B7 & !_LC7_B22;

-- Node name is '|cacheelement:32|dtrigger3x:9|:12' = '|cacheelement:32|dtrigger3x:9|Q0' 
-- Equation name is '_LC4_B19', type is buried 
_LC4_B19 = DFFE( addr0,  _LC3_C13,  VCC,  VCC,  VCC);

-- Node name is '|cacheelement:32|dtrigger3x:9|:15' = '|cacheelement:32|dtrigger3x:9|Q1' 
-- Equation name is '_LC3_B9', type is buried 
_LC3_B9  = DFFE( addr1,  _LC3_C13,  VCC,  VCC,  VCC);

-- Node name is '|cacheelement:32|dtrigger3x:9|:16' = '|cacheelement:32|dtrigger3x:9|Q2' 
-- Equation name is '_LC4_B9', type is buried 
_LC4_B9  = DFFE( addr2,  _LC3_C13,  VCC,  VCC,  VCC);

-- Node name is '|cacheelement:32|dtrigger8x:3|:12' = '|cacheelement:32|dtrigger8x:3|Q0' 
-- Equation name is '_LC6_A7', type is buried 
_LC6_A7  = DFFE( data0,  _LC3_C13,  VCC,  VCC,  VCC);

-- Node name is '|cacheelement:32|dtrigger8x:3|:15' = '|cacheelement:32|dtrigger8x:3|Q1' 
-- Equation name is '_LC6_C11', type is buried 
_LC6_C11 = DFFE( data1,  _LC3_C13,  VCC,  VCC,  VCC);

-- Node name is '|cacheelement:32|dtrigger8x:3|:16' = '|cacheelement:32|dtrigger8x:3|Q2' 
-- Equation name is '_LC6_A21', type is buried 
_LC6_A21 = DFFE( data2,  _LC3_C13,  VCC,  VCC,  VCC);

-- Node name is '|cacheelement:32|dtrigger8x:3|:17' = '|cacheelement:32|dtrigger8x:3|Q3' 
-- Equation name is '_LC2_C17', type is buried 
_LC2_C17 = DFFE( data3,  _LC3_C13,  VCC,  VCC,  VCC);

-- Node name is '|cacheelement:32|dtrigger8x:3|:18' = '|cacheelement:32|dtrigger8x:3|Q4' 
-- Equation name is '_LC5_A21', type is buried 
_LC5_A21 = DFFE( data4,  _LC3_C13,  VCC,  VCC,  VCC);

-- Node name is '|cacheelement:32|dtrigger8x:3|:19' = '|cacheelement:32|dtrigger8x:3|Q5' 
-- Equation name is '_LC1_B6', type is buried 
_LC1_B6  = DFFE( data5,  _LC3_C13,  VCC,  VCC,  VCC);

-- Node name is '|cacheelement:32|dtrigger8x:3|:20' = '|cacheelement:32|dtrigger8x:3|Q6' 
-- Equation name is '_LC5_C11', type is buried 
_LC5_C11 = DFFE( data6,  _LC3_C13,  VCC,  VCC,  VCC);

-- Node name is '|cacheelement:32|dtrigger8x:3|:21' = '|cacheelement:32|dtrigger8x:3|Q7' 
-- Equation name is '_LC5_A7', type is buried 
_LC5_A7  = DFFE( data7,  _LC3_C13,  VCC,  VCC,  VCC);

-- Node name is '|cacheelement:32|LPM_COMPARE:10|comptree:comparator|cmpchain:cmp_end|comptree:comp|comptree:sub_comptree|cmpchain:cmp_end|~39~1' from file "cmpchain.tdf" line 470, column 33
-- Equation name is '_LC1_B9', type is buried 
-- synthesized logic cell 
!_LC1_B9 = _LC1_B9~NOT;
_LC1_B9~NOT = LCELL( _EQ011);
  _EQ011 =  addr1 &  addr2 &  _LC3_B9 &  _LC4_B9
         # !addr1 &  addr2 & !_LC3_B9 &  _LC4_B9
         #  addr1 & !addr2 &  _LC3_B9 & !_LC4_B9
         # !addr1 & !addr2 & !_LC3_B9 & !_LC4_B9;

-- Node name is '|cacheelement:32|LPM_COMPARE:10|comptree:comparator|cmpchain:cmp_end|comptree:comp|comptree:sub_comptree|cmpchain:cmp_end|:39' from file "cmpchain.tdf" line 470, column 33
-- Equation name is '_LC5_B19', type is buried 
_LC5_B19 = LCELL( _EQ012);
  _EQ012 =  addr0 & !_LC1_B9 &  _LC4_B19
         # !addr0 & !_LC1_B9 & !_LC4_B19;

-- Node name is '|cacheelement:120|dtrigger3x:9|:12' = '|cacheelement:120|dtrigger3x:9|Q0' 
-- Equation name is '_LC5_B16', type is buried 
_LC5_B16 = DFFE( addr0,  _LC3_C21,  VCC,  VCC,  VCC);

-- Node name is '|cacheelement:120|dtrigger3x:9|:15' = '|cacheelement:120|dtrigger3x:9|Q1' 
-- Equation name is '_LC6_C15', type is buried 
_LC6_C15 = DFFE( addr1,  _LC3_C21,  VCC,  VCC,  VCC);

-- Node name is '|cacheelement:120|dtrigger3x:9|:16' = '|cacheelement:120|dtrigger3x:9|Q2' 
-- Equation name is '_LC5_C15', type is buried 
_LC5_C15 = DFFE( addr2,  _LC3_C21,  VCC,  VCC,  VCC);

-- Node name is '|cacheelement:120|dtrigger8x:3|:12' = '|cacheelement:120|dtrigger8x:3|Q0' 
-- Equation name is '_LC6_A6', type is buried 
_LC6_A6  = DFFE( data0,  _LC3_C21,  VCC,  VCC,  VCC);

-- Node name is '|cacheelement:120|dtrigger8x:3|:15' = '|cacheelement:120|dtrigger8x:3|Q1' 
-- Equation name is '_LC6_C10', type is buried 
_LC6_C10 = DFFE( data1,  _LC3_C21,  VCC,  VCC,  VCC);

-- Node name is '|cacheelement:120|dtrigger8x:3|:16' = '|cacheelement:120|dtrigger8x:3|Q2' 
-- Equation name is '_LC6_A20', type is buried 
_LC6_A20 = DFFE( data2,  _LC3_C21,  VCC,  VCC,  VCC);

-- Node name is '|cacheelement:120|dtrigger8x:3|:17' = '|cacheelement:120|dtrigger8x:3|Q3' 
-- Equation name is '_LC1_C19', type is buried 
_LC1_C19 = DFFE( data3,  _LC3_C21,  VCC,  VCC,  VCC);

-- Node name is '|cacheelement:120|dtrigger8x:3|:18' = '|cacheelement:120|dtrigger8x:3|Q4' 
-- Equation name is '_LC5_A20', type is buried 
_LC5_A20 = DFFE( data4,  _LC3_C21,  VCC,  VCC,  VCC);

-- Node name is '|cacheelement:120|dtrigger8x:3|:19' = '|cacheelement:120|dtrigger8x:3|Q5' 
-- Equation name is '_LC1_B11', type is buried 
_LC1_B11 = DFFE( data5,  _LC3_C21,  VCC,  VCC,  VCC);

-- Node name is '|cacheelement:120|dtrigger8x:3|:20' = '|cacheelement:120|dtrigger8x:3|Q6' 
-- Equation name is '_LC3_C10', type is buried 
_LC3_C10 = DFFE( data6,  _LC3_C21,  VCC,  VCC,  VCC);

-- Node name is '|cacheelement:120|dtrigger8x:3|:21' = '|cacheelement:120|dtrigger8x:3|Q7' 
-- Equation name is '_LC1_A6', type is buried 
_LC1_A6  = DFFE( data7,  _LC3_C21,  VCC,  VCC,  VCC);

-- Node name is '|cacheelement:120|LPM_COMPARE:10|comptree:comparator|cmpchain:cmp_end|comptree:comp|comptree:sub_comptree|cmpchain:cmp_end|~39~1' from file "cmpchain.tdf" line 470, column 33
-- Equation name is '_LC1_C15', type is buried 
-- synthesized logic cell 
!_LC1_C15 = _LC1_C15~NOT;
_LC1_C15~NOT = LCELL( _EQ013);
  _EQ013 =  addr1 &  addr2 &  _LC5_C15 &  _LC6_C15
         # !addr1 &  addr2 &  _LC5_C15 & !_LC6_C15
         #  addr1 & !addr2 & !_LC5_C15 &  _LC6_C15
         # !addr1 & !addr2 & !_LC5_C15 & !_LC6_C15;

-- Node name is '|cacheelement:120|LPM_COMPARE:10|comptree:comparator|cmpchain:cmp_end|comptree:comp|comptree:sub_comptree|cmpchain:cmp_end|:39' from file "cmpchain.tdf" line 470, column 33
-- Equation name is '_LC2_B16', type is buried 
_LC2_B16 = LCELL( _EQ014);
  _EQ014 =  addr0 & !_LC1_C15 &  _LC5_B16
         # !addr0 & !_LC1_C15 & !_LC5_B16;

-- Node name is '|cacheelement:121|dtrigger3x:9|:12' = '|cacheelement:121|dtrigger3x:9|Q0' 
-- Equation name is '_LC4_B16', type is buried 
_LC4_B16 = DFFE( addr0,  _LC3_C22,  VCC,  VCC,  VCC);

-- Node name is '|cacheelement:121|dtrigger3x:9|:15' = '|cacheelement:121|dtrigger3x:9|Q1' 
-- Equation name is '_LC2_C15', type is buried 
_LC2_C15 = DFFE( addr1,  _LC3_C22,  VCC,  VCC,  VCC);

-- Node name is '|cacheelement:121|dtrigger3x:9|:16' = '|cacheelement:121|dtrigger3x:9|Q2' 
-- Equation name is '_LC4_C15', type is buried 
_LC4_C15 = DFFE( addr2,  _LC3_C22,  VCC,  VCC,  VCC);

-- Node name is '|cacheelement:121|dtrigger8x:3|:12' = '|cacheelement:121|dtrigger8x:3|Q0' 
-- Equation name is '_LC4_A6', type is buried 
_LC4_A6  = DFFE( data0,  _LC3_C22,  VCC,  VCC,  VCC);

-- Node name is '|cacheelement:121|dtrigger8x:3|:15' = '|cacheelement:121|dtrigger8x:3|Q1' 
-- Equation name is '_LC4_C10', type is buried 
_LC4_C10 = DFFE( data1,  _LC3_C22,  VCC,  VCC,  VCC);

-- Node name is '|cacheelement:121|dtrigger8x:3|:16' = '|cacheelement:121|dtrigger8x:3|Q2' 
-- Equation name is '_LC4_A20', type is buried 
_LC4_A20 = DFFE( data2,  _LC3_C22,  VCC,  VCC,  VCC);

-- Node name is '|cacheelement:121|dtrigger8x:3|:17' = '|cacheelement:121|dtrigger8x:3|Q3' 
-- Equation name is '_LC1_C14', type is buried 
_LC1_C14 = DFFE( data3,  _LC3_C22,  VCC,  VCC,  VCC);

-- Node name is '|cacheelement:121|dtrigger8x:3|:18' = '|cacheelement:121|dtrigger8x:3|Q4' 
-- Equation name is '_LC3_A20', type is buried 
_LC3_A20 = DFFE( data4,  _LC3_C22,  VCC,  VCC,  VCC);

-- Node name is '|cacheelement:121|dtrigger8x:3|:19' = '|cacheelement:121|dtrigger8x:3|Q5' 
-- Equation name is '_LC1_B8', type is buried 
_LC1_B8  = DFFE( data5,  _LC3_C22,  VCC,  VCC,  VCC);

-- Node name is '|cacheelement:121|dtrigger8x:3|:20' = '|cacheelement:121|dtrigger8x:3|Q6' 
-- Equation name is '_LC5_C10', type is buried 
_LC5_C10 = DFFE( data6,  _LC3_C22,  VCC,  VCC,  VCC);

-- Node name is '|cacheelement:121|dtrigger8x:3|:21' = '|cacheelement:121|dtrigger8x:3|Q7' 
-- Equation name is '_LC5_A6', type is buried 
_LC5_A6  = DFFE( data7,  _LC3_C22,  VCC,  VCC,  VCC);

-- Node name is '|cacheelement:121|LPM_COMPARE:10|comptree:comparator|cmpchain:cmp_end|comptree:comp|comptree:sub_comptree|cmpchain:cmp_end|~39~1' from file "cmpchain.tdf" line 470, column 33
-- Equation name is '_LC3_C15', type is buried 
-- synthesized logic cell 
!_LC3_C15 = _LC3_C15~NOT;
_LC3_C15~NOT = LCELL( _EQ015);
  _EQ015 =  addr1 &  addr2 &  _LC2_C15 &  _LC4_C15
         # !addr1 &  addr2 & !_LC2_C15 &  _LC4_C15
         #  addr1 & !addr2 &  _LC2_C15 & !_LC4_C15
         # !addr1 & !addr2 & !_LC2_C15 & !_LC4_C15;

-- Node name is '|cacheelement:121|LPM_COMPARE:10|comptree:comparator|cmpchain:cmp_end|comptree:comp|comptree:sub_comptree|cmpchain:cmp_end|:39' from file "cmpchain.tdf" line 470, column 33
-- Equation name is '_LC1_B16', type is buried 
_LC1_B16 = LCELL( _EQ016);
  _EQ016 =  addr0 & !_LC3_C15 &  _LC4_B16
         # !addr0 & !_LC3_C15 & !_LC4_B16;

-- Node name is '|cacheelement:122|dtrigger3x:9|:12' = '|cacheelement:122|dtrigger3x:9|Q0' 
-- Equation name is '_LC4_B22', type is buried 
_LC4_B22 = DFFE( addr0,  _LC5_C23,  VCC,  VCC,  VCC);

-- Node name is '|cacheelement:122|dtrigger3x:9|:15' = '|cacheelement:122|dtrigger3x:9|Q1' 
-- Equation name is '_LC6_B22', type is buried 
_LC6_B22 = DFFE( addr1,  _LC5_C23,  VCC,  VCC,  VCC);

-- Node name is '|cacheelement:122|dtrigger3x:9|:16' = '|cacheelement:122|dtrigger3x:9|Q2' 
-- Equation name is '_LC3_B22', type is buried 
_LC3_B22 = DFFE( addr2,  _LC5_C23,  VCC,  VCC,  VCC);

-- Node name is '|cacheelement:122|dtrigger8x:3|:12' = '|cacheelement:122|dtrigger8x:3|Q0' 
-- Equation name is '_LC3_A2', type is buried 
_LC3_A2  = DFFE( data0,  _LC5_C23,  VCC,  VCC,  VCC);

-- Node name is '|cacheelement:122|dtrigger8x:3|:15' = '|cacheelement:122|dtrigger8x:3|Q1' 
-- Equation name is '_LC3_C4', type is buried 
_LC3_C4  = DFFE( data1,  _LC5_C23,  VCC,  VCC,  VCC);

-- Node name is '|cacheelement:122|dtrigger8x:3|:16' = '|cacheelement:122|dtrigger8x:3|Q2' 
-- Equation name is '_LC2_A19', type is buried 
_LC2_A19 = DFFE( data2,  _LC5_C23,  VCC,  VCC,  VCC);

-- Node name is '|cacheelement:122|dtrigger8x:3|:17' = '|cacheelement:122|dtrigger8x:3|Q3' 
-- Equation name is '_LC1_C17', type is buried 
_LC1_C17 = DFFE( data3,  _LC5_C23,  VCC,  VCC,  VCC);

-- Node name is '|cacheelement:122|dtrigger8x:3|:18' = '|cacheelement:122|dtrigger8x:3|Q4' 
-- Equation name is '_LC3_A19', type is buried 
_LC3_A19 = DFFE( data4,  _LC5_C23,  VCC,  VCC,  VCC);

-- Node name is '|cacheelement:122|dtrigger8x:3|:19' = '|cacheelement:122|dtrigger8x:3|Q5' 
-- Equation name is '_LC2_B8', type is buried 
_LC2_B8  = DFFE( data5,  _LC5_C23,  VCC,  VCC,  VCC);

-- Node name is '|cacheelement:122|dtrigger8x:3|:20' = '|cacheelement:122|dtrigger8x:3|Q6' 
-- Equation name is '_LC1_C4', type is buried 
_LC1_C4  = DFFE( data6,  _LC5_C23,  VCC,  VCC,  VCC);

-- Node name is '|cacheelement:122|dtrigger8x:3|:21' = '|cacheelement:122|dtrigger8x:3|Q7' 
-- Equation name is '_LC1_A2', type is buried 
_LC1_A2  = DFFE( data7,  _LC5_C23,  VCC,  VCC,  VCC);

-- Node name is '|cacheelement:122|LPM_COMPARE:10|comptree:comparator|cmpchain:cmp_end|comptree:comp|comptree:sub_comptree|cmpchain:cmp_end|~39~1' from file "cmpchain.tdf" line 470, column 33
-- Equation name is '_LC2_B22', type is buried 
-- synthesized logic cell 
_LC2_B22 = LCELL( _EQ017);
  _EQ017 =  addr1 &  addr2 &  _LC3_B22 &  _LC6_B22
         # !addr1 &  addr2 &  _LC3_B22 & !_LC6_B22
         #  addr1 & !addr2 & !_LC3_B22 &  _LC6_B22
         # !addr1 & !addr2 & !_LC3_B22 & !_LC6_B22;

-- Node name is '|cacheelement:122|LPM_COMPARE:10|comptree:comparator|cmpchain:cmp_end|comptree:comp|comptree:sub_comptree|cmpchain:cmp_end|:39' from file "cmpchain.tdf" line 470, column 33
-- Equation name is '_LC1_B22', type is buried 
_LC1_B22 = LCELL( _EQ018);
  _EQ018 =  addr0 &  _LC2_B22 &  _LC4_B22
         # !addr0 &  _LC2_B22 & !_LC4_B22;

-- Node name is '|cacheelement:123|dtrigger3x:9|:12' = '|cacheelement:123|dtrigger3x:9|Q0' 
-- Equation name is '_LC3_B17', type is buried 
_LC3_B17 = DFFE( addr0,  _LC7_C24,  VCC,  VCC,  VCC);

-- Node name is '|cacheelement:123|dtrigger3x:9|:15' = '|cacheelement:123|dtrigger3x:9|Q1' 
-- Equation name is '_LC4_B17', type is buried 
_LC4_B17 = DFFE( addr1,  _LC7_C24,  VCC,  VCC,  VCC);

-- Node name is '|cacheelement:123|dtrigger3x:9|:16' = '|cacheelement:123|dtrigger3x:9|Q2' 
-- Equation name is '_LC5_B17', type is buried 
_LC5_B17 = DFFE( addr2,  _LC7_C24,  VCC,  VCC,  VCC);

-- Node name is '|cacheelement:123|dtrigger8x:3|:12' = '|cacheelement:123|dtrigger8x:3|Q0' 
-- Equation name is '_LC7_A2', type is buried 
_LC7_A2  = DFFE( data0,  _LC7_C24,  VCC,  VCC,  VCC);

-- Node name is '|cacheelement:123|dtrigger8x:3|:15' = '|cacheelement:123|dtrigger8x:3|Q1' 
-- Equation name is '_LC7_C4', type is buried 
_LC7_C4  = DFFE( data1,  _LC7_C24,  VCC,  VCC,  VCC);

-- Node name is '|cacheelement:123|dtrigger8x:3|:16' = '|cacheelement:123|dtrigger8x:3|Q2' 
-- Equation name is '_LC6_A19', type is buried 
_LC6_A19 = DFFE( data2,  _LC7_C24,  VCC,  VCC,  VCC);

-- Node name is '|cacheelement:123|dtrigger8x:3|:17' = '|cacheelement:123|dtrigger8x:3|Q3' 
-- Equation name is '_LC8_C18', type is buried 
_LC8_C18 = DFFE( data3,  _LC7_C24,  VCC,  VCC,  VCC);

-- Node name is '|cacheelement:123|dtrigger8x:3|:18' = '|cacheelement:123|dtrigger8x:3|Q4' 
-- Equation name is '_LC7_A19', type is buried 
_LC7_A19 = DFFE( data4,  _LC7_C24,  VCC,  VCC,  VCC);

-- Node name is '|cacheelement:123|dtrigger8x:3|:19' = '|cacheelement:123|dtrigger8x:3|Q5' 
-- Equation name is '_LC8_B5', type is buried 
_LC8_B5  = DFFE( data5,  _LC7_C24,  VCC,  VCC,  VCC);

-- Node name is '|cacheelement:123|dtrigger8x:3|:20' = '|cacheelement:123|dtrigger8x:3|Q6' 
-- Equation name is '_LC8_C4', type is buried 
_LC8_C4  = DFFE( data6,  _LC7_C24,  VCC,  VCC,  VCC);

-- Node name is '|cacheelement:123|dtrigger8x:3|:21' = '|cacheelement:123|dtrigger8x:3|Q7' 
-- Equation name is '_LC8_A2', type is buried 
_LC8_A2  = DFFE( data7,  _LC7_C24,  VCC,  VCC,  VCC);

-- Node name is '|cacheelement:123|LPM_COMPARE:10|comptree:comparator|cmpchain:cmp_end|comptree:comp|comptree:sub_comptree|cmpchain:cmp_end|~39~1' from file "cmpchain.tdf" line 470, column 33
-- Equation name is '_LC6_B17', type is buried 
-- synthesized logic cell 
_LC6_B17 = LCELL( _EQ019);
  _EQ019 =  addr1 &  addr2 &  _LC4_B17 &  _LC5_B17
         # !addr1 &  addr2 & !_LC4_B17 &  _LC5_B17
         #  addr1 & !addr2 &  _LC4_B17 & !_LC5_B17
         # !addr1 & !addr2 & !_LC4_B17 & !_LC5_B17;

-- Node name is '|cacheelement:123|LPM_COMPARE:10|comptree:comparator|cmpchain:cmp_end|comptree:comp|comptree:sub_comptree|cmpchain:cmp_end|:39' from file "cmpchain.tdf" line 470, column 33
-- Equation name is '_LC7_B17', type is buried 
_LC7_B17 = LCELL( _EQ020);
  _EQ020 =  addr0 &  _LC3_B17 &  _LC6_B17
         # !addr0 & !_LC3_B17 &  _LC6_B17;

-- Node name is '|coderv2:158|~21~1' 
-- Equation name is '_LC1_B19', type is buried 
-- synthesized logic cell 
_LC1_B19 = LCELL( _EQ021);
  _EQ021 =  _LC5_B19
         #  _LC5_B22;

-- Node name is '|coderv2:158|~29~1' 
-- Equation name is '_LC3_B19', type is buried 
-- synthesized logic cell 
!_LC3_B19 = _LC3_B19~NOT;
_LC3_B19~NOT = LCELL( _EQ022);
  _EQ022 =  _LC2_B19 & !_LC5_B19
         #  _LC5_B22;

-- Node name is '|coderv2:158|~29~2' 
-- Equation name is '_LC8_B17', type is buried 
-- synthesized logic cell 
!_LC8_B17 = _LC8_B17~NOT;
_LC8_B17~NOT = LCELL( _EQ023);
  _EQ023 = !_LC1_B16 & !_LC3_B19 & !_LC7_B17
         # !_LC1_B16 &  _LC1_B22;

-- Node name is '|coderv2:158|~35~1' 
-- Equation name is '_LC6_B16', type is buried 
-- synthesized logic cell 
!_LC6_B16 = _LC6_B16~NOT;
_LC6_B16~NOT = LCELL( _EQ024);
  _EQ024 =  _LC1_B16
         #  _LC2_B16;

-- Node name is '|coderv2:158|~35~2' 
-- Equation name is '_LC2_B17', type is buried 
-- synthesized logic cell 
!_LC2_B17 = _LC2_B17~NOT;
_LC2_B17~NOT = LCELL( _EQ025);
  _EQ025 =  _LC7_B17
         #  _LC1_B22;

-- Node name is '|coderv2:158|:35' 
-- Equation name is '_LC1_B23', type is buried 
_LC1_B23 = LCELL( _EQ026);
  _EQ026 = !_LC2_B17
         #  _LC1_B16
         #  _LC2_B16;

-- Node name is '|LPM_DECODE:30|declut:decoder|anode0_3' from file "declut.tdf" line 77, column 52
-- Equation name is '_LC8_C20', type is buried 
_LC8_C20 = LCELL( _EQ027);
  _EQ027 = !_LC1_B17 & !_LC2_B14 & !_LC3_B16 &  wr;

-- Node name is '|LPM_DECODE:30|declut:decoder|anode1_3' from file "declut.tdf" line 77, column 52
-- Equation name is '_LC2_C13', type is buried 
_LC2_C13 = LCELL( _EQ028);
  _EQ028 =  _LC1_B17 & !_LC2_B14 & !_LC3_B16 &  wr;

-- Node name is '|LPM_DECODE:30|declut:decoder|anode2_3' from file "declut.tdf" line 77, column 52
-- Equation name is '_LC3_C13', type is buried 
_LC3_C13 = LCELL( _EQ029);
  _EQ029 = !_LC1_B17 &  _LC2_B14 & !_LC3_B16 &  wr;

-- Node name is '|LPM_DECODE:30|declut:decoder|anode3_3' from file "declut.tdf" line 77, column 52
-- Equation name is '_LC7_C13', type is buried 
_LC7_C13 = LCELL( _EQ030);
  _EQ030 =  _LC1_B17 &  _LC2_B14 & !_LC3_B16 &  wr;

-- Node name is '|LPM_DECODE:30|declut:decoder|anode4_3' from file "declut.tdf" line 79, column 52
-- Equation name is '_LC7_C24', type is buried 
_LC7_C24 = LCELL( _EQ031);
  _EQ031 = !_LC1_B17 & !_LC2_B14 &  _LC3_B16 &  wr;

-- Node name is '|LPM_DECODE:30|declut:decoder|anode5_3' from file "declut.tdf" line 79, column 52
-- Equation name is '_LC5_C23', type is buried 
_LC5_C23 = LCELL( _EQ032);
  _EQ032 =  _LC1_B17 & !_LC2_B14 &  _LC3_B16 &  wr;

-- Node name is '|LPM_DECODE:30|declut:decoder|anode6_3' from file "declut.tdf" line 79, column 52
-- Equation name is '_LC3_C22', type is buried 
_LC3_C22 = LCELL( _EQ033);
  _EQ033 = !_LC1_B17 &  _LC2_B14 &  _LC3_B16 &  wr;

-- Node name is '|LPM_DECODE:30|declut:decoder|anode7_3' from file "declut.tdf" line 79, column 52
-- Equation name is '_LC3_C21', type is buried 
_LC3_C21 = LCELL( _EQ034);
  _EQ034 =  _LC1_B17 &  _LC2_B14 &  _LC3_B16 &  wr;

-- Node name is '|LPM_MUX:17|muxlut:135|muxlut:43|:44' from file "muxlut.tdf" line 171, column 56
-- Equation name is '_LC1_A7', type is buried 
_LC1_A7  = LCELL( _EQ035);
  _EQ035 = !_LC1_B17 &  _LC6_A7
         #  _LC1_B17 &  _LC2_A7
         # !_LC2_B14;

-- Node name is '|LPM_MUX:17|muxlut:135|muxlut:43|:49' from file "muxlut.tdf" line 172, column 50
-- Equation name is '_LC5_A1', type is buried 
_LC5_A1  = LCELL( _EQ036);
  _EQ036 = !_LC1_B17 &  _LC8_A1
         #  _LC1_B17 &  _LC6_A1
         #  _LC2_B14;

-- Node name is '|LPM_MUX:17|muxlut:135|muxlut:60|:44' from file "muxlut.tdf" line 171, column 56
-- Equation name is '_LC3_A6', type is buried 
_LC3_A6  = LCELL( _EQ037);
  _EQ037 = !_LC1_B17 &  _LC4_A6
         #  _LC1_B17 &  _LC6_A6
         # !_LC2_B14;

-- Node name is '|LPM_MUX:17|muxlut:135|muxlut:60|:49' from file "muxlut.tdf" line 172, column 50
-- Equation name is '_LC5_A2', type is buried 
_LC5_A2  = LCELL( _EQ038);
  _EQ038 = !_LC1_B17 &  _LC7_A2
         #  _LC1_B17 &  _LC3_A2
         #  _LC2_B14;

-- Node name is '|LPM_MUX:17|muxlut:135|muxlut:77|result_node' from file "muxlut.tdf" line 128, column 40
-- Equation name is '_LC6_A2', type is buried 
_LC6_A2  = LCELL( _EQ039);
  _EQ039 =  _LC3_A6 &  _LC3_B16 &  _LC5_A2
         #  _LC4_A2;

-- Node name is '|LPM_MUX:17|muxlut:135|muxlut:77|:37' from file "muxlut.tdf" line 128, column 30
-- Equation name is '_LC4_A2', type is buried 
_LC4_A2  = LCELL( _EQ040);
  _EQ040 =  _LC1_A7 & !_LC3_B16 &  _LC5_A1;

-- Node name is '|LPM_MUX:17|muxlut:156|muxlut:43|:44' from file "muxlut.tdf" line 171, column 56
-- Equation name is '_LC2_C11', type is buried 
_LC2_C11 = LCELL( _EQ041);
  _EQ041 = !_LC1_B17 &  _LC6_C11
         #  _LC1_B17 &  _LC4_C11
         # !_LC2_B14;

-- Node name is '|LPM_MUX:17|muxlut:156|muxlut:43|:49' from file "muxlut.tdf" line 172, column 50
-- Equation name is '_LC1_C3', type is buried 
_LC1_C3  = LCELL( _EQ042);
  _EQ042 = !_LC1_B17 &  _LC8_C3
         #  _LC1_B17 &  _LC5_C3
         #  _LC2_B14;

-- Node name is '|LPM_MUX:17|muxlut:156|muxlut:60|:44' from file "muxlut.tdf" line 171, column 56
-- Equation name is '_LC1_C10', type is buried 
_LC1_C10 = LCELL( _EQ043);
  _EQ043 = !_LC1_B17 &  _LC4_C10
         #  _LC1_B17 &  _LC6_C10
         # !_LC2_B14;

-- Node name is '|LPM_MUX:17|muxlut:156|muxlut:60|:49' from file "muxlut.tdf" line 172, column 50
-- Equation name is '_LC6_C4', type is buried 
_LC6_C4  = LCELL( _EQ044);
  _EQ044 = !_LC1_B17 &  _LC7_C4
         #  _LC1_B17 &  _LC3_C4
         #  _LC2_B14;

-- Node name is '|LPM_MUX:17|muxlut:156|muxlut:77|result_node' from file "muxlut.tdf" line 128, column 40
-- Equation name is '_LC5_C4', type is buried 
_LC5_C4  = LCELL( _EQ045);
  _EQ045 =  _LC1_C10 &  _LC3_B16 &  _LC6_C4
         #  _LC4_C4;

-- Node name is '|LPM_MUX:17|muxlut:156|muxlut:77|:37' from file "muxlut.tdf" line 128, column 30
-- Equation name is '_LC4_C4', type is buried 
_LC4_C4  = LCELL( _EQ046);
  _EQ046 =  _LC1_C3 &  _LC2_C11 & !_LC3_B16;

-- Node name is '|LPM_MUX:17|muxlut:177|muxlut:43|:44' from file "muxlut.tdf" line 171, column 56
-- Equation name is '_LC1_A21', type is buried 
_LC1_A21 = LCELL( _EQ047);
  _EQ047 = !_LC1_B17 &  _LC6_A21
         #  _LC1_B17 &  _LC4_A21
         # !_LC2_B14;

-- Node name is '|LPM_MUX:17|muxlut:177|muxlut:43|:49' from file "muxlut.tdf" line 172, column 50
-- Equation name is '_LC1_A18', type is buried 
_LC1_A18 = LCELL( _EQ048);
  _EQ048 = !_LC1_B17 &  _LC8_A18
         #  _LC1_B17 &  _LC6_A18
         #  _LC2_B14;

-- Node name is '|LPM_MUX:17|muxlut:177|muxlut:60|:44' from file "muxlut.tdf" line 171, column 56
-- Equation name is '_LC2_A20', type is buried 
_LC2_A20 = LCELL( _EQ049);
  _EQ049 = !_LC1_B17 &  _LC4_A20
         #  _LC1_B17 &  _LC6_A20
         # !_LC2_B14;

-- Node name is '|LPM_MUX:17|muxlut:177|muxlut:60|:49' from file "muxlut.tdf" line 172, column 50
-- Equation name is '_LC4_A19', type is buried 
_LC4_A19 = LCELL( _EQ050);
  _EQ050 = !_LC1_B17 &  _LC6_A19
         #  _LC1_B17 &  _LC2_A19
         #  _LC2_B14;

-- Node name is '|LPM_MUX:17|muxlut:177|muxlut:77|result_node' from file "muxlut.tdf" line 128, column 40
-- Equation name is '_LC8_A19', type is buried 
_LC8_A19 = LCELL( _EQ051);
  _EQ051 =  _LC2_A20 &  _LC3_B16 &  _LC4_A19
         #  _LC5_A19;

-- Node name is '|LPM_MUX:17|muxlut:177|muxlut:77|:37' from file "muxlut.tdf" line 128, column 30
-- Equation name is '_LC5_A19', type is buried 
_LC5_A19 = LCELL( _EQ052);
  _EQ052 =  _LC1_A18 &  _LC1_A21 & !_LC3_B16;

-- Node name is '|LPM_MUX:17|muxlut:198|muxlut:43|:44' from file "muxlut.tdf" line 171, column 56
-- Equation name is '_LC6_C18', type is buried 
_LC6_C18 = LCELL( _EQ053);
  _EQ053 = !_LC1_B17 &  _LC2_C17
         #  _LC1_B17 &  _LC1_C16
         # !_LC2_B14;

-- Node name is '|LPM_MUX:17|muxlut:198|muxlut:43|:49' from file "muxlut.tdf" line 172, column 50
-- Equation name is '_LC5_C18', type is buried 
_LC5_C18 = LCELL( _EQ054);
  _EQ054 = !_LC1_B17 &  _LC7_C18
         #  _LC1_B17 &  _LC2_C16
         #  _LC2_B14;

-- Node name is '|LPM_MUX:17|muxlut:198|muxlut:60|:44' from file "muxlut.tdf" line 171, column 56
-- Equation name is '_LC4_C18', type is buried 
_LC4_C18 = LCELL( _EQ055);
  _EQ055 = !_LC1_B17 &  _LC1_C14
         #  _LC1_B17 &  _LC1_C19
         # !_LC2_B14;

-- Node name is '|LPM_MUX:17|muxlut:198|muxlut:60|:49' from file "muxlut.tdf" line 172, column 50
-- Equation name is '_LC2_C18', type is buried 
_LC2_C18 = LCELL( _EQ056);
  _EQ056 = !_LC1_B17 &  _LC8_C18
         #  _LC1_B17 &  _LC1_C17
         #  _LC2_B14;

-- Node name is '|LPM_MUX:17|muxlut:198|muxlut:77|result_node' from file "muxlut.tdf" line 128, column 40
-- Equation name is '_LC3_C18', type is buried 
_LC3_C18 = LCELL( _EQ057);
  _EQ057 =  _LC2_C18 &  _LC3_B16 &  _LC4_C18
         #  _LC1_C18;

-- Node name is '|LPM_MUX:17|muxlut:198|muxlut:77|:37' from file "muxlut.tdf" line 128, column 30
-- Equation name is '_LC1_C18', type is buried 
_LC1_C18 = LCELL( _EQ058);
  _EQ058 = !_LC3_B16 &  _LC5_C18 &  _LC6_C18;

-- Node name is '|LPM_MUX:17|muxlut:219|muxlut:43|:44' from file "muxlut.tdf" line 171, column 56
-- Equation name is '_LC2_A21', type is buried 
_LC2_A21 = LCELL( _EQ059);
  _EQ059 = !_LC1_B17 &  _LC5_A21
         #  _LC1_B17 &  _LC3_A21
         # !_LC2_B14;

-- Node name is '|LPM_MUX:17|muxlut:219|muxlut:43|:49' from file "muxlut.tdf" line 172, column 50
-- Equation name is '_LC3_A18', type is buried 
_LC3_A18 = LCELL( _EQ060);
  _EQ060 = !_LC1_B17 &  _LC7_A18
         #  _LC1_B17 &  _LC4_A18
         #  _LC2_B14;

-- Node name is '|LPM_MUX:17|muxlut:219|muxlut:60|:44' from file "muxlut.tdf" line 171, column 56
-- Equation name is '_LC1_A20', type is buried 
_LC1_A20 = LCELL( _EQ061);
  _EQ061 = !_LC1_B17 &  _LC3_A20
         #  _LC1_B17 &  _LC5_A20
         # !_LC2_B14;

-- Node name is '|LPM_MUX:17|muxlut:219|muxlut:60|:49' from file "muxlut.tdf" line 172, column 50
-- Equation name is '_LC1_A19', type is buried 
_LC1_A19 = LCELL( _EQ062);
  _EQ062 = !_LC1_B17 &  _LC7_A19
         #  _LC1_B17 &  _LC3_A19
         #  _LC2_B14;

-- Node name is '|LPM_MUX:17|muxlut:219|muxlut:77|result_node' from file "muxlut.tdf" line 128, column 40
-- Equation name is '_LC5_A18', type is buried 
_LC5_A18 = LCELL( _EQ063);
  _EQ063 =  _LC1_A19 &  _LC1_A20 &  _LC3_B16
         #  _LC2_A18;

-- Node name is '|LPM_MUX:17|muxlut:219|muxlut:77|:37' from file "muxlut.tdf" line 128, column 30
-- Equation name is '_LC2_A18', type is buried 
_LC2_A18 = LCELL( _EQ064);
  _EQ064 =  _LC2_A21 &  _LC3_A18 & !_LC3_B16;

-- Node name is '|LPM_MUX:17|muxlut:240|muxlut:43|:44' from file "muxlut.tdf" line 171, column 56
-- Equation name is '_LC5_B5', type is buried 
_LC5_B5  = LCELL( _EQ065);
  _EQ065 =  _LC1_B6 & !_LC1_B17
         #  _LC1_B17 &  _LC8_B10
         # !_LC2_B14;

-- Node name is '|LPM_MUX:17|muxlut:240|muxlut:43|:49' from file "muxlut.tdf" line 172, column 50
-- Equation name is '_LC4_B5', type is buried 
_LC4_B5  = LCELL( _EQ066);
  _EQ066 = !_LC1_B17 &  _LC7_B5
         #  _LC1_B17 &  _LC2_B12
         #  _LC2_B14;

-- Node name is '|LPM_MUX:17|muxlut:240|muxlut:60|:44' from file "muxlut.tdf" line 171, column 56
-- Equation name is '_LC3_B5', type is buried 
_LC3_B5  = LCELL( _EQ067);
  _EQ067 =  _LC1_B8 & !_LC1_B17
         #  _LC1_B11 &  _LC1_B17
         # !_LC2_B14;

-- Node name is '|LPM_MUX:17|muxlut:240|muxlut:60|:49' from file "muxlut.tdf" line 172, column 50
-- Equation name is '_LC2_B5', type is buried 
_LC2_B5  = LCELL( _EQ068);
  _EQ068 = !_LC1_B17 &  _LC8_B5
         #  _LC1_B17 &  _LC2_B8
         #  _LC2_B14;

-- Node name is '|LPM_MUX:17|muxlut:240|muxlut:77|result_node' from file "muxlut.tdf" line 128, column 40
-- Equation name is '_LC6_B5', type is buried 
_LC6_B5  = LCELL( _EQ069);
  _EQ069 =  _LC2_B5 &  _LC3_B5 &  _LC3_B16
         #  _LC1_B5;

-- Node name is '|LPM_MUX:17|muxlut:240|muxlut:77|:37' from file "muxlut.tdf" line 128, column 30
-- Equation name is '_LC1_B5', type is buried 
_LC1_B5  = LCELL( _EQ070);
  _EQ070 = !_LC3_B16 &  _LC4_B5 &  _LC5_B5;

-- Node name is '|LPM_MUX:17|muxlut:261|muxlut:43|:44' from file "muxlut.tdf" line 171, column 56
-- Equation name is '_LC1_C11', type is buried 
_LC1_C11 = LCELL( _EQ071);
  _EQ071 = !_LC1_B17 &  _LC5_C11
         #  _LC1_B17 &  _LC3_C11
         # !_LC2_B14;

-- Node name is '|LPM_MUX:17|muxlut:261|muxlut:43|:49' from file "muxlut.tdf" line 172, column 50
-- Equation name is '_LC3_C3', type is buried 
_LC3_C3  = LCELL( _EQ072);
  _EQ072 = !_LC1_B17 &  _LC6_C3
         #  _LC1_B17 &  _LC4_C3
         #  _LC2_B14;

-- Node name is '|LPM_MUX:17|muxlut:261|muxlut:60|:44' from file "muxlut.tdf" line 171, column 56
-- Equation name is '_LC2_C10', type is buried 
_LC2_C10 = LCELL( _EQ073);
  _EQ073 = !_LC1_B17 &  _LC5_C10
         #  _LC1_B17 &  _LC3_C10
         # !_LC2_B14;

-- Node name is '|LPM_MUX:17|muxlut:261|muxlut:60|:49' from file "muxlut.tdf" line 172, column 50
-- Equation name is '_LC2_C4', type is buried 
_LC2_C4  = LCELL( _EQ074);
  _EQ074 = !_LC1_B17 &  _LC8_C4
         #  _LC1_B17 &  _LC1_C4
         #  _LC2_B14;

-- Node name is '|LPM_MUX:17|muxlut:261|muxlut:77|result_node' from file "muxlut.tdf" line 128, column 40
-- Equation name is '_LC7_C3', type is buried 
_LC7_C3  = LCELL( _EQ075);
  _EQ075 =  _LC2_C4 &  _LC2_C10 &  _LC3_B16
         #  _LC2_C3;

-- Node name is '|LPM_MUX:17|muxlut:261|muxlut:77|:37' from file "muxlut.tdf" line 128, column 30
-- Equation name is '_LC2_C3', type is buried 
_LC2_C3  = LCELL( _EQ076);
  _EQ076 =  _LC1_C11 & !_LC3_B16 &  _LC3_C3;

-- Node name is '|LPM_MUX:17|muxlut:282|muxlut:43|:44' from file "muxlut.tdf" line 171, column 56
-- Equation name is '_LC3_A7', type is buried 
_LC3_A7  = LCELL( _EQ077);
  _EQ077 = !_LC1_B17 &  _LC5_A7
         #  _LC1_B17 &  _LC4_A7
         # !_LC2_B14;

-- Node name is '|LPM_MUX:17|muxlut:282|muxlut:43|:49' from file "muxlut.tdf" line 172, column 50
-- Equation name is '_LC3_A1', type is buried 
_LC3_A1  = LCELL( _EQ078);
  _EQ078 = !_LC1_B17 &  _LC7_A1
         #  _LC1_B17 &  _LC4_A1
         #  _LC2_B14;

-- Node name is '|LPM_MUX:17|muxlut:282|muxlut:60|:44' from file "muxlut.tdf" line 171, column 56
-- Equation name is '_LC2_A6', type is buried 
_LC2_A6  = LCELL( _EQ079);
  _EQ079 = !_LC1_B17 &  _LC5_A6
         #  _LC1_A6 &  _LC1_B17
         # !_LC2_B14;

-- Node name is '|LPM_MUX:17|muxlut:282|muxlut:60|:49' from file "muxlut.tdf" line 172, column 50
-- Equation name is '_LC2_A2', type is buried 
_LC2_A2  = LCELL( _EQ080);
  _EQ080 = !_LC1_B17 &  _LC8_A2
         #  _LC1_A2 &  _LC1_B17
         #  _LC2_B14;

-- Node name is '|LPM_MUX:17|muxlut:282|muxlut:77|result_node' from file "muxlut.tdf" line 128, column 40
-- Equation name is '_LC1_A1', type is buried 
_LC1_A1  = LCELL( _EQ081);
  _EQ081 =  _LC2_A2 &  _LC2_A6 &  _LC3_B16
         #  _LC2_A1;

-- Node name is '|LPM_MUX:17|muxlut:282|muxlut:77|:37' from file "muxlut.tdf" line 128, column 30
-- Equation name is '_LC2_A1', type is buried 
_LC2_A1  = LCELL( _EQ082);
  _EQ082 =  _LC3_A1 &  _LC3_A7 & !_LC3_B16;

-- Node name is ':124' 
-- Equation name is '_LC8_B14', type is buried 
_LC8_B14 = LCELL( _EQ083);
  _EQ083 =  _LC1_B19
         #  _LC4_B14
         #  _LC1_B23
         #  _LC2_B19;



Project Information                             c:\max2work\fifolifo\cache.rpt

** COMPILATION SETTINGS & TIMES **

Processing Menu Commands
------------------------

Design Doctor                             = off

Logic Synthesis:

   Synthesis Type Used                    = Multi-Level

   Default Synthesis Style                = NORMAL

      Logic option settings in 'NORMAL' style for 'FLEX10K' family

      CARRY_CHAIN                         = ignore
      CARRY_CHAIN_LENGTH                  = 32
      CASCADE_CHAIN                       = ignore
      CASCADE_CHAIN_LENGTH                = 2
      DECOMPOSE_GATES                     = on
      DUPLICATE_LOGIC_EXTRACTION          = on
      MINIMIZATION                        = full
      MULTI_LEVEL_FACTORING               = on
      NOT_GATE_PUSH_BACK                  = on
      REDUCE_LOGIC                        = on
      REFACTORIZATION                     = on
      REGISTER_OPTIMIZATION               = on
      RESYNTHESIZE_NETWORK                = on
      SLOW_SLEW_RATE                      = off
      SUBFACTOR_EXTRACTION                = on
      IGNORE_SOFT_BUFFERS                 = on
      USE_LPM_FOR_AHDL_OPERATORS          = off

   Other logic synthesis settings:

      Automatic Global Clock              = on
      Automatic Global Clear              = on
      Automatic Global Preset             = on
      Automatic Global Output Enable      = on
      Automatic Fast I/O                  = off
      Automatic Register Packing          = off
      Automatic Open-Drain Pins           = on
      Automatic Implement in EAB          = off
      Optimize                            = 5

Default Timing Specifications: None

Cut All Bidir Feedback Timing Paths       = on
Cut All Clear & Preset Timing Paths       = on

Ignore Timing Assignments                 = off

Functional SNF Extractor                  = off

Linked SNF Extractor                      = off
Timing SNF Extractor                      = on
Optimize Timing SNF                       = off
Generate AHDL TDO File                    = off
Fitter Settings                           = NORMAL
Smart Recompile                           = off
Total Recompile                           = off

Interfaces Menu Commands
------------------------

EDIF Netlist Writer                       = off
Verilog Netlist Writer                    = off
VHDL Netlist Writer                       = off

Compilation Times
-----------------

   Compiler Netlist Extractor             00:00:00
   Database Builder                       00:00:00
   Logic Synthesizer                      00:00:00
   Partitioner                            00:00:00
   Fitter                                 00:00:00
   Timing SNF Extractor                   00:00:00
   Assembler                              00:00:00
   --------------------------             --------
   Total Time                             00:00:00


Memory Allocated
-----------------

Peak memory allocated during compilation  = 13,846K
