Project Information                         c:\max2work\fifolifo\fifo_code.rpt

MAX+plus II Compiler Report File
Version 9.01 07/30/98
Compiled: 03/17/19 14:23:48

Copyright (C) 1988-1998 Altera Corporation
Any megafunction design, and related net list (encrypted or decrypted),
support information, device programming or simulation file, and any other
associated documentation or information provided by Altera or a partner
under Altera's Megafunction Partnership Program may be used only to
program PLD devices (but not masked PLD devices) from Altera.  Any other
use of such megafunction design, net list, support information, device
programming or simulation file, or any other related documentation or
information is prohibited for any other purpose, including, but not
limited to modification, reverse engineering, de-compiling, or use with
any other silicon devices, unless such use is explicitly licensed under
a separate agreement with Altera or a megafunction partner.  Title to
the intellectual property, including patents, copyrights, trademarks,
trade secrets, or maskworks, embodied in any such megafunction design,
net list, support information, device programming or simulation file, or
any other related documentation or information provided by Altera or a
megafunction partner, remains with Altera, the megafunction partner, or
their respective licensors.  No other licenses, including any licenses
needed under any third party's intellectual property, are provided herein.



***** Project compilation was successful


FIFO_CODE


** DEVICE SUMMARY **

Chip/                     Input   Output   Bidir         Shareable
POF       Device          Pins    Pins     Pins     LCs  Expanders  % Utilized

fifo_code
      EPM9320LC84-15       11       10       0      125     62          39 %

User Pins:                 11       10       0  



Project Information                         c:\max2work\fifolifo\fifo_code.rpt

** PROJECT COMPILATION MESSAGES **

Warning: Line 33: File c:\max2work\fifolifo\fifo_code.vhd: Found multiple assignments to the same signal or signal bit "isEmpty" in a Process Statement -- only the last assignment will take effect
Warning: Line 33: File c:\max2work\fifolifo\fifo_code.vhd: Found multiple assignments to the same signal or signal bit "isFull" in a Process Statement -- only the last assignment will take effect


Project Information                         c:\max2work\fifolifo\fifo_code.rpt

** AUTO GLOBAL SIGNALS **



INFO: Signal 'Reset' chosen for auto global Clear


Project Information                         c:\max2work\fifolifo\fifo_code.rpt

** FILE HIERARCHY **



|lpm_add_sub:1759|
|lpm_add_sub:1759|addcore:adder|
|lpm_add_sub:1759|addcore:adder|addcore:adder0|
|lpm_add_sub:1759|altshift:result_ext_latency_ffs|
|lpm_add_sub:1759|altshift:carry_ext_latency_ffs|
|lpm_add_sub:1759|altshift:oflow_ext_latency_ffs|
|lpm_add_sub:2646|
|lpm_add_sub:2646|addcore:adder|
|lpm_add_sub:2646|addcore:adder|addcore:adder0|
|lpm_add_sub:2646|altshift:result_ext_latency_ffs|
|lpm_add_sub:2646|altshift:carry_ext_latency_ffs|
|lpm_add_sub:2646|altshift:oflow_ext_latency_ffs|


Device-Specific Information:                c:\max2work\fifolifo\fifo_code.rpt
fifo_code

***** Logic for device 'fifo_code' compiled without errors.




Device: EPM9320LC84-15

Device Options:
    Turbo Bit                                    = ON
    Security Bit                                 = OFF
    User Code                                  = ffff
    MultiVolt I/O                              = OFF

              R  R  R  R  R     R  R  R  R        R  R  R  R     R  R  R  R  
              E  E  E  E  E     E  E  E  E        E  E  E  E     E  E  E  E  
              S  S  S  S  S     S  S  S  S        S  S  S  S     S  S  S  S  
              E  E  E  E  E     E  E  E  E        E  E  E  E  V  E  E  E  E  
              R  R  R  R  R     R  R  R  R        R  R  R  R  C  R  R  R  R  
              V  V  V  V  V  G  V  V  V  V        V  V  V  V  C  V  V  V  V  
              E  E  E  E  E  N  E  E  E  E  W  R  E  E  E  E  I  E  E  E  E  
              D  D  D  D  D  D  D  D  D  D  R  D  D  D  D  D  O  D  D  D  D  
            -----------------------------------------------------------------_ 
          /  11 10  9  8  7  6  5  4  3  2  1 84 83 82 81 80 79 78 77 76 75   | 
RESERVED | 12                                                              74 | RESERVED 
   Reset | 13                                                              73 | RESERVED 
  VCCINT | 14                                                              72 | DI0 
   VCCIO | 15                                                              71 | VCCINT 
     DO3 | 16                                                              70 | GND 
     DI6 | 17                                                              69 | DO6 
     GND | 18                                                              68 | DI3 
     DO2 | 19                                                              67 | GND 
     DI1 | 20                                                              66 | DO0 
  VCCINT | 21                                                              65 | DI2 
   empty | 22                        EPM9320LC84-15                        64 | VCCINT 
     DI7 | 23                                                              63 | full 
     GND | 24                                                              62 | DO7 
     GND | 25                                                              61 | GND 
     DO5 | 26                                                              60 | VCCIO 
     DI4 | 27                                                              59 | DO4 
  VCCINT | 28                                                              58 | DI5 
    N.C. | 29                                                              57 | VCCINT 
    #TDO | 30                                                              56 | ^VPP 
     DO1 | 31                                                              55 | #TMS 
RESERVED | 32                                                              54 | RESERVED 
         |_  33 34 35 36 37 38 39 40 41 42 43 44 45 46 47 48 49 50 51 52 53  _| 
           ------------------------------------------------------------------ 
              R  R  R  R  V  R  R  R  R  #  #  R  R  R  R  G  R  R  R  R  R  
              E  E  E  E  C  E  E  E  E  T  T  E  E  E  E  N  E  E  E  E  E  
              S  S  S  S  C  S  S  S  S  D  C  S  S  S  S  D  S  S  S  S  S  
              E  E  E  E  I  E  E  E  E  I  K  E  E  E  E     E  E  E  E  E  
              R  R  R  R  O  R  R  R  R        R  R  R  R     R  R  R  R  R  
              V  V  V  V     V  V  V  V        V  V  V  V     V  V  V  V  V  
              E  E  E  E     E  E  E  E        E  E  E  E     E  E  E  E  E  
              D  D  D  D     D  D  D  D        D  D  D  D     D  D  D  D  D  


N.C. = Not Connected.
VCCINT = Dedicated power pin, which MUST be connected to VCC (5.0 volts).
VCCIO = Dedicated power pin, which MUST be connected to VCC (5.0 volts).
GND = Dedicated ground pin or unused dedicated input, which MUST be connected to GND.
RESERVED = Unused I/O pin, which MUST be left unconnected.

# = JTAG Boundary-Scan Testing/In-System Programming or Configuration Pin. The JTAG inputs (TMS, TCK, TDI) should be tied to VCC when not in use.
& = JTAG pin used for I/O. When used as user I/O, JTAG pins must be kept stable before and during configuration.  JTAG pin stability prevents accidental loading of JTAG instructions.


Device-Specific Information:                c:\max2work\fifolifo\fifo_code.rpt
fifo_code

** RESOURCE USAGE **

Logic                Column       Row                                   
Array                Interconnect Interconnect         Clears/     External    Shareable
Block   Logic Cells  Driven       Driven       Clocks  Presets   Interconnect  Expanders
A1       1/16(  6%)   0/16(  0%)   1/16(  6%)    0/2    0/2       6/33( 18%)    0/16(  0%)  
A2       1/16(  6%)   1/16(  6%)   1/16(  6%)    0/2    0/2       2/33(  6%)    0/16(  0%)  
A3      16/16(100%)   0/16(  0%)   1/16(  6%)    0/2    0/2      11/33( 33%)    5/16( 31%)  
A5      15/16( 93%)   0/16(  0%)   1/16(  6%)    0/2    0/2      12/33( 36%)    5/16( 31%)  
B1       9/16( 56%)   0/16(  0%)   2/16( 12%)    0/2    0/2      10/33( 30%)    3/16( 18%)  
B2      16/16(100%)   0/16(  0%)   1/16(  6%)    0/2    0/2      11/33( 33%)    5/16( 31%)  
B3       1/16(  6%)   1/16(  6%)   1/16(  6%)    0/2    0/2       4/33( 12%)    0/16(  0%)  
B4       1/16(  6%)   1/16(  6%)   1/16(  6%)    0/2    0/2       2/33(  6%)    0/16(  0%)  
B5       1/16(  6%)   1/16(  6%)   1/16(  6%)    0/2    0/2       3/33(  9%)    0/16(  0%)  
C1      16/16(100%)   1/16(  6%)   1/16(  6%)    0/2    0/2      13/33( 39%)   15/16( 93%)  
C2       1/16(  6%)   0/16(  0%)   1/16(  6%)    0/2    0/2       7/33( 21%)    1/16(  6%)  
C4       1/16(  6%)   0/16(  0%)   1/16(  6%)    0/2    0/2       3/33(  9%)    0/16(  0%)  
C5      15/16( 93%)   0/16(  0%)   2/16( 12%)    0/2    0/2      13/33( 39%)   14/16( 87%)  
D1      12/16( 75%)   0/16(  0%)   1/16(  6%)    0/2    0/2      11/33( 33%)    9/16( 56%)  
D2       1/16(  6%)   1/16(  6%)   1/16(  6%)    0/2    0/2       2/33(  6%)    0/16(  0%)  
D3       1/16(  6%)   1/16(  6%)   1/16(  6%)    0/2    0/2       3/33(  9%)    0/16(  0%)  
D4       1/16(  6%)   1/16(  6%)   1/16(  6%)    0/2    0/2       4/33( 12%)    0/16(  0%)  
D5      16/16(100%)   0/16(  0%)   1/16(  6%)    0/2    0/2      11/33( 33%)    5/16( 31%)  


Total dedicated input pins used:                 4/4      (100%)
Total I/O pins used:                            17/56     ( 30%)
Total logic cells used:                        125/320    ( 39%)
Total shareable expanders used:                 43/320    ( 13%)
Total Turbo logic cells used:                  125/320    ( 39%)
Total shareable expanders not available (n/a):  19/320    (  5%)
Average fan-in:                                  7.52
Total fan-in:                                   941

Total input pins required:                      11
Total input I/O cell registers required:         0
Total output pins required:                     10
Total output I/O cell registers required:        0
Total buried I/O cell registers required:        0
Total bidirectional pins required:               0
Total logic cells required:                    125
Total flipflops required:                       80
Total product terms required:                  404
Total logic cells lending parallel expanders:    0
Total shareable expanders in database:          43
Total packed registers required:                 0

Synthesized logic cells:                        45/ 320   ( 14%)

Logic Cell Counts

Column:  01  02  03  04  05  Total
 A:      1   1  16   0  15     33
 B:      9  16   1   1   1     28
 C:     16   1   0   1  15     33
 D:     12   1   1   1  16     31

Total:  38  19  18   3  47    125



Device-Specific Information:                c:\max2work\fifolifo\fifo_code.rpt
fifo_code

** INPUTS **

                                               Shareable
                                               Expanders     Fan-In    Fan-Out
 Pin     LC   Row  Col  Primitive    Code   Total Shared n/a INP  FBK  OUT  FBK  Name
  72      -    -    --      INPUT               0      0   0    0    0    0    8  DI0
  20      -    C    --      INPUT               0      0   0    0    0    0    8  DI1
  65      -    C    --      INPUT               0      0   0    0    0    0    8  DI2
  68      -    D    --      INPUT               0      0   0    0    0    0    9  DI3
  27      -    A    --      INPUT               0      0   0    0    0    0   13  DI4
  58      -    A    --      INPUT               0      0   0    0    0    0   13  DI5
  17      -    D    --      INPUT               0      0   0    0    0    0   13  DI6
  23      -    B    --      INPUT               0      0   0    0    0    0   13  DI7
  84      -    -    --      INPUT               0      0   0    0    0    0   27  RD
  13      -    -    --      INPUT  G            0      0   0    0    0    0  108  Reset
   1      -    -    --      INPUT               0      0   0    0    0    0   96  WR


Code:

s = Synthesized pin or logic cell
t = Turbo logic cell
+ = Synchronous flipflop
/ = Slow slew-rate output
! = NOT gate push-back
r = Fitter-inserted logic cell
G = Global Source. Fan-out destinations counted here do not include destinations
that are driven using global routing resources. Refer to the Auto Global Signals,
Clock Signals, Clear Signals, Synchronous Load Signals, and Synchronous Clear Signals
Sections of this Report File for information on which signals' fan-outs are used as
Clock, Clear, Preset, Output Enable, and synchronous Load signals.


Device-Specific Information:                c:\max2work\fifolifo\fifo_code.rpt
fifo_code

** OUTPUTS **

                                               Shareable
                                               Expanders     Fan-In    Fan-Out
 Pin     LC   Row  Col  Primitive    Code   Total Shared n/a INP  FBK  OUT  FBK  Name
  66      -    C    --     OUTPUT               0      0   0    0    1    0    0  DO0
  31      -    -    01     OUTPUT               0      0   0    0    1    0    0  DO1
  19      -    C    --     OUTPUT               0      0   0    0    1    0    0  DO2
  16      -    D    --     OUTPUT               0      0   0    0    1    0    0  DO3
  59      -    A    --     OUTPUT               0      0   0    0    1    0    0  DO4
  26      -    A    --     OUTPUT               0      0   0    0    1    0    0  DO5
  69      -    D    --     OUTPUT               0      0   0    0    1    0    0  DO6
  62      -    B    --     OUTPUT               0      0   0    0    1    0    0  DO7
  22      -    B    --     OUTPUT               0      0   0    0    1    0    0  empty
  63      -    B    --     OUTPUT               0      0   0    0    1    0    0  full


Code:

s = Synthesized pin or logic cell
t = Turbo logic cell
+ = Synchronous flipflop
/ = Slow slew-rate output
! = NOT gate push-back
r = Fitter-inserted logic cell


Device-Specific Information:                c:\max2work\fifolifo\fifo_code.rpt
fifo_code

** BURIED LOGIC **

                                               Shareable
                                               Expanders     Fan-In    Fan-Out
 IOC     LC   Row  Col  Primitive    Code   Total Shared n/a INP  FBK  OUT  FBK Name
   -     11    B    02       SOFT    s t        0      0   0    3    3    0    1  words0_7~1 (~23~1)
   -     10    B    02       DFFE      t        0      0   0    3    5    0    1  words0_7 (:23)
   -     10    D    05       SOFT    s t        0      0   0    3    3    0    1  words0_6~1 (~24~1)
   -      9    D    05       DFFE      t        0      0   0    3    5    0    1  words0_6 (:24)
   -     10    A    03       SOFT    s t        0      0   0    3    3    0    1  words0_5~1 (~25~1)
   -      9    A    03       DFFE      t        0      0   0    3    5    0    1  words0_5 (:25)
   -      7    A    05       SOFT    s t        0      0   0    3    3    0    1  words0_4~1 (~26~1)
   -      8    A    05       DFFE      t        0      0   0    3    5    0    1  words0_4 (:26)
   -      9    D    01       DFFE      t        1      0   0    3    4    0    1  words0_3 (:27)
   -     13    C    05       DFFE      t        1      0   0    3    4    0    1  words0_2 (:28)
   -     12    C    01       DFFE      t        1      0   0    3    4    0    1  words0_1 (:29)
   -      3    C    02       DFFE      t        1      0   0    3    4    0    1  words0_0 (:30)
   -     13    B    02       SOFT    s t        0      0   0    3    3    0    1  words1_7~1 (~31~1)
   -     12    B    02       DFFE      t        0      0   0    3    5    0    1  words1_7 (:31)
   -     13    D    05       SOFT    s t        0      0   0    3    3    0    1  words1_6~1 (~32~1)
   -     12    D    05       DFFE      t        0      0   0    3    5    0    1  words1_6 (:32)
   -     13    A    03       SOFT    s t        0      0   0    3    3    0    1  words1_5~1 (~33~1)
   -     12    A    03       DFFE      t        0      0   0    3    5    0    1  words1_5 (:33)
   -     10    A    05       SOFT    s t        0      0   0    3    3    0    1  words1_4~1 (~34~1)
   -      9    A    05       DFFE      t        0      0   0    3    5    0    1  words1_4 (:34)
   -      7    D    01       SOFT    s t        0      0   0    3    3    0    1  words1_3~1 (~35~1)
   -      3    D    01       DFFE      t        0      0   0    3    5    0    1  words1_3 (:35)
   -      5    C    05       DFFE      t        1      0   0    3    4    0    1  words1_2 (:36)
   -      5    C    01       DFFE      t        1      0   0    3    4    0    1  words1_1 (:37)
   -      4    C    01       DFFE      t        1      0   0    3    4    0    1  words1_0 (:38)
   -      3    B    02       DFFE      t        1      0   0    3    4    0    1  words2_7 (:39)
   -      1    D    05       DFFE      t        1      0   0    3    4    0    1  words2_6 (:40)
   -      1    A    03       DFFE      t        1      0   0    3    4    0    1  words2_5 (:41)
   -      1    A    05       DFFE      t        1      0   0    3    4    0    1  words2_4 (:42)
   -      1    D    01       DFFE      t        1      0   0    3    4    0    1  words2_3 (:43)
   -      3    C    05       DFFE      t        1      0   0    3    4    0    1  words2_2 (:44)
   -      3    C    01       DFFE      t        1      0   0    3    4    0    1  words2_1 (:45)
   -      1    C    05       DFFE      t        1      0   0    3    4    0    1  words2_0 (:46)
   -      2    B    02       SOFT    s t        0      0   0    3    3    0    1  words3_7~1 (~47~1)
   -      1    B    02       DFFE      t        0      0   0    3    5    0    1  words3_7 (:47)
   -      2    D    05       SOFT    s t        0      0   0    3    3    0    1  words3_6~1 (~48~1)
   -      3    D    05       DFFE      t        0      0   0    3    5    0    1  words3_6 (:48)
   -      2    A    03       SOFT    s t        0      0   0    3    3    0    1  words3_5~1 (~49~1)
   -      5    A    03       DFFE      t        0      0   0    3    5    0    1  words3_5 (:49)
   -      3    A    05       SOFT    s t        0      0   0    3    3    0    1  words3_4~1 (~50~1)
   -      2    A    05       DFFE      t        0      0   0    3    5    0    1  words3_4 (:50)
   -      2    D    01       DFFE      t        1      0   0    3    4    0    1  words3_3 (:51)
   -      4    C    05       DFFE      t        1      0   0    3    4    0    1  words3_2 (:52)
   -      7    C    01       DFFE      t        1      0   0    3    4    0    1  words3_1 (:53)
   -      6    C    01       DFFE      t        1      0   0    3    4    0    1  words3_0 (:54)
   -      5    B    02       SOFT    s t        0      0   0    3    3    0    1  words4_7~1 (~55~1)
   -      4    B    02       DFFE      t        0      0   0    3    5    0    1  words4_7 (:55)
   -      5    D    05       SOFT    s t        0      0   0    3    3    0    1  words4_6~1 (~56~1)
   -      4    D    05       DFFE      t        0      0   0    3    5    0    1  words4_6 (:56)
   -      4    A    03       SOFT    s t        0      0   0    3    3    0    1  words4_5~1 (~57~1)
   -      3    A    03       DFFE      t        0      0   0    3    5    0    1  words4_5 (:57)
   -     15    A    05       SOFT    s t        0      0   0    3    3    0    1  words4_4~1 (~58~1)
   -     14    A    05       DFFE      t        0      0   0    3    5    0    1  words4_4 (:58)
   -     12    D    01       DFFE      t        1      0   0    3    4    0    1  words4_3 (:59)
   -     15    C    05       DFFE      t        1      0   0    3    4    0    1  words4_2 (:60)
   -     15    C    01       DFFE      t        1      0   0    3    4    0    1  words4_1 (:61)
   -     16    C    01       DFFE      t        1      0   0    3    4    0    1  words4_0 (:62)
   -     15    B    02       SOFT    s t        0      0   0    3    3    0    1  words5_7~1 (~63~1)
   -     16    B    02       DFFE      t        0      0   0    3    5    0    1  words5_7 (:63)
   -     16    D    05       SOFT    s t        0      0   0    3    3    0    1  words5_6~1 (~64~1)
   -     15    D    05       DFFE      t        0      0   0    3    5    0    1  words5_6 (:64)
   -     16    A    03       SOFT    s t        0      0   0    3    3    0    1  words5_5~1 (~65~1)
   -     14    A    03       DFFE      t        0      0   0    3    5    0    1  words5_5 (:65)
   -      1    A    01       SOFT    s t        0      0   0    3    3    0    1  words5_4~1 (~66~1)
   -     12    A    05       DFFE      t        0      0   0    3    5    0    1  words5_4 (:66)
   -     10    D    01       DFFE      t        1      0   0    3    4    0    1  words5_3 (:67)
   -     14    C    05       DFFE      t        1      0   0    3    4    0    1  words5_2 (:68)
   -     13    C    01       DFFE      t        1      0   0    3    4    0    1  words5_1 (:69)
   -     14    C    01       DFFE      t        1      0   0    3    4    0    1  words5_0 (:70)
   -     14    B    02       DFFE      t        1      0   0    3    4    0    1  words6_7 (:71)
   -     14    D    05       DFFE      t        1      0   0    3    4    0    1  words6_6 (:72)
   -     15    A    03       DFFE      t        1      0   0    3    4    0    1  words6_5 (:73)
   -     13    A    05       DFFE      t        1      0   0    3    4    0    1  words6_4 (:74)
   -      8    D    01       DFFE      t        1      0   0    3    4    0    1  words6_3 (:75)
   -     12    C    05       DFFE      t        1      0   0    3    4    0    1  words6_2 (:76)
   -      8    C    01       DFFE      t        1      0   0    3    4    0    1  words6_1 (:77)
   -      7    C    05       DFFE      t        1      0   0    3    4    0    1  words6_0 (:78)
   -      6    B    02       DFFE      t        1      0   0    3    4    0    1  words7_7 (:79)
   -      6    D    05       DFFE      t        1      0   0    3    4    0    1  words7_6 (:80)
   -      6    A    03       DFFE      t        1      0   0    3    4    0    1  words7_5 (:81)
   -      4    A    05       DFFE      t        1      0   0    3    4    0    1  words7_4 (:82)
   -      4    D    01       DFFE      t        1      0   0    3    4    0    1  words7_3 (:83)
   -      8    C    05       DFFE      t        1      0   0    3    4    0    1  words7_2 (:84)
   -      9    C    01       DFFE      t        1      0   0    3    4    0    1  words7_1 (:85)
   -      6    C    05       DFFE      t        1      0   0    3    4    0    1  words7_0 (:86)
   -      4    B    01        OR2    s t        1      0   1    3    7    0    1  isFull~1 (~87~1)
   -      3    B    01       SOFT    s t        1      0   1    3    6    0    1  isFull~2 (~87~2)
   -     11    B    01       DFFE      t        0      0   0    0    3    1    1  isFull (:87)
   -      2    B    01        OR2    s t        1      0   1    3    7    0    1  isEmpty~1 (~88~1)
   -      1    B    01        OR2    s t        0      0   0    3    7    0    1  isEmpty~2 (~88~2)
   -      5    B    01        OR2    s t        0      0   0    3    7    0    1  isEmpty~3 (~88~3)
   -      6    B    01        OR2    s t        0      0   0    3    7    0    1  isEmpty~4 (~88~4)
   -      7    B    01       SOFT    s t        0      0   0    3    6    0    1  isEmpty~5 (~88~5)
   -     15    B    01       DFFE      t        0      0   0    0    3    1    1  isEmpty (:88)
   -      8    B    02        OR2    s t        1      0   1    2    7    0    1  outWord7~1 (~89~1)
   -      7    B    02       SOFT    s t        1      0   1    2    8    0    1  outWord7~2 (~89~2)
   -      9    B    02       DFFE      t        0      0   0    0    3    1    1  outWord7 (:89)
   -      8    D    05        OR2    s t        1      0   1    2    7    0    1  outWord6~1 (~90~1)
   -      7    D    05       SOFT    s t        1      0   1    2    8    0    1  outWord6~2 (~90~2)
   -     11    D    05       DFFE      t        0      0   0    0    3    1    1  outWord6 (:90)
   -      8    A    03        OR2    s t        1      0   1    2    7    0    1  outWord5~1 (~91~1)
   -      7    A    03       SOFT    s t        1      0   1    2    8    0    1  outWord5~2 (~91~2)
   -     11    A    03       DFFE      t        0      0   0    0    3    1    1  outWord5 (:91)
   -      6    A    05        OR2    s t        1      0   1    2    7    0    1  outWord4~1 (~92~1)
   -      5    A    05       SOFT    s t        1      0   1    2    8    0    1  outWord4~2 (~92~2)
   -     11    A    05       DFFE      t        0      0   0    0    3    1    1  outWord4 (:92)
   -      6    D    01        OR2    s t        1      0   1    2    7    0    1  outWord3~1 (~93~1)
   -      5    D    01       SOFT    s t        1      0   1    2    8    0    1  outWord3~2 (~93~2)
   -     11    D    01       DFFE      t        0      0   0    0    3    1    1  outWord3 (:93)
   -     10    C    05        OR2    s t        1      0   1    2    7    0    1  outWord2~1 (~94~1)
   -      9    C    05       SOFT    s t        1      0   1    2    8    0    1  outWord2~2 (~94~2)
   -     11    C    05       DFFE      t        0      0   0    0    3    1    1  outWord2 (:94)
   -     11    C    01        OR2    s t        1      0   1    2    7    0    1  outWord1~1 (~95~1)
   -     10    C    01       SOFT    s t        1      0   1    2    8    0    1  outWord1~2 (~95~2)
   -      2    C    01       DFFE      t        0      0   0    0    3    1    1  outWord1 (:95)
   -      2    C    05        OR2    s t        1      0   1    2    7    0    1  outWord0~1 (~96~1)
   -      1    C    01       SOFT    s t        1      0   1    2    8    0    1  outWord0~2 (~96~2)
   -     11    C    04       DFFE      t        0      0   0    0    3    1    1  outWord0 (:96)
   -      1    B    03       TFFE      t        0      0   0    1    3    0   92  wrCounter2~194 (:114)
   -      1    B    05       DFFE      t        0      0   0    1    2    0   93  wrCounter1~194 (:115)
   -      2    D    02       TFFE      t        0      0   0    1    1    0   94  wrCounter0~194 (:116)
   -      2    D    04       TFFE      t        0      0   0    1    3    0   23  rdCounter2~196 (:117)
   -      3    D    03       DFFE      t        0      0   0    1    2    0   24  rdCounter1~196 (:118)
   -      1    B    04       TFFE      t        0      0   0    1    1    0   25  rdCounter0~196 (:119)
   -      1    A    02       SOFT    s t        0      0   0    2    0    0   80  ~3576~1


Code:

s = Synthesized pin or logic cell
t = Turbo logic cell
+ = Synchronous flipflop
/ = Slow slew-rate output
! = NOT gate push-back
r = Fitter-inserted logic cell
p = Packed register


Device-Specific Information:                c:\max2work\fifolifo\fifo_code.rpt
fifo_code

** FASTTRACK INTERCONNECT UTILIZATION **

Row FastTrack Interconnect:

         FastTrack                                 
Row     Interconnect    Input Pins     Output Pins     Bidir Pins
A:      15/ 96( 15%)    2/16( 12%)      2/16( 12%)     0/16(  0%)
B:      14/ 96( 14%)    1/16(  6%)      3/16( 18%)     0/16(  0%)
C:      18/ 96( 18%)    2/16( 12%)      2/16( 12%)     0/16(  0%)
D:      14/ 96( 14%)    2/16( 12%)      2/16( 12%)     0/16(  0%)


Column FastTrack Interconnect:

         FastTrack                                 
Column  Interconnect    Input Pins     Output Pins     Bidir Pins
01:      1/48(  2%)     0/20(  0%)      1/20(  5%)       0/20(  0%)
02:      2/48(  4%)     0/20(  0%)      0/20(  0%)       0/20(  0%)
03:      2/48(  4%)     0/20(  0%)      0/20(  0%)       0/20(  0%)
04:      2/48(  4%)     0/20(  0%)      0/20(  0%)       0/20(  0%)
05:      1/48(  2%)     0/20(  0%)      0/20(  0%)       0/20(  0%)


Device-Specific Information:                c:\max2work\fifolifo\fifo_code.rpt
fifo_code

** EQUATIONS **

DI0      : INPUT;
DI1      : INPUT;
DI2      : INPUT;
DI3      : INPUT;
DI4      : INPUT;
DI5      : INPUT;
DI6      : INPUT;
DI7      : INPUT;
RD       : INPUT;
Reset    : INPUT;
WR       : INPUT;

-- Node name is 'DO0' 
-- Equation name is 'DO0', type is output 
DO0      =  outWord0;

-- Node name is 'DO1' 
-- Equation name is 'DO1', type is output 
DO1      =  outWord1;

-- Node name is 'DO2' 
-- Equation name is 'DO2', type is output 
DO2      =  outWord2;

-- Node name is 'DO3' 
-- Equation name is 'DO3', type is output 
DO3      =  outWord3;

-- Node name is 'DO4' 
-- Equation name is 'DO4', type is output 
DO4      =  outWord4;

-- Node name is 'DO5' 
-- Equation name is 'DO5', type is output 
DO5      =  outWord5;

-- Node name is 'DO6' 
-- Equation name is 'DO6', type is output 
DO6      =  outWord6;

-- Node name is 'DO7' 
-- Equation name is 'DO7', type is output 
DO7      =  outWord7;

-- Node name is 'empty' 
-- Equation name is 'empty', type is output 
empty    =  isEmpty;

-- Node name is 'full' 
-- Equation name is 'full', type is output 
full     =  isFull;

-- Node name is ':88' = 'isEmpty' 
-- Equation name is 'isEmpty', location is LC15_B1, type is buried.
isEmpty  = DFFE( _EQ001 $  VCC, !_LC1_A2,  VCC,  VCC,  VCC);
  _EQ001 = !_LC6_B1 & !_LC7_B1;

-- Node name is '~88~1' = 'isEmpty~1' 
-- Equation name is '~88~1', location is LC2_B1, type is buried.
-- synthesized logic cell 
_LC2_B1  = LCELL( _EQ002 $  GND);
  _EQ002 =  RD &  rdCounter0~196 &  rdCounter1~196 & !rdCounter2~196 & !Reset & 
              WR &  wrCounter0~194 &  wrCounter1~194 & !wrCounter2~194
         #  RD &  rdCounter0~196 &  rdCounter1~196 &  rdCounter2~196 & !Reset & 
              WR &  wrCounter0~194 &  wrCounter1~194 &  wrCounter2~194
         #  RD & !rdCounter0~196 &  rdCounter1~196 &  rdCounter2~196 & !Reset & 
              WR & !wrCounter0~194 &  wrCounter1~194 &  wrCounter2~194
         #  isEmpty &  Reset
         #  isEmpty & !RD & !WR;

-- Node name is '~88~2' = 'isEmpty~2' 
-- Equation name is '~88~2', location is LC1_B1, type is buried.
-- synthesized logic cell 
_LC1_B1  = LCELL( _EQ003 $  GND);
  _EQ003 =  RD & !rdCounter0~196 & !rdCounter1~196 &  rdCounter2~196 & !Reset & 
              WR & !wrCounter0~194 & !wrCounter1~194 &  wrCounter2~194
         #  RD &  rdCounter0~196 & !rdCounter1~196 &  rdCounter2~196 & !Reset & 
              WR &  wrCounter0~194 & !wrCounter1~194 &  wrCounter2~194
         #  RD & !rdCounter0~196 &  rdCounter1~196 & !rdCounter2~196 & !Reset & 
              WR & !wrCounter0~194 &  wrCounter1~194 & !wrCounter2~194
         #  _LC2_B1;

-- Node name is '~88~3' = 'isEmpty~3' 
-- Equation name is '~88~3', location is LC5_B1, type is buried.
-- synthesized logic cell 
_LC5_B1  = LCELL( _EQ004 $  GND);
  _EQ004 =  RD &  rdCounter0~196 & !rdCounter1~196 & !rdCounter2~196 & !Reset & 
              WR &  wrCounter0~194 & !wrCounter1~194 & !wrCounter2~194
         #  RD & !rdCounter0~196 &  rdCounter1~196 &  rdCounter2~196 & !Reset & 
             !WR &  wrCounter0~194 &  wrCounter1~194 &  wrCounter2~194
         #  RD & !rdCounter0~196 & !rdCounter1~196 &  rdCounter2~196 & !Reset & 
             !WR &  wrCounter0~194 & !wrCounter1~194 &  wrCounter2~194
         #  _LC1_B1;

-- Node name is '~88~4' = 'isEmpty~4' 
-- Equation name is '~88~4', location is LC6_B1, type is buried.
-- synthesized logic cell 
_LC6_B1  = LCELL( _EQ005 $  GND);
  _EQ005 =  RD &  rdCounter0~196 & !rdCounter1~196 &  rdCounter2~196 & !Reset & 
             !WR & !wrCounter0~194 &  wrCounter1~194 &  wrCounter2~194
         #  RD &  rdCounter0~196 &  rdCounter1~196 & !rdCounter2~196 & !Reset & 
             !WR & !wrCounter0~194 & !wrCounter1~194 &  wrCounter2~194
         #  RD &  rdCounter0~196 &  rdCounter1~196 &  rdCounter2~196 & !Reset & 
             !WR & !wrCounter0~194 & !wrCounter1~194 & !wrCounter2~194
         #  _LC5_B1;

-- Node name is '~88~5' = 'isEmpty~5' 
-- Equation name is '~88~5', location is LC7_B1, type is buried.
-- synthesized logic cell 
_LC7_B1  = LCELL( _EQ006 $  GND);
  _EQ006 =  RD & !rdCounter0~196 & !rdCounter1~196 & !rdCounter2~196 & !Reset & 
              WR & !wrCounter0~194 & !wrCounter1~194 & !wrCounter2~194
         #  RD & !rdCounter0~196 & !rdCounter1~196 & !rdCounter2~196 & !Reset & 
             !WR &  wrCounter0~194 & !wrCounter1~194 & !wrCounter2~194
         #  RD & !rdCounter0~196 &  rdCounter1~196 & !rdCounter2~196 & !Reset & 
             !WR &  wrCounter0~194 &  wrCounter1~194 & !wrCounter2~194
         #  RD &  rdCounter0~196 & !rdCounter1~196 & !rdCounter2~196 & !Reset & 
             !WR & !wrCounter0~194 &  wrCounter1~194 & !wrCounter2~194;

-- Node name is ':87' = 'isFull' 
-- Equation name is 'isFull', location is LC11_B1, type is buried.
isFull   = DFFE( _EQ007 $  VCC, !_LC1_A2,  VCC,  VCC,  VCC);
  _EQ007 = !_LC3_B1 & !_LC4_B1;

-- Node name is '~87~1' = 'isFull~1' 
-- Equation name is '~87~1', location is LC4_B1, type is buried.
-- synthesized logic cell 
_LC4_B1  = LCELL( _EQ008 $  GND);
  _EQ008 =  isFull &  Reset
         #  isFull & !RD & !WR
         # !RD &  rdCounter0~196 &  rdCounter1~196 &  rdCounter2~196 & !Reset & 
              WR & !wrCounter0~194 &  wrCounter1~194 &  wrCounter2~194
         # !RD &  rdCounter0~196 & !rdCounter1~196 &  rdCounter2~196 & !Reset & 
              WR & !wrCounter0~194 & !wrCounter1~194 &  wrCounter2~194
         # !RD & !rdCounter0~196 &  rdCounter1~196 &  rdCounter2~196 & !Reset & 
              WR &  wrCounter0~194 & !wrCounter1~194 &  wrCounter2~194;

-- Node name is '~87~2' = 'isFull~2' 
-- Equation name is '~87~2', location is LC3_B1, type is buried.
-- synthesized logic cell 
_LC3_B1  = LCELL( _EQ009 $  GND);
  _EQ009 = !RD & !rdCounter0~196 & !rdCounter1~196 &  rdCounter2~196 & !Reset & 
              WR &  wrCounter0~194 &  wrCounter1~194 & !wrCounter2~194
         # !RD & !rdCounter0~196 & !rdCounter1~196 & !rdCounter2~196 & !Reset & 
              WR &  wrCounter0~194 &  wrCounter1~194 &  wrCounter2~194
         # !RD &  rdCounter0~196 &  rdCounter1~196 & !rdCounter2~196 & !Reset & 
              WR & !wrCounter0~194 &  wrCounter1~194 & !wrCounter2~194
         # !RD &  rdCounter0~196 & !rdCounter1~196 & !rdCounter2~196 & !Reset & 
              WR & !wrCounter0~194 & !wrCounter1~194 & !wrCounter2~194
         # !RD & !rdCounter0~196 &  rdCounter1~196 & !rdCounter2~196 & !Reset & 
              WR &  wrCounter0~194 & !wrCounter1~194 & !wrCounter2~194;

-- Node name is '~96~1' = 'outWord0~1' 
-- Equation name is '~96~1', location is LC2_C5, type is buried.
-- synthesized logic cell 
_LC2_C5  = LCELL( _EQ010 $  GND);
  _EQ010 =  outWord0 & !RD
         #  outWord0 &  Reset
         #  RD & !rdCounter0~196 &  rdCounter1~196 &  rdCounter2~196 & !Reset & 
              words6_0
         #  RD &  rdCounter0~196 &  rdCounter1~196 &  rdCounter2~196 & !Reset & 
              words7_0
         #  RD & !rdCounter0~196 &  rdCounter1~196 & !rdCounter2~196 & !Reset & 
              words2_0;

-- Node name is '~96~2' = 'outWord0~2' 
-- Equation name is '~96~2', location is LC1_C1, type is buried.
-- synthesized logic cell 
_LC1_C1  = LCELL( _EQ011 $  GND);
  _EQ011 =  RD &  rdCounter0~196 &  rdCounter1~196 & !rdCounter2~196 & !Reset & 
              words3_0
         #  RD & !rdCounter0~196 & !rdCounter1~196 &  rdCounter2~196 & !Reset & 
              words4_0
         #  RD &  rdCounter0~196 & !rdCounter1~196 &  rdCounter2~196 & !Reset & 
              words5_0
         #  RD & !rdCounter0~196 & !rdCounter1~196 & !rdCounter2~196 & !Reset & 
              words0_0
         #  RD &  rdCounter0~196 & !rdCounter1~196 & !rdCounter2~196 & !Reset & 
              words1_0;

-- Node name is ':96' = 'outWord0' 
-- Equation name is 'outWord0', location is LC11_C4, type is buried.
outWord0 = DFFE( _EQ012 $  VCC, !_LC1_A2,  VCC,  VCC,  VCC);
  _EQ012 = !_LC1_C1 & !_LC2_C5;

-- Node name is '~95~1' = 'outWord1~1' 
-- Equation name is '~95~1', location is LC11_C1, type is buried.
-- synthesized logic cell 
_LC11_C1 = LCELL( _EQ013 $  GND);
  _EQ013 =  outWord1 & !RD
         #  outWord1 &  Reset
         #  RD & !rdCounter0~196 &  rdCounter1~196 &  rdCounter2~196 & !Reset & 
              words6_1
         #  RD &  rdCounter0~196 &  rdCounter1~196 &  rdCounter2~196 & !Reset & 
              words7_1
         #  RD & !rdCounter0~196 &  rdCounter1~196 & !rdCounter2~196 & !Reset & 
              words2_1;

-- Node name is '~95~2' = 'outWord1~2' 
-- Equation name is '~95~2', location is LC10_C1, type is buried.
-- synthesized logic cell 
_LC10_C1 = LCELL( _EQ014 $  GND);
  _EQ014 =  RD &  rdCounter0~196 &  rdCounter1~196 & !rdCounter2~196 & !Reset & 
              words3_1
         #  RD & !rdCounter0~196 & !rdCounter1~196 &  rdCounter2~196 & !Reset & 
              words4_1
         #  RD &  rdCounter0~196 & !rdCounter1~196 &  rdCounter2~196 & !Reset & 
              words5_1
         #  RD & !rdCounter0~196 & !rdCounter1~196 & !rdCounter2~196 & !Reset & 
              words0_1
         #  RD &  rdCounter0~196 & !rdCounter1~196 & !rdCounter2~196 & !Reset & 
              words1_1;

-- Node name is ':95' = 'outWord1' 
-- Equation name is 'outWord1', location is LC2_C1, type is buried.
outWord1 = DFFE( _EQ015 $  VCC, !_LC1_A2,  VCC,  VCC,  VCC);
  _EQ015 = !_LC10_C1 & !_LC11_C1;

-- Node name is '~94~1' = 'outWord2~1' 
-- Equation name is '~94~1', location is LC10_C5, type is buried.
-- synthesized logic cell 
_LC10_C5 = LCELL( _EQ016 $  GND);
  _EQ016 =  outWord2 & !RD
         #  outWord2 &  Reset
         #  RD & !rdCounter0~196 &  rdCounter1~196 &  rdCounter2~196 & !Reset & 
              words6_2
         #  RD &  rdCounter0~196 &  rdCounter1~196 &  rdCounter2~196 & !Reset & 
              words7_2
         #  RD & !rdCounter0~196 &  rdCounter1~196 & !rdCounter2~196 & !Reset & 
              words2_2;

-- Node name is '~94~2' = 'outWord2~2' 
-- Equation name is '~94~2', location is LC9_C5, type is buried.
-- synthesized logic cell 
_LC9_C5  = LCELL( _EQ017 $  GND);
  _EQ017 =  RD &  rdCounter0~196 &  rdCounter1~196 & !rdCounter2~196 & !Reset & 
              words3_2
         #  RD & !rdCounter0~196 & !rdCounter1~196 &  rdCounter2~196 & !Reset & 
              words4_2
         #  RD &  rdCounter0~196 & !rdCounter1~196 &  rdCounter2~196 & !Reset & 
              words5_2
         #  RD & !rdCounter0~196 & !rdCounter1~196 & !rdCounter2~196 & !Reset & 
              words0_2
         #  RD &  rdCounter0~196 & !rdCounter1~196 & !rdCounter2~196 & !Reset & 
              words1_2;

-- Node name is ':94' = 'outWord2' 
-- Equation name is 'outWord2', location is LC11_C5, type is buried.
outWord2 = DFFE( _EQ018 $  VCC, !_LC1_A2,  VCC,  VCC,  VCC);
  _EQ018 = !_LC9_C5 & !_LC10_C5;

-- Node name is '~93~1' = 'outWord3~1' 
-- Equation name is '~93~1', location is LC6_D1, type is buried.
-- synthesized logic cell 
_LC6_D1  = LCELL( _EQ019 $  GND);
  _EQ019 =  outWord3 & !RD
         #  outWord3 &  Reset
         #  RD & !rdCounter0~196 &  rdCounter1~196 &  rdCounter2~196 & !Reset & 
              words6_3
         #  RD &  rdCounter0~196 &  rdCounter1~196 &  rdCounter2~196 & !Reset & 
              words7_3
         #  RD & !rdCounter0~196 &  rdCounter1~196 & !rdCounter2~196 & !Reset & 
              words2_3;

-- Node name is '~93~2' = 'outWord3~2' 
-- Equation name is '~93~2', location is LC5_D1, type is buried.
-- synthesized logic cell 
_LC5_D1  = LCELL( _EQ020 $  GND);
  _EQ020 =  RD &  rdCounter0~196 &  rdCounter1~196 & !rdCounter2~196 & !Reset & 
              words3_3
         #  RD & !rdCounter0~196 & !rdCounter1~196 &  rdCounter2~196 & !Reset & 
              words4_3
         #  RD &  rdCounter0~196 & !rdCounter1~196 &  rdCounter2~196 & !Reset & 
              words5_3
         #  RD & !rdCounter0~196 & !rdCounter1~196 & !rdCounter2~196 & !Reset & 
              words0_3
         #  RD &  rdCounter0~196 & !rdCounter1~196 & !rdCounter2~196 & !Reset & 
              words1_3;

-- Node name is ':93' = 'outWord3' 
-- Equation name is 'outWord3', location is LC11_D1, type is buried.
outWord3 = DFFE( _EQ021 $  VCC, !_LC1_A2,  VCC,  VCC,  VCC);
  _EQ021 = !_LC5_D1 & !_LC6_D1;

-- Node name is '~92~1' = 'outWord4~1' 
-- Equation name is '~92~1', location is LC6_A5, type is buried.
-- synthesized logic cell 
_LC6_A5  = LCELL( _EQ022 $  GND);
  _EQ022 =  outWord4 & !RD
         #  outWord4 &  Reset
         #  RD & !rdCounter0~196 &  rdCounter1~196 &  rdCounter2~196 & !Reset & 
              words6_4
         #  RD &  rdCounter0~196 &  rdCounter1~196 &  rdCounter2~196 & !Reset & 
              words7_4
         #  RD & !rdCounter0~196 &  rdCounter1~196 & !rdCounter2~196 & !Reset & 
              words2_4;

-- Node name is '~92~2' = 'outWord4~2' 
-- Equation name is '~92~2', location is LC5_A5, type is buried.
-- synthesized logic cell 
_LC5_A5  = LCELL( _EQ023 $  GND);
  _EQ023 =  RD &  rdCounter0~196 &  rdCounter1~196 & !rdCounter2~196 & !Reset & 
              words3_4
         #  RD & !rdCounter0~196 & !rdCounter1~196 &  rdCounter2~196 & !Reset & 
              words4_4
         #  RD &  rdCounter0~196 & !rdCounter1~196 &  rdCounter2~196 & !Reset & 
              words5_4
         #  RD & !rdCounter0~196 & !rdCounter1~196 & !rdCounter2~196 & !Reset & 
              words0_4
         #  RD &  rdCounter0~196 & !rdCounter1~196 & !rdCounter2~196 & !Reset & 
              words1_4;

-- Node name is ':92' = 'outWord4' 
-- Equation name is 'outWord4', location is LC11_A5, type is buried.
outWord4 = DFFE( _EQ024 $  VCC, !_LC1_A2,  VCC,  VCC,  VCC);
  _EQ024 = !_LC5_A5 & !_LC6_A5;

-- Node name is '~91~1' = 'outWord5~1' 
-- Equation name is '~91~1', location is LC8_A3, type is buried.
-- synthesized logic cell 
_LC8_A3  = LCELL( _EQ025 $  GND);
  _EQ025 =  outWord5 & !RD
         #  outWord5 &  Reset
         #  RD & !rdCounter0~196 &  rdCounter1~196 &  rdCounter2~196 & !Reset & 
              words6_5
         #  RD &  rdCounter0~196 &  rdCounter1~196 &  rdCounter2~196 & !Reset & 
              words7_5
         #  RD & !rdCounter0~196 &  rdCounter1~196 & !rdCounter2~196 & !Reset & 
              words2_5;

-- Node name is '~91~2' = 'outWord5~2' 
-- Equation name is '~91~2', location is LC7_A3, type is buried.
-- synthesized logic cell 
_LC7_A3  = LCELL( _EQ026 $  GND);
  _EQ026 =  RD &  rdCounter0~196 &  rdCounter1~196 & !rdCounter2~196 & !Reset & 
              words3_5
         #  RD & !rdCounter0~196 & !rdCounter1~196 &  rdCounter2~196 & !Reset & 
              words4_5
         #  RD &  rdCounter0~196 & !rdCounter1~196 &  rdCounter2~196 & !Reset & 
              words5_5
         #  RD & !rdCounter0~196 & !rdCounter1~196 & !rdCounter2~196 & !Reset & 
              words0_5
         #  RD &  rdCounter0~196 & !rdCounter1~196 & !rdCounter2~196 & !Reset & 
              words1_5;

-- Node name is ':91' = 'outWord5' 
-- Equation name is 'outWord5', location is LC11_A3, type is buried.
outWord5 = DFFE( _EQ027 $  VCC, !_LC1_A2,  VCC,  VCC,  VCC);
  _EQ027 = !_LC7_A3 & !_LC8_A3;

-- Node name is '~90~1' = 'outWord6~1' 
-- Equation name is '~90~1', location is LC8_D5, type is buried.
-- synthesized logic cell 
_LC8_D5  = LCELL( _EQ028 $  GND);
  _EQ028 =  outWord6 & !RD
         #  outWord6 &  Reset
         #  RD & !rdCounter0~196 &  rdCounter1~196 &  rdCounter2~196 & !Reset & 
              words6_6
         #  RD &  rdCounter0~196 &  rdCounter1~196 &  rdCounter2~196 & !Reset & 
              words7_6
         #  RD & !rdCounter0~196 &  rdCounter1~196 & !rdCounter2~196 & !Reset & 
              words2_6;

-- Node name is '~90~2' = 'outWord6~2' 
-- Equation name is '~90~2', location is LC7_D5, type is buried.
-- synthesized logic cell 
_LC7_D5  = LCELL( _EQ029 $  GND);
  _EQ029 =  RD &  rdCounter0~196 &  rdCounter1~196 & !rdCounter2~196 & !Reset & 
              words3_6
         #  RD & !rdCounter0~196 & !rdCounter1~196 &  rdCounter2~196 & !Reset & 
              words4_6
         #  RD &  rdCounter0~196 & !rdCounter1~196 &  rdCounter2~196 & !Reset & 
              words5_6
         #  RD & !rdCounter0~196 & !rdCounter1~196 & !rdCounter2~196 & !Reset & 
              words0_6
         #  RD &  rdCounter0~196 & !rdCounter1~196 & !rdCounter2~196 & !Reset & 
              words1_6;

-- Node name is ':90' = 'outWord6' 
-- Equation name is 'outWord6', location is LC11_D5, type is buried.
outWord6 = DFFE( _EQ030 $  VCC, !_LC1_A2,  VCC,  VCC,  VCC);
  _EQ030 = !_LC7_D5 & !_LC8_D5;

-- Node name is '~89~1' = 'outWord7~1' 
-- Equation name is '~89~1', location is LC8_B2, type is buried.
-- synthesized logic cell 
_LC8_B2  = LCELL( _EQ031 $  GND);
  _EQ031 =  outWord7 & !RD
         #  outWord7 &  Reset
         #  RD & !rdCounter0~196 &  rdCounter1~196 &  rdCounter2~196 & !Reset & 
              words6_7
         #  RD &  rdCounter0~196 &  rdCounter1~196 &  rdCounter2~196 & !Reset & 
              words7_7
         #  RD & !rdCounter0~196 &  rdCounter1~196 & !rdCounter2~196 & !Reset & 
              words2_7;

-- Node name is '~89~2' = 'outWord7~2' 
-- Equation name is '~89~2', location is LC7_B2, type is buried.
-- synthesized logic cell 
_LC7_B2  = LCELL( _EQ032 $  GND);
  _EQ032 =  RD &  rdCounter0~196 &  rdCounter1~196 & !rdCounter2~196 & !Reset & 
              words3_7
         #  RD & !rdCounter0~196 & !rdCounter1~196 &  rdCounter2~196 & !Reset & 
              words4_7
         #  RD &  rdCounter0~196 & !rdCounter1~196 &  rdCounter2~196 & !Reset & 
              words5_7
         #  RD & !rdCounter0~196 & !rdCounter1~196 & !rdCounter2~196 & !Reset & 
              words0_7
         #  RD &  rdCounter0~196 & !rdCounter1~196 & !rdCounter2~196 & !Reset & 
              words1_7;

-- Node name is ':89' = 'outWord7' 
-- Equation name is 'outWord7', location is LC9_B2, type is buried.
outWord7 = DFFE( _EQ033 $  VCC, !_LC1_A2,  VCC,  VCC,  VCC);
  _EQ033 = !_LC7_B2 & !_LC8_B2;

-- Node name is ':119' = 'rdCounter0~196' 
-- Equation name is 'rdCounter0~196', location is LC1_B4, type is buried.
rdCounter0~196 = TFFE( RD, !_LC1_A2, GLOBAL(!Reset),  VCC,  VCC);

-- Node name is ':118' = 'rdCounter1~196' 
-- Equation name is 'rdCounter1~196', location is LC3_D3, type is buried.
rdCounter1~196 = DFFE( _EQ034 $  GND, !_LC1_A2, GLOBAL(!Reset),  VCC,  VCC);
  _EQ034 =  RD &  rdCounter0~196 & !rdCounter1~196
         # !rdCounter0~196 &  rdCounter1~196
         # !RD &  rdCounter1~196;

-- Node name is ':117' = 'rdCounter2~196' 
-- Equation name is 'rdCounter2~196', location is LC2_D4, type is buried.
rdCounter2~196 = TFFE( _EQ035, !_LC1_A2, GLOBAL(!Reset),  VCC,  VCC);
  _EQ035 =  RD &  rdCounter0~196 &  rdCounter1~196;

-- Node name is ':30' = 'words0_0' 
-- Equation name is 'words0_0', location is LC3_C2, type is buried.
words0_0 = DFFE( _EQ036 $  GND, !_LC1_A2,  VCC,  VCC,  VCC);
  _EQ036 =  DI0 & !Reset &  WR & !wrCounter0~194 & !wrCounter1~194 & 
             !wrCounter2~194
         #  words0_0 &  _X001;
  _X001  = EXP(!DI0 & !Reset &  WR & !wrCounter0~194 & !wrCounter1~194 & 
             !wrCounter2~194);

-- Node name is ':29' = 'words0_1' 
-- Equation name is 'words0_1', location is LC12_C1, type is buried.
words0_1 = DFFE( _EQ037 $  GND, !_LC1_A2,  VCC,  VCC,  VCC);
  _EQ037 =  DI1 & !Reset &  WR & !wrCounter0~194 & !wrCounter1~194 & 
             !wrCounter2~194
         #  words0_1 &  _X002;
  _X002  = EXP(!DI1 & !Reset &  WR & !wrCounter0~194 & !wrCounter1~194 & 
             !wrCounter2~194);

-- Node name is ':28' = 'words0_2' 
-- Equation name is 'words0_2', location is LC13_C5, type is buried.
words0_2 = DFFE( _EQ038 $  GND, !_LC1_A2,  VCC,  VCC,  VCC);
  _EQ038 =  DI2 & !Reset &  WR & !wrCounter0~194 & !wrCounter1~194 & 
             !wrCounter2~194
         #  words0_2 &  _X003;
  _X003  = EXP(!DI2 & !Reset &  WR & !wrCounter0~194 & !wrCounter1~194 & 
             !wrCounter2~194);

-- Node name is ':27' = 'words0_3' 
-- Equation name is 'words0_3', location is LC9_D1, type is buried.
words0_3 = DFFE( _EQ039 $  GND, !_LC1_A2,  VCC,  VCC,  VCC);
  _EQ039 =  DI3 & !Reset &  WR & !wrCounter0~194 & !wrCounter1~194 & 
             !wrCounter2~194
         #  words0_3 &  _X004;
  _X004  = EXP(!DI3 & !Reset &  WR & !wrCounter0~194 & !wrCounter1~194 & 
             !wrCounter2~194);

-- Node name is '~26~1' = 'words0_4~1' 
-- Equation name is '~26~1', location is LC7_A5, type is buried.
-- synthesized logic cell 
_LC7_A5  = LCELL( _EQ040 $  GND);
  _EQ040 = !DI4 & !Reset &  WR & !wrCounter0~194 & !wrCounter1~194 & 
             !wrCounter2~194;

-- Node name is ':26' = 'words0_4' 
-- Equation name is 'words0_4', location is LC8_A5, type is buried.
words0_4 = DFFE( _EQ041 $  GND, !_LC1_A2,  VCC,  VCC,  VCC);
  _EQ041 =  DI4 & !Reset &  WR & !wrCounter0~194 & !wrCounter1~194 & 
             !wrCounter2~194
         # !_LC7_A5 &  words0_4;

-- Node name is '~25~1' = 'words0_5~1' 
-- Equation name is '~25~1', location is LC10_A3, type is buried.
-- synthesized logic cell 
_LC10_A3 = LCELL( _EQ042 $  GND);
  _EQ042 = !DI5 & !Reset &  WR & !wrCounter0~194 & !wrCounter1~194 & 
             !wrCounter2~194;

-- Node name is ':25' = 'words0_5' 
-- Equation name is 'words0_5', location is LC9_A3, type is buried.
words0_5 = DFFE( _EQ043 $  GND, !_LC1_A2,  VCC,  VCC,  VCC);
  _EQ043 =  DI5 & !Reset &  WR & !wrCounter0~194 & !wrCounter1~194 & 
             !wrCounter2~194
         # !_LC10_A3 &  words0_5;

-- Node name is '~24~1' = 'words0_6~1' 
-- Equation name is '~24~1', location is LC10_D5, type is buried.
-- synthesized logic cell 
_LC10_D5 = LCELL( _EQ044 $  GND);
  _EQ044 = !DI6 & !Reset &  WR & !wrCounter0~194 & !wrCounter1~194 & 
             !wrCounter2~194;

-- Node name is ':24' = 'words0_6' 
-- Equation name is 'words0_6', location is LC9_D5, type is buried.
words0_6 = DFFE( _EQ045 $  GND, !_LC1_A2,  VCC,  VCC,  VCC);
  _EQ045 =  DI6 & !Reset &  WR & !wrCounter0~194 & !wrCounter1~194 & 
             !wrCounter2~194
         # !_LC10_D5 &  words0_6;

-- Node name is '~23~1' = 'words0_7~1' 
-- Equation name is '~23~1', location is LC11_B2, type is buried.
-- synthesized logic cell 
_LC11_B2 = LCELL( _EQ046 $  GND);
  _EQ046 = !DI7 & !Reset &  WR & !wrCounter0~194 & !wrCounter1~194 & 
             !wrCounter2~194;

-- Node name is ':23' = 'words0_7' 
-- Equation name is 'words0_7', location is LC10_B2, type is buried.
words0_7 = DFFE( _EQ047 $  GND, !_LC1_A2,  VCC,  VCC,  VCC);
  _EQ047 =  DI7 & !Reset &  WR & !wrCounter0~194 & !wrCounter1~194 & 
             !wrCounter2~194
         # !_LC11_B2 &  words0_7;

-- Node name is ':38' = 'words1_0' 
-- Equation name is 'words1_0', location is LC4_C1, type is buried.
words1_0 = DFFE( _EQ048 $  GND, !_LC1_A2,  VCC,  VCC,  VCC);
  _EQ048 =  DI0 & !Reset &  WR &  wrCounter0~194 & !wrCounter1~194 & 
             !wrCounter2~194
         #  words1_0 &  _X005;
  _X005  = EXP(!DI0 & !Reset &  WR &  wrCounter0~194 & !wrCounter1~194 & 
             !wrCounter2~194);

-- Node name is ':37' = 'words1_1' 
-- Equation name is 'words1_1', location is LC5_C1, type is buried.
words1_1 = DFFE( _EQ049 $  GND, !_LC1_A2,  VCC,  VCC,  VCC);
  _EQ049 =  DI1 & !Reset &  WR &  wrCounter0~194 & !wrCounter1~194 & 
             !wrCounter2~194
         #  words1_1 &  _X006;
  _X006  = EXP(!DI1 & !Reset &  WR &  wrCounter0~194 & !wrCounter1~194 & 
             !wrCounter2~194);

-- Node name is ':36' = 'words1_2' 
-- Equation name is 'words1_2', location is LC5_C5, type is buried.
words1_2 = DFFE( _EQ050 $  GND, !_LC1_A2,  VCC,  VCC,  VCC);
  _EQ050 =  DI2 & !Reset &  WR &  wrCounter0~194 & !wrCounter1~194 & 
             !wrCounter2~194
         #  words1_2 &  _X007;
  _X007  = EXP(!DI2 & !Reset &  WR &  wrCounter0~194 & !wrCounter1~194 & 
             !wrCounter2~194);

-- Node name is '~35~1' = 'words1_3~1' 
-- Equation name is '~35~1', location is LC7_D1, type is buried.
-- synthesized logic cell 
_LC7_D1  = LCELL( _EQ051 $  GND);
  _EQ051 = !DI3 & !Reset &  WR &  wrCounter0~194 & !wrCounter1~194 & 
             !wrCounter2~194;

-- Node name is ':35' = 'words1_3' 
-- Equation name is 'words1_3', location is LC3_D1, type is buried.
words1_3 = DFFE( _EQ052 $  GND, !_LC1_A2,  VCC,  VCC,  VCC);
  _EQ052 =  DI3 & !Reset &  WR &  wrCounter0~194 & !wrCounter1~194 & 
             !wrCounter2~194
         # !_LC7_D1 &  words1_3;

-- Node name is '~34~1' = 'words1_4~1' 
-- Equation name is '~34~1', location is LC10_A5, type is buried.
-- synthesized logic cell 
_LC10_A5 = LCELL( _EQ053 $  GND);
  _EQ053 = !DI4 & !Reset &  WR &  wrCounter0~194 & !wrCounter1~194 & 
             !wrCounter2~194;

-- Node name is ':34' = 'words1_4' 
-- Equation name is 'words1_4', location is LC9_A5, type is buried.
words1_4 = DFFE( _EQ054 $  GND, !_LC1_A2,  VCC,  VCC,  VCC);
  _EQ054 =  DI4 & !Reset &  WR &  wrCounter0~194 & !wrCounter1~194 & 
             !wrCounter2~194
         # !_LC10_A5 &  words1_4;

-- Node name is '~33~1' = 'words1_5~1' 
-- Equation name is '~33~1', location is LC13_A3, type is buried.
-- synthesized logic cell 
_LC13_A3 = LCELL( _EQ055 $  GND);
  _EQ055 = !DI5 & !Reset &  WR &  wrCounter0~194 & !wrCounter1~194 & 
             !wrCounter2~194;

-- Node name is ':33' = 'words1_5' 
-- Equation name is 'words1_5', location is LC12_A3, type is buried.
words1_5 = DFFE( _EQ056 $  GND, !_LC1_A2,  VCC,  VCC,  VCC);
  _EQ056 =  DI5 & !Reset &  WR &  wrCounter0~194 & !wrCounter1~194 & 
             !wrCounter2~194
         # !_LC13_A3 &  words1_5;

-- Node name is '~32~1' = 'words1_6~1' 
-- Equation name is '~32~1', location is LC13_D5, type is buried.
-- synthesized logic cell 
_LC13_D5 = LCELL( _EQ057 $  GND);
  _EQ057 = !DI6 & !Reset &  WR &  wrCounter0~194 & !wrCounter1~194 & 
             !wrCounter2~194;

-- Node name is ':32' = 'words1_6' 
-- Equation name is 'words1_6', location is LC12_D5, type is buried.
words1_6 = DFFE( _EQ058 $  GND, !_LC1_A2,  VCC,  VCC,  VCC);
  _EQ058 =  DI6 & !Reset &  WR &  wrCounter0~194 & !wrCounter1~194 & 
             !wrCounter2~194
         # !_LC13_D5 &  words1_6;

-- Node name is '~31~1' = 'words1_7~1' 
-- Equation name is '~31~1', location is LC13_B2, type is buried.
-- synthesized logic cell 
_LC13_B2 = LCELL( _EQ059 $  GND);
  _EQ059 = !DI7 & !Reset &  WR &  wrCounter0~194 & !wrCounter1~194 & 
             !wrCounter2~194;

-- Node name is ':31' = 'words1_7' 
-- Equation name is 'words1_7', location is LC12_B2, type is buried.
words1_7 = DFFE( _EQ060 $  GND, !_LC1_A2,  VCC,  VCC,  VCC);
  _EQ060 =  DI7 & !Reset &  WR &  wrCounter0~194 & !wrCounter1~194 & 
             !wrCounter2~194
         # !_LC13_B2 &  words1_7;

-- Node name is ':46' = 'words2_0' 
-- Equation name is 'words2_0', location is LC1_C5, type is buried.
words2_0 = DFFE( _EQ061 $  GND, !_LC1_A2,  VCC,  VCC,  VCC);
  _EQ061 =  DI0 & !Reset &  WR & !wrCounter0~194 &  wrCounter1~194 & 
             !wrCounter2~194
         #  words2_0 &  _X008;
  _X008  = EXP(!DI0 & !Reset &  WR & !wrCounter0~194 &  wrCounter1~194 & 
             !wrCounter2~194);

-- Node name is ':45' = 'words2_1' 
-- Equation name is 'words2_1', location is LC3_C1, type is buried.
words2_1 = DFFE( _EQ062 $  GND, !_LC1_A2,  VCC,  VCC,  VCC);
  _EQ062 =  DI1 & !Reset &  WR & !wrCounter0~194 &  wrCounter1~194 & 
             !wrCounter2~194
         #  words2_1 &  _X009;
  _X009  = EXP(!DI1 & !Reset &  WR & !wrCounter0~194 &  wrCounter1~194 & 
             !wrCounter2~194);

-- Node name is ':44' = 'words2_2' 
-- Equation name is 'words2_2', location is LC3_C5, type is buried.
words2_2 = DFFE( _EQ063 $  GND, !_LC1_A2,  VCC,  VCC,  VCC);
  _EQ063 =  DI2 & !Reset &  WR & !wrCounter0~194 &  wrCounter1~194 & 
             !wrCounter2~194
         #  words2_2 &  _X010;
  _X010  = EXP(!DI2 & !Reset &  WR & !wrCounter0~194 &  wrCounter1~194 & 
             !wrCounter2~194);

-- Node name is ':43' = 'words2_3' 
-- Equation name is 'words2_3', location is LC1_D1, type is buried.
words2_3 = DFFE( _EQ064 $  GND, !_LC1_A2,  VCC,  VCC,  VCC);
  _EQ064 =  DI3 & !Reset &  WR & !wrCounter0~194 &  wrCounter1~194 & 
             !wrCounter2~194
         #  words2_3 &  _X011;
  _X011  = EXP(!DI3 & !Reset &  WR & !wrCounter0~194 &  wrCounter1~194 & 
             !wrCounter2~194);

-- Node name is ':42' = 'words2_4' 
-- Equation name is 'words2_4', location is LC1_A5, type is buried.
words2_4 = DFFE( _EQ065 $  GND, !_LC1_A2,  VCC,  VCC,  VCC);
  _EQ065 =  DI4 & !Reset &  WR & !wrCounter0~194 &  wrCounter1~194 & 
             !wrCounter2~194
         #  words2_4 &  _X012;
  _X012  = EXP(!DI4 & !Reset &  WR & !wrCounter0~194 &  wrCounter1~194 & 
             !wrCounter2~194);

-- Node name is ':41' = 'words2_5' 
-- Equation name is 'words2_5', location is LC1_A3, type is buried.
words2_5 = DFFE( _EQ066 $  GND, !_LC1_A2,  VCC,  VCC,  VCC);
  _EQ066 =  DI5 & !Reset &  WR & !wrCounter0~194 &  wrCounter1~194 & 
             !wrCounter2~194
         #  words2_5 &  _X013;
  _X013  = EXP(!DI5 & !Reset &  WR & !wrCounter0~194 &  wrCounter1~194 & 
             !wrCounter2~194);

-- Node name is ':40' = 'words2_6' 
-- Equation name is 'words2_6', location is LC1_D5, type is buried.
words2_6 = DFFE( _EQ067 $  GND, !_LC1_A2,  VCC,  VCC,  VCC);
  _EQ067 =  DI6 & !Reset &  WR & !wrCounter0~194 &  wrCounter1~194 & 
             !wrCounter2~194
         #  words2_6 &  _X014;
  _X014  = EXP(!DI6 & !Reset &  WR & !wrCounter0~194 &  wrCounter1~194 & 
             !wrCounter2~194);

-- Node name is ':39' = 'words2_7' 
-- Equation name is 'words2_7', location is LC3_B2, type is buried.
words2_7 = DFFE( _EQ068 $  GND, !_LC1_A2,  VCC,  VCC,  VCC);
  _EQ068 =  DI7 & !Reset &  WR & !wrCounter0~194 &  wrCounter1~194 & 
             !wrCounter2~194
         #  words2_7 &  _X015;
  _X015  = EXP(!DI7 & !Reset &  WR & !wrCounter0~194 &  wrCounter1~194 & 
             !wrCounter2~194);

-- Node name is ':54' = 'words3_0' 
-- Equation name is 'words3_0', location is LC6_C1, type is buried.
words3_0 = DFFE( _EQ069 $  GND, !_LC1_A2,  VCC,  VCC,  VCC);
  _EQ069 =  DI0 & !Reset &  WR &  wrCounter0~194 &  wrCounter1~194 & 
             !wrCounter2~194
         #  words3_0 &  _X016;
  _X016  = EXP(!DI0 & !Reset &  WR &  wrCounter0~194 &  wrCounter1~194 & 
             !wrCounter2~194);

-- Node name is ':53' = 'words3_1' 
-- Equation name is 'words3_1', location is LC7_C1, type is buried.
words3_1 = DFFE( _EQ070 $  GND, !_LC1_A2,  VCC,  VCC,  VCC);
  _EQ070 =  DI1 & !Reset &  WR &  wrCounter0~194 &  wrCounter1~194 & 
             !wrCounter2~194
         #  words3_1 &  _X017;
  _X017  = EXP(!DI1 & !Reset &  WR &  wrCounter0~194 &  wrCounter1~194 & 
             !wrCounter2~194);

-- Node name is ':52' = 'words3_2' 
-- Equation name is 'words3_2', location is LC4_C5, type is buried.
words3_2 = DFFE( _EQ071 $  GND, !_LC1_A2,  VCC,  VCC,  VCC);
  _EQ071 =  DI2 & !Reset &  WR &  wrCounter0~194 &  wrCounter1~194 & 
             !wrCounter2~194
         #  words3_2 &  _X018;
  _X018  = EXP(!DI2 & !Reset &  WR &  wrCounter0~194 &  wrCounter1~194 & 
             !wrCounter2~194);

-- Node name is ':51' = 'words3_3' 
-- Equation name is 'words3_3', location is LC2_D1, type is buried.
words3_3 = DFFE( _EQ072 $  GND, !_LC1_A2,  VCC,  VCC,  VCC);
  _EQ072 =  DI3 & !Reset &  WR &  wrCounter0~194 &  wrCounter1~194 & 
             !wrCounter2~194
         #  words3_3 &  _X019;
  _X019  = EXP(!DI3 & !Reset &  WR &  wrCounter0~194 &  wrCounter1~194 & 
             !wrCounter2~194);

-- Node name is '~50~1' = 'words3_4~1' 
-- Equation name is '~50~1', location is LC3_A5, type is buried.
-- synthesized logic cell 
_LC3_A5  = LCELL( _EQ073 $  GND);
  _EQ073 = !DI4 & !Reset &  WR &  wrCounter0~194 &  wrCounter1~194 & 
             !wrCounter2~194;

-- Node name is ':50' = 'words3_4' 
-- Equation name is 'words3_4', location is LC2_A5, type is buried.
words3_4 = DFFE( _EQ074 $  GND, !_LC1_A2,  VCC,  VCC,  VCC);
  _EQ074 =  DI4 & !Reset &  WR &  wrCounter0~194 &  wrCounter1~194 & 
             !wrCounter2~194
         # !_LC3_A5 &  words3_4;

-- Node name is '~49~1' = 'words3_5~1' 
-- Equation name is '~49~1', location is LC2_A3, type is buried.
-- synthesized logic cell 
_LC2_A3  = LCELL( _EQ075 $  GND);
  _EQ075 = !DI5 & !Reset &  WR &  wrCounter0~194 &  wrCounter1~194 & 
             !wrCounter2~194;

-- Node name is ':49' = 'words3_5' 
-- Equation name is 'words3_5', location is LC5_A3, type is buried.
words3_5 = DFFE( _EQ076 $  GND, !_LC1_A2,  VCC,  VCC,  VCC);
  _EQ076 =  DI5 & !Reset &  WR &  wrCounter0~194 &  wrCounter1~194 & 
             !wrCounter2~194
         # !_LC2_A3 &  words3_5;

-- Node name is '~48~1' = 'words3_6~1' 
-- Equation name is '~48~1', location is LC2_D5, type is buried.
-- synthesized logic cell 
_LC2_D5  = LCELL( _EQ077 $  GND);
  _EQ077 = !DI6 & !Reset &  WR &  wrCounter0~194 &  wrCounter1~194 & 
             !wrCounter2~194;

-- Node name is ':48' = 'words3_6' 
-- Equation name is 'words3_6', location is LC3_D5, type is buried.
words3_6 = DFFE( _EQ078 $  GND, !_LC1_A2,  VCC,  VCC,  VCC);
  _EQ078 =  DI6 & !Reset &  WR &  wrCounter0~194 &  wrCounter1~194 & 
             !wrCounter2~194
         # !_LC2_D5 &  words3_6;

-- Node name is '~47~1' = 'words3_7~1' 
-- Equation name is '~47~1', location is LC2_B2, type is buried.
-- synthesized logic cell 
_LC2_B2  = LCELL( _EQ079 $  GND);
  _EQ079 = !DI7 & !Reset &  WR &  wrCounter0~194 &  wrCounter1~194 & 
             !wrCounter2~194;

-- Node name is ':47' = 'words3_7' 
-- Equation name is 'words3_7', location is LC1_B2, type is buried.
words3_7 = DFFE( _EQ080 $  GND, !_LC1_A2,  VCC,  VCC,  VCC);
  _EQ080 =  DI7 & !Reset &  WR &  wrCounter0~194 &  wrCounter1~194 & 
             !wrCounter2~194
         # !_LC2_B2 &  words3_7;

-- Node name is ':62' = 'words4_0' 
-- Equation name is 'words4_0', location is LC16_C1, type is buried.
words4_0 = DFFE( _EQ081 $  GND, !_LC1_A2,  VCC,  VCC,  VCC);
  _EQ081 =  DI0 & !Reset &  WR & !wrCounter0~194 & !wrCounter1~194 & 
              wrCounter2~194
         #  words4_0 &  _X020;
  _X020  = EXP(!DI0 & !Reset &  WR & !wrCounter0~194 & !wrCounter1~194 & 
              wrCounter2~194);

-- Node name is ':61' = 'words4_1' 
-- Equation name is 'words4_1', location is LC15_C1, type is buried.
words4_1 = DFFE( _EQ082 $  GND, !_LC1_A2,  VCC,  VCC,  VCC);
  _EQ082 =  DI1 & !Reset &  WR & !wrCounter0~194 & !wrCounter1~194 & 
              wrCounter2~194
         #  words4_1 &  _X021;
  _X021  = EXP(!DI1 & !Reset &  WR & !wrCounter0~194 & !wrCounter1~194 & 
              wrCounter2~194);

-- Node name is ':60' = 'words4_2' 
-- Equation name is 'words4_2', location is LC15_C5, type is buried.
words4_2 = DFFE( _EQ083 $  GND, !_LC1_A2,  VCC,  VCC,  VCC);
  _EQ083 =  DI2 & !Reset &  WR & !wrCounter0~194 & !wrCounter1~194 & 
              wrCounter2~194
         #  words4_2 &  _X022;
  _X022  = EXP(!DI2 & !Reset &  WR & !wrCounter0~194 & !wrCounter1~194 & 
              wrCounter2~194);

-- Node name is ':59' = 'words4_3' 
-- Equation name is 'words4_3', location is LC12_D1, type is buried.
words4_3 = DFFE( _EQ084 $  GND, !_LC1_A2,  VCC,  VCC,  VCC);
  _EQ084 =  DI3 & !Reset &  WR & !wrCounter0~194 & !wrCounter1~194 & 
              wrCounter2~194
         #  words4_3 &  _X023;
  _X023  = EXP(!DI3 & !Reset &  WR & !wrCounter0~194 & !wrCounter1~194 & 
              wrCounter2~194);

-- Node name is '~58~1' = 'words4_4~1' 
-- Equation name is '~58~1', location is LC15_A5, type is buried.
-- synthesized logic cell 
_LC15_A5 = LCELL( _EQ085 $  GND);
  _EQ085 = !DI4 & !Reset &  WR & !wrCounter0~194 & !wrCounter1~194 & 
              wrCounter2~194;

-- Node name is ':58' = 'words4_4' 
-- Equation name is 'words4_4', location is LC14_A5, type is buried.
words4_4 = DFFE( _EQ086 $  GND, !_LC1_A2,  VCC,  VCC,  VCC);
  _EQ086 =  DI4 & !Reset &  WR & !wrCounter0~194 & !wrCounter1~194 & 
              wrCounter2~194
         # !_LC15_A5 &  words4_4;

-- Node name is '~57~1' = 'words4_5~1' 
-- Equation name is '~57~1', location is LC4_A3, type is buried.
-- synthesized logic cell 
_LC4_A3  = LCELL( _EQ087 $  GND);
  _EQ087 = !DI5 & !Reset &  WR & !wrCounter0~194 & !wrCounter1~194 & 
              wrCounter2~194;

-- Node name is ':57' = 'words4_5' 
-- Equation name is 'words4_5', location is LC3_A3, type is buried.
words4_5 = DFFE( _EQ088 $  GND, !_LC1_A2,  VCC,  VCC,  VCC);
  _EQ088 =  DI5 & !Reset &  WR & !wrCounter0~194 & !wrCounter1~194 & 
              wrCounter2~194
         # !_LC4_A3 &  words4_5;

-- Node name is '~56~1' = 'words4_6~1' 
-- Equation name is '~56~1', location is LC5_D5, type is buried.
-- synthesized logic cell 
_LC5_D5  = LCELL( _EQ089 $  GND);
  _EQ089 = !DI6 & !Reset &  WR & !wrCounter0~194 & !wrCounter1~194 & 
              wrCounter2~194;

-- Node name is ':56' = 'words4_6' 
-- Equation name is 'words4_6', location is LC4_D5, type is buried.
words4_6 = DFFE( _EQ090 $  GND, !_LC1_A2,  VCC,  VCC,  VCC);
  _EQ090 =  DI6 & !Reset &  WR & !wrCounter0~194 & !wrCounter1~194 & 
              wrCounter2~194
         # !_LC5_D5 &  words4_6;

-- Node name is '~55~1' = 'words4_7~1' 
-- Equation name is '~55~1', location is LC5_B2, type is buried.
-- synthesized logic cell 
_LC5_B2  = LCELL( _EQ091 $  GND);
  _EQ091 = !DI7 & !Reset &  WR & !wrCounter0~194 & !wrCounter1~194 & 
              wrCounter2~194;

-- Node name is ':55' = 'words4_7' 
-- Equation name is 'words4_7', location is LC4_B2, type is buried.
words4_7 = DFFE( _EQ092 $  GND, !_LC1_A2,  VCC,  VCC,  VCC);
  _EQ092 =  DI7 & !Reset &  WR & !wrCounter0~194 & !wrCounter1~194 & 
              wrCounter2~194
         # !_LC5_B2 &  words4_7;

-- Node name is ':70' = 'words5_0' 
-- Equation name is 'words5_0', location is LC14_C1, type is buried.
words5_0 = DFFE( _EQ093 $  GND, !_LC1_A2,  VCC,  VCC,  VCC);
  _EQ093 =  DI0 & !Reset &  WR &  wrCounter0~194 & !wrCounter1~194 & 
              wrCounter2~194
         #  words5_0 &  _X024;
  _X024  = EXP(!DI0 & !Reset &  WR &  wrCounter0~194 & !wrCounter1~194 & 
              wrCounter2~194);

-- Node name is ':69' = 'words5_1' 
-- Equation name is 'words5_1', location is LC13_C1, type is buried.
words5_1 = DFFE( _EQ094 $  GND, !_LC1_A2,  VCC,  VCC,  VCC);
  _EQ094 =  DI1 & !Reset &  WR &  wrCounter0~194 & !wrCounter1~194 & 
              wrCounter2~194
         #  words5_1 &  _X025;
  _X025  = EXP(!DI1 & !Reset &  WR &  wrCounter0~194 & !wrCounter1~194 & 
              wrCounter2~194);

-- Node name is ':68' = 'words5_2' 
-- Equation name is 'words5_2', location is LC14_C5, type is buried.
words5_2 = DFFE( _EQ095 $  GND, !_LC1_A2,  VCC,  VCC,  VCC);
  _EQ095 =  DI2 & !Reset &  WR &  wrCounter0~194 & !wrCounter1~194 & 
              wrCounter2~194
         #  words5_2 &  _X026;
  _X026  = EXP(!DI2 & !Reset &  WR &  wrCounter0~194 & !wrCounter1~194 & 
              wrCounter2~194);

-- Node name is ':67' = 'words5_3' 
-- Equation name is 'words5_3', location is LC10_D1, type is buried.
words5_3 = DFFE( _EQ096 $  GND, !_LC1_A2,  VCC,  VCC,  VCC);
  _EQ096 =  DI3 & !Reset &  WR &  wrCounter0~194 & !wrCounter1~194 & 
              wrCounter2~194
         #  words5_3 &  _X027;
  _X027  = EXP(!DI3 & !Reset &  WR &  wrCounter0~194 & !wrCounter1~194 & 
              wrCounter2~194);

-- Node name is '~66~1' = 'words5_4~1' 
-- Equation name is '~66~1', location is LC1_A1, type is buried.
-- synthesized logic cell 
_LC1_A1  = LCELL( _EQ097 $  GND);
  _EQ097 = !DI4 & !Reset &  WR &  wrCounter0~194 & !wrCounter1~194 & 
              wrCounter2~194;

-- Node name is ':66' = 'words5_4' 
-- Equation name is 'words5_4', location is LC12_A5, type is buried.
words5_4 = DFFE( _EQ098 $  GND, !_LC1_A2,  VCC,  VCC,  VCC);
  _EQ098 =  DI4 & !Reset &  WR &  wrCounter0~194 & !wrCounter1~194 & 
              wrCounter2~194
         # !_LC1_A1 &  words5_4;

-- Node name is '~65~1' = 'words5_5~1' 
-- Equation name is '~65~1', location is LC16_A3, type is buried.
-- synthesized logic cell 
_LC16_A3 = LCELL( _EQ099 $  GND);
  _EQ099 = !DI5 & !Reset &  WR &  wrCounter0~194 & !wrCounter1~194 & 
              wrCounter2~194;

-- Node name is ':65' = 'words5_5' 
-- Equation name is 'words5_5', location is LC14_A3, type is buried.
words5_5 = DFFE( _EQ100 $  GND, !_LC1_A2,  VCC,  VCC,  VCC);
  _EQ100 =  DI5 & !Reset &  WR &  wrCounter0~194 & !wrCounter1~194 & 
              wrCounter2~194
         # !_LC16_A3 &  words5_5;

-- Node name is '~64~1' = 'words5_6~1' 
-- Equation name is '~64~1', location is LC16_D5, type is buried.
-- synthesized logic cell 
_LC16_D5 = LCELL( _EQ101 $  GND);
  _EQ101 = !DI6 & !Reset &  WR &  wrCounter0~194 & !wrCounter1~194 & 
              wrCounter2~194;

-- Node name is ':64' = 'words5_6' 
-- Equation name is 'words5_6', location is LC15_D5, type is buried.
words5_6 = DFFE( _EQ102 $  GND, !_LC1_A2,  VCC,  VCC,  VCC);
  _EQ102 =  DI6 & !Reset &  WR &  wrCounter0~194 & !wrCounter1~194 & 
              wrCounter2~194
         # !_LC16_D5 &  words5_6;

-- Node name is '~63~1' = 'words5_7~1' 
-- Equation name is '~63~1', location is LC15_B2, type is buried.
-- synthesized logic cell 
_LC15_B2 = LCELL( _EQ103 $  GND);
  _EQ103 = !DI7 & !Reset &  WR &  wrCounter0~194 & !wrCounter1~194 & 
              wrCounter2~194;

-- Node name is ':63' = 'words5_7' 
-- Equation name is 'words5_7', location is LC16_B2, type is buried.
words5_7 = DFFE( _EQ104 $  GND, !_LC1_A2,  VCC,  VCC,  VCC);
  _EQ104 =  DI7 & !Reset &  WR &  wrCounter0~194 & !wrCounter1~194 & 
              wrCounter2~194
         # !_LC15_B2 &  words5_7;

-- Node name is ':78' = 'words6_0' 
-- Equation name is 'words6_0', location is LC7_C5, type is buried.
words6_0 = DFFE( _EQ105 $  GND, !_LC1_A2,  VCC,  VCC,  VCC);
  _EQ105 =  DI0 & !Reset &  WR & !wrCounter0~194 &  wrCounter1~194 & 
              wrCounter2~194
         #  words6_0 &  _X028;
  _X028  = EXP(!DI0 & !Reset &  WR & !wrCounter0~194 &  wrCounter1~194 & 
              wrCounter2~194);

-- Node name is ':77' = 'words6_1' 
-- Equation name is 'words6_1', location is LC8_C1, type is buried.
words6_1 = DFFE( _EQ106 $  GND, !_LC1_A2,  VCC,  VCC,  VCC);
  _EQ106 =  DI1 & !Reset &  WR & !wrCounter0~194 &  wrCounter1~194 & 
              wrCounter2~194
         #  words6_1 &  _X029;
  _X029  = EXP(!DI1 & !Reset &  WR & !wrCounter0~194 &  wrCounter1~194 & 
              wrCounter2~194);

-- Node name is ':76' = 'words6_2' 
-- Equation name is 'words6_2', location is LC12_C5, type is buried.
words6_2 = DFFE( _EQ107 $  GND, !_LC1_A2,  VCC,  VCC,  VCC);
  _EQ107 =  DI2 & !Reset &  WR & !wrCounter0~194 &  wrCounter1~194 & 
              wrCounter2~194
         #  words6_2 &  _X030;
  _X030  = EXP(!DI2 & !Reset &  WR & !wrCounter0~194 &  wrCounter1~194 & 
              wrCounter2~194);

-- Node name is ':75' = 'words6_3' 
-- Equation name is 'words6_3', location is LC8_D1, type is buried.
words6_3 = DFFE( _EQ108 $  GND, !_LC1_A2,  VCC,  VCC,  VCC);
  _EQ108 =  DI3 & !Reset &  WR & !wrCounter0~194 &  wrCounter1~194 & 
              wrCounter2~194
         #  words6_3 &  _X031;
  _X031  = EXP(!DI3 & !Reset &  WR & !wrCounter0~194 &  wrCounter1~194 & 
              wrCounter2~194);

-- Node name is ':74' = 'words6_4' 
-- Equation name is 'words6_4', location is LC13_A5, type is buried.
words6_4 = DFFE( _EQ109 $  GND, !_LC1_A2,  VCC,  VCC,  VCC);
  _EQ109 =  DI4 & !Reset &  WR & !wrCounter0~194 &  wrCounter1~194 & 
              wrCounter2~194
         #  words6_4 &  _X032;
  _X032  = EXP(!DI4 & !Reset &  WR & !wrCounter0~194 &  wrCounter1~194 & 
              wrCounter2~194);

-- Node name is ':73' = 'words6_5' 
-- Equation name is 'words6_5', location is LC15_A3, type is buried.
words6_5 = DFFE( _EQ110 $  GND, !_LC1_A2,  VCC,  VCC,  VCC);
  _EQ110 =  DI5 & !Reset &  WR & !wrCounter0~194 &  wrCounter1~194 & 
              wrCounter2~194
         #  words6_5 &  _X033;
  _X033  = EXP(!DI5 & !Reset &  WR & !wrCounter0~194 &  wrCounter1~194 & 
              wrCounter2~194);

-- Node name is ':72' = 'words6_6' 
-- Equation name is 'words6_6', location is LC14_D5, type is buried.
words6_6 = DFFE( _EQ111 $  GND, !_LC1_A2,  VCC,  VCC,  VCC);
  _EQ111 =  DI6 & !Reset &  WR & !wrCounter0~194 &  wrCounter1~194 & 
              wrCounter2~194
         #  words6_6 &  _X034;
  _X034  = EXP(!DI6 & !Reset &  WR & !wrCounter0~194 &  wrCounter1~194 & 
              wrCounter2~194);

-- Node name is ':71' = 'words6_7' 
-- Equation name is 'words6_7', location is LC14_B2, type is buried.
words6_7 = DFFE( _EQ112 $  GND, !_LC1_A2,  VCC,  VCC,  VCC);
  _EQ112 =  DI7 & !Reset &  WR & !wrCounter0~194 &  wrCounter1~194 & 
              wrCounter2~194
         #  words6_7 &  _X035;
  _X035  = EXP(!DI7 & !Reset &  WR & !wrCounter0~194 &  wrCounter1~194 & 
              wrCounter2~194);

-- Node name is ':86' = 'words7_0' 
-- Equation name is 'words7_0', location is LC6_C5, type is buried.
words7_0 = DFFE( _EQ113 $  GND, !_LC1_A2,  VCC,  VCC,  VCC);
  _EQ113 =  DI0 & !Reset &  WR &  wrCounter0~194 &  wrCounter1~194 & 
              wrCounter2~194
         #  words7_0 &  _X036;
  _X036  = EXP(!DI0 & !Reset &  WR &  wrCounter0~194 &  wrCounter1~194 & 
              wrCounter2~194);

-- Node name is ':85' = 'words7_1' 
-- Equation name is 'words7_1', location is LC9_C1, type is buried.
words7_1 = DFFE( _EQ114 $  GND, !_LC1_A2,  VCC,  VCC,  VCC);
  _EQ114 =  DI1 & !Reset &  WR &  wrCounter0~194 &  wrCounter1~194 & 
              wrCounter2~194
         #  words7_1 &  _X037;
  _X037  = EXP(!DI1 & !Reset &  WR &  wrCounter0~194 &  wrCounter1~194 & 
              wrCounter2~194);

-- Node name is ':84' = 'words7_2' 
-- Equation name is 'words7_2', location is LC8_C5, type is buried.
words7_2 = DFFE( _EQ115 $  GND, !_LC1_A2,  VCC,  VCC,  VCC);
  _EQ115 =  DI2 & !Reset &  WR &  wrCounter0~194 &  wrCounter1~194 & 
              wrCounter2~194
         #  words7_2 &  _X038;
  _X038  = EXP(!DI2 & !Reset &  WR &  wrCounter0~194 &  wrCounter1~194 & 
              wrCounter2~194);

-- Node name is ':83' = 'words7_3' 
-- Equation name is 'words7_3', location is LC4_D1, type is buried.
words7_3 = DFFE( _EQ116 $  GND, !_LC1_A2,  VCC,  VCC,  VCC);
  _EQ116 =  DI3 & !Reset &  WR &  wrCounter0~194 &  wrCounter1~194 & 
              wrCounter2~194
         #  words7_3 &  _X039;
  _X039  = EXP(!DI3 & !Reset &  WR &  wrCounter0~194 &  wrCounter1~194 & 
              wrCounter2~194);

-- Node name is ':82' = 'words7_4' 
-- Equation name is 'words7_4', location is LC4_A5, type is buried.
words7_4 = DFFE( _EQ117 $  GND, !_LC1_A2,  VCC,  VCC,  VCC);
  _EQ117 =  DI4 & !Reset &  WR &  wrCounter0~194 &  wrCounter1~194 & 
              wrCounter2~194
         #  words7_4 &  _X040;
  _X040  = EXP(!DI4 & !Reset &  WR &  wrCounter0~194 &  wrCounter1~194 & 
              wrCounter2~194);

-- Node name is ':81' = 'words7_5' 
-- Equation name is 'words7_5', location is LC6_A3, type is buried.
words7_5 = DFFE( _EQ118 $  GND, !_LC1_A2,  VCC,  VCC,  VCC);
  _EQ118 =  DI5 & !Reset &  WR &  wrCounter0~194 &  wrCounter1~194 & 
              wrCounter2~194
         #  words7_5 &  _X041;
  _X041  = EXP(!DI5 & !Reset &  WR &  wrCounter0~194 &  wrCounter1~194 & 
              wrCounter2~194);

-- Node name is ':80' = 'words7_6' 
-- Equation name is 'words7_6', location is LC6_D5, type is buried.
words7_6 = DFFE( _EQ119 $  GND, !_LC1_A2,  VCC,  VCC,  VCC);
  _EQ119 =  DI6 & !Reset &  WR &  wrCounter0~194 &  wrCounter1~194 & 
              wrCounter2~194
         #  words7_6 &  _X042;
  _X042  = EXP(!DI6 & !Reset &  WR &  wrCounter0~194 &  wrCounter1~194 & 
              wrCounter2~194);

-- Node name is ':79' = 'words7_7' 
-- Equation name is 'words7_7', location is LC6_B2, type is buried.
words7_7 = DFFE( _EQ120 $  GND, !_LC1_A2,  VCC,  VCC,  VCC);
  _EQ120 =  DI7 & !Reset &  WR &  wrCounter0~194 &  wrCounter1~194 & 
              wrCounter2~194
         #  words7_7 &  _X043;
  _X043  = EXP(!DI7 & !Reset &  WR &  wrCounter0~194 &  wrCounter1~194 & 
              wrCounter2~194);

-- Node name is ':116' = 'wrCounter0~194' 
-- Equation name is 'wrCounter0~194', location is LC2_D2, type is buried.
wrCounter0~194 = TFFE( WR, !_LC1_A2, GLOBAL(!Reset),  VCC,  VCC);

-- Node name is ':115' = 'wrCounter1~194' 
-- Equation name is 'wrCounter1~194', location is LC1_B5, type is buried.
wrCounter1~194 = DFFE( _EQ121 $  GND, !_LC1_A2, GLOBAL(!Reset),  VCC,  VCC);
  _EQ121 =  WR &  wrCounter0~194 & !wrCounter1~194
         # !wrCounter0~194 &  wrCounter1~194
         # !WR &  wrCounter1~194;

-- Node name is ':114' = 'wrCounter2~194' 
-- Equation name is 'wrCounter2~194', location is LC1_B3, type is buried.
wrCounter2~194 = TFFE( _EQ122, !_LC1_A2, GLOBAL(!Reset),  VCC,  VCC);
  _EQ122 =  WR &  wrCounter0~194 &  wrCounter1~194;

-- Node name is '~3576~1' 
-- Equation name is '~3576~1', location is LC1_A2, type is buried.
-- synthesized logic cell 
_LC1_A2  = LCELL( _EQ123 $  GND);
  _EQ123 = !RD & !WR;



Project Information                         c:\max2work\fifolifo\fifo_code.rpt

** COMPILATION SETTINGS & TIMES **

Processing Menu Commands
------------------------

Design Doctor                             = off

Logic Synthesis:

   Synthesis Type Used                    = Multi-Level

   Default Synthesis Style                = NORMAL

      Logic option settings in 'NORMAL' style for 'MAX9000' family

      DECOMPOSE_GATES                     = on
      DUPLICATE_LOGIC_EXTRACTION          = on
      MINIMIZATION                        = full
      MULTI_LEVEL_FACTORING               = on
      NOT_GATE_PUSH_BACK                  = on
      PARALLEL_EXPANDERS                  = off
      REDUCE_LOGIC                        = on
      REFACTORIZATION                     = on
      REGISTER_OPTIMIZATION               = on
      RESYNTHESIZE_NETWORK                = on
      SLOW_SLEW_RATE                      = off
      SOFT_BUFFER_INSERTION               = on
      SUBFACTOR_EXTRACTION                = on
      TURBO_BIT                           = on
      XOR_SYNTHESIS                       = on
      IGNORE_SOFT_BUFFERS                 = off
      USE_LPM_FOR_AHDL_OPERATORS          = off

   Other logic synthesis settings:

      Automatic Global Clock              = on
      Automatic Global Clear              = on
      Automatic Global Preset             = on
      Automatic Global Output Enable      = on
      Automatic Fast I/O                  = off
      Automatic Register Packing          = off
      Automatic Open-Drain Pins           = on
      Automatic Implement in EAB          = off
      One-Hot State Machine Encoding      = off
      Optimize                            = 5

Default Timing Specifications: None

Cut All Bidir Feedback Timing Paths       = on
Cut All Clear & Preset Timing Paths       = on

Ignore Timing Assignments                 = off

Functional SNF Extractor                  = off

Linked SNF Extractor                      = off
Timing SNF Extractor                      = on
Optimize Timing SNF                       = off
Generate AHDL TDO File                    = off
Fitter Settings                           = NORMAL
Smart Recompile                           = off
Total Recompile                           = off

Interfaces Menu Commands
------------------------

EDIF Netlist Writer                       = off
Verilog Netlist Writer                    = off
VHDL Netlist Writer                       = off

Compilation Times
-----------------

   Compiler Netlist Extractor             00:00:00
   Database Builder                       00:00:00
   Logic Synthesizer                      00:00:00
   Partitioner                            00:00:00
   Fitter                                 00:00:00
   Timing SNF Extractor                   00:00:00
   Assembler                              00:00:00
   --------------------------             --------
   Total Time                             00:00:00


Memory Allocated
-----------------

Peak memory allocated during compilation  = 11,064K
